21:41:44 **** Build of configuration Debug for project Lab7 ****
make -j8 all 
Building file: ../startup/startup_stm32f0xx.S
Building file: ../src/main.c
Invoking: MCU GCC Compiler
Building file: ../src/syscalls.c
Invoking: MCU GCC Compiler
/home/shay/a/fu216/workspace/stm32f0_test/Lab7/Lab7/Debug
Building file: ../src/system_stm32f0xx.c
arm-none-eabi-gcc -mcpu=cortex-m0 -mthumb -mfloat-abi=soft -DSTM32 -DSTM32F0 -DSTM32F051R8Tx -DSTM32F0DISCOVERY -DDEBUG -DSTM32F051 -DUSE_STDPERIPH_DRIVER -I"/home/shay/a/fu216/workspace/stm32f0_test/Lab7/Lab7/Utilities" -I"/home/shay/a/fu216/workspace/stm32f0_test/Lab7/Lab7/StdPeriph_Driver/inc" -I"/home/shay/a/fu216/workspace/stm32f0_test/Lab7/Lab7/inc" -I"/home/shay/a/fu216/workspace/stm32f0_test/Lab7/Lab7/CMSIS/device" -I"/home/shay/a/fu216/workspace/stm32f0_test/Lab7/Lab7/CMSIS/core" -O0 -g3 -Wall -fmessage-length=0 -ffunction-sections -c -MMD -MP -MF"startup/startup_stm32f0xx.d" -MT"startup/startup_stm32f0xx.o" -o "startup/startup_stm32f0xx.o" "../startup/startup_stm32f0xx.S"
Invoking: MCU GCC Compiler
/home/shay/a/fu216/workspace/stm32f0_test/Lab7/Lab7/Debug
/home/shay/a/fu216/workspace/stm32f0_test/Lab7/Lab7/Debug
Invoking: MCU GCC Compiler
arm-none-eabi-gcc -mcpu=cortex-m0 -mthumb -mfloat-abi=soft -DSTM32 -DSTM32F0 -DSTM32F051R8Tx -DSTM32F0DISCOVERY -DDEBUG -DSTM32F051 -DUSE_STDPERIPH_DRIVER -I"/home/shay/a/fu216/workspace/stm32f0_test/Lab7/Lab7/Utilities" -I"/home/shay/a/fu216/workspace/stm32f0_test/Lab7/Lab7/StdPeriph_Driver/inc" -I"/home/shay/a/fu216/workspace/stm32f0_test/Lab7/Lab7/inc" -I"/home/shay/a/fu216/workspace/stm32f0_test/Lab7/Lab7/CMSIS/device" -I"/home/shay/a/fu216/workspace/stm32f0_test/Lab7/Lab7/CMSIS/core" -O0 -g3 -Wall -fmessage-length=0 -ffunction-sections -c -MMD -MP -MF"src/main.d" -MT"src/main.o" -o "src/main.o" "../src/main.c"
Building file: ../Utilities/stm32f0_discovery.c
arm-none-eabi-gcc -mcpu=cortex-m0 -mthumb -mfloat-abi=soft -DSTM32 -DSTM32F0 -DSTM32F051R8Tx -DSTM32F0DISCOVERY -DDEBUG -DSTM32F051 -DUSE_STDPERIPH_DRIVER -I"/home/shay/a/fu216/workspace/stm32f0_test/Lab7/Lab7/Utilities" -I"/home/shay/a/fu216/workspace/stm32f0_test/Lab7/Lab7/StdPeriph_Driver/inc" -I"/home/shay/a/fu216/workspace/stm32f0_test/Lab7/Lab7/inc" -I"/home/shay/a/fu216/workspace/stm32f0_test/Lab7/Lab7/CMSIS/device" -I"/home/shay/a/fu216/workspace/stm32f0_test/Lab7/Lab7/CMSIS/core" -O0 -g3 -Wall -fmessage-length=0 -ffunction-sections -c -MMD -MP -MF"src/syscalls.d" -MT"src/syscalls.o" -o "src/syscalls.o" "../src/syscalls.c"
/home/shay/a/fu216/workspace/stm32f0_test/Lab7/Lab7/Debug
arm-none-eabi-gcc -mcpu=cortex-m0 -mthumb -mfloat-abi=soft -DSTM32 -DSTM32F0 -DSTM32F051R8Tx -DSTM32F0DISCOVERY -DDEBUG -DSTM32F051 -DUSE_STDPERIPH_DRIVER -I"/home/shay/a/fu216/workspace/stm32f0_test/Lab7/Lab7/Utilities" -I"/home/shay/a/fu216/workspace/stm32f0_test/Lab7/Lab7/StdPeriph_Driver/inc" -I"/home/shay/a/fu216/workspace/stm32f0_test/Lab7/Lab7/inc" -I"/home/shay/a/fu216/workspace/stm32f0_test/Lab7/Lab7/CMSIS/device" -I"/home/shay/a/fu216/workspace/stm32f0_test/Lab7/Lab7/CMSIS/core" -O0 -g3 -Wall -fmessage-length=0 -ffunction-sections -c -MMD -MP -MF"src/system_stm32f0xx.d" -MT"src/system_stm32f0xx.o" -o "src/system_stm32f0xx.o" "../src/system_stm32f0xx.c"
Building file: ../StdPeriph_Driver/src/stm32f0xx_adc.c
Invoking: MCU GCC Compiler
Building file: ../StdPeriph_Driver/src/stm32f0xx_comp.c
/home/shay/a/fu216/workspace/stm32f0_test/Lab7/Lab7/Debug
arm-none-eabi-gcc -mcpu=cortex-m0 -mthumb -mfloat-abi=soft -DSTM32 -DSTM32F0 -DSTM32F051R8Tx -DSTM32F0DISCOVERY -DDEBUG -DSTM32F051 -DUSE_STDPERIPH_DRIVER -I"/home/shay/a/fu216/workspace/stm32f0_test/Lab7/Lab7/Utilities" -I"/home/shay/a/fu216/workspace/stm32f0_test/Lab7/Lab7/StdPeriph_Driver/inc" -I"/home/shay/a/fu216/workspace/stm32f0_test/Lab7/Lab7/inc" -I"/home/shay/a/fu216/workspace/stm32f0_test/Lab7/Lab7/CMSIS/device" -I"/home/shay/a/fu216/workspace/stm32f0_test/Lab7/Lab7/CMSIS/core" -O0 -g3 -Wall -fmessage-length=0 -ffunction-sections -c -MMD -MP -MF"Utilities/stm32f0_discovery.d" -MT"Utilities/stm32f0_discovery.o" -o "Utilities/stm32f0_discovery.o" "../Utilities/stm32f0_discovery.c"
Invoking: MCU GCC Compiler
Invoking: MCU GCC Compiler
/home/shay/a/fu216/workspace/stm32f0_test/Lab7/Lab7/Debug
arm-none-eabi-gcc -mcpu=cortex-m0 -mthumb -mfloat-abi=soft -DSTM32 -DSTM32F0 -DSTM32F051R8Tx -DSTM32F0DISCOVERY -DDEBUG -DSTM32F051 -DUSE_STDPERIPH_DRIVER -I"/home/shay/a/fu216/workspace/stm32f0_test/Lab7/Lab7/Utilities" -I"/home/shay/a/fu216/workspace/stm32f0_test/Lab7/Lab7/StdPeriph_Driver/inc" -I"/home/shay/a/fu216/workspace/stm32f0_test/Lab7/Lab7/inc" -I"/home/shay/a/fu216/workspace/stm32f0_test/Lab7/Lab7/CMSIS/device" -I"/home/shay/a/fu216/workspace/stm32f0_test/Lab7/Lab7/CMSIS/core" -O0 -g3 -Wall -fmessage-length=0 -ffunction-sections -c -MMD -MP -MF"StdPeriph_Driver/src/stm32f0xx_adc.d" -MT"StdPeriph_Driver/src/stm32f0xx_adc.o" -o "StdPeriph_Driver/src/stm32f0xx_adc.o" "../StdPeriph_Driver/src/stm32f0xx_adc.c"
Building file: ../StdPeriph_Driver/src/stm32f0xx_cec.c
/home/shay/a/fu216/workspace/stm32f0_test/Lab7/Lab7/Debug
arm-none-eabi-gcc -mcpu=cortex-m0 -mthumb -mfloat-abi=soft -DSTM32 -DSTM32F0 -DSTM32F051R8Tx -DSTM32F0DISCOVERY -DDEBUG -DSTM32F051 -DUSE_STDPERIPH_DRIVER -I"/home/shay/a/fu216/workspace/stm32f0_test/Lab7/Lab7/Utilities" -I"/home/shay/a/fu216/workspace/stm32f0_test/Lab7/Lab7/StdPeriph_Driver/inc" -I"/home/shay/a/fu216/workspace/stm32f0_test/Lab7/Lab7/inc" -I"/home/shay/a/fu216/workspace/stm32f0_test/Lab7/Lab7/CMSIS/device" -I"/home/shay/a/fu216/workspace/stm32f0_test/Lab7/Lab7/CMSIS/core" -O0 -g3 -Wall -fmessage-length=0 -ffunction-sections -c -MMD -MP -MF"StdPeriph_Driver/src/stm32f0xx_comp.d" -MT"StdPeriph_Driver/src/stm32f0xx_comp.o" -o "StdPeriph_Driver/src/stm32f0xx_comp.o" "../StdPeriph_Driver/src/stm32f0xx_comp.c"
Invoking: MCU GCC Compiler
/home/shay/a/fu216/workspace/stm32f0_test/Lab7/Lab7/Debug
arm-none-eabi-gcc -mcpu=cortex-m0 -mthumb -mfloat-abi=soft -DSTM32 -DSTM32F0 -DSTM32F051R8Tx -DSTM32F0DISCOVERY -DDEBUG -DSTM32F051 -DUSE_STDPERIPH_DRIVER -I"/home/shay/a/fu216/workspace/stm32f0_test/Lab7/Lab7/Utilities" -I"/home/shay/a/fu216/workspace/stm32f0_test/Lab7/Lab7/StdPeriph_Driver/inc" -I"/home/shay/a/fu216/workspace/stm32f0_test/Lab7/Lab7/inc" -I"/home/shay/a/fu216/workspace/stm32f0_test/Lab7/Lab7/CMSIS/device" -I"/home/shay/a/fu216/workspace/stm32f0_test/Lab7/Lab7/CMSIS/core" -O0 -g3 -Wall -fmessage-length=0 -ffunction-sections -c -MMD -MP -MF"StdPeriph_Driver/src/stm32f0xx_cec.d" -MT"StdPeriph_Driver/src/stm32f0xx_cec.o" -o "StdPeriph_Driver/src/stm32f0xx_cec.o" "../StdPeriph_Driver/src/stm32f0xx_cec.c"
Finished building: ../startup/startup_stm32f0xx.S
 
Building file: ../StdPeriph_Driver/src/stm32f0xx_crc.c
Invoking: MCU GCC Compiler
/home/shay/a/fu216/workspace/stm32f0_test/Lab7/Lab7/Debug
arm-none-eabi-gcc -mcpu=cortex-m0 -mthumb -mfloat-abi=soft -DSTM32 -DSTM32F0 -DSTM32F051R8Tx -DSTM32F0DISCOVERY -DDEBUG -DSTM32F051 -DUSE_STDPERIPH_DRIVER -I"/home/shay/a/fu216/workspace/stm32f0_test/Lab7/Lab7/Utilities" -I"/home/shay/a/fu216/workspace/stm32f0_test/Lab7/Lab7/StdPeriph_Driver/inc" -I"/home/shay/a/fu216/workspace/stm32f0_test/Lab7/Lab7/inc" -I"/home/shay/a/fu216/workspace/stm32f0_test/Lab7/Lab7/CMSIS/device" -I"/home/shay/a/fu216/workspace/stm32f0_test/Lab7/Lab7/CMSIS/core" -O0 -g3 -Wall -fmessage-length=0 -ffunction-sections -c -MMD -MP -MF"StdPeriph_Driver/src/stm32f0xx_crc.d" -MT"StdPeriph_Driver/src/stm32f0xx_crc.o" -o "StdPeriph_Driver/src/stm32f0xx_crc.o" "../StdPeriph_Driver/src/stm32f0xx_crc.c"
../src/system_stm32f0xx.c: In function 'SetSysClock':
../src/system_stm32f0xx.c:273:37: warning: unused variable 'HSEStatus' [-Wunused-variable]
   __IO uint32_t StartUpCounter = 0, HSEStatus = 0;
                                     ^~~~~~~~~
../src/system_stm32f0xx.c:273:17: warning: unused variable 'StartUpCounter' [-Wunused-variable]
   __IO uint32_t StartUpCounter = 0, HSEStatus = 0;
                 ^~~~~~~~~~~~~~
../src/main.c: In function 'get_key_pressed':
../src/main.c:19:12: warning: implicit declaration of function 'get_key_press'; did you mean 'get_key_pressed'? [-Wimplicit-function-declaration]
  int key = get_key_press();
            ^~~~~~~~~~~~~
            get_key_pressed
../src/main.c:20:15: warning: implicit declaration of function 'get_key_release'; did you mean 'get_key_pressed'? [-Wimplicit-function-declaration]
  while(key != get_key_release());
               ^~~~~~~~~~~~~~~
               get_key_pressed
../src/main.c: In function 'prob2':
../src/main.c:87:5: warning: implicit declaration of function 'setup_gpio' [-Wimplicit-function-declaration]
     setup_gpio();
     ^~~~~~~~~~
../src/main.c:88:5: warning: implicit declaration of function 'setup_pwm' [-Wimplicit-function-declaration]
     setup_pwm();
     ^~~~~~~~~
../src/main.c:121:9: warning: implicit declaration of function 'update_rgb' [-Wimplicit-function-declaration]
         update_rgb(r, g, b);
         ^~~~~~~~~~
../src/main.c:122:9: warning: implicit declaration of function 'usleep' [-Wimplicit-function-declaration]
         usleep(10000);
         ^~~~~~
../src/main.c: In function 'prob3':
../src/main.c:130:5: warning: implicit declaration of function 'init_keypad'; did you mean 'init_lcd'? [-Wimplicit-function-declaration]
     init_keypad();
     ^~~~~~~~~~~
     init_lcd
../src/main.c:131:5: warning: implicit declaration of function 'setup_timer6' [-Wimplicit-function-declaration]
     setup_timer6();
     ^~~~~~~~~~~~
../src/main.c: At top level:
../src/main.c:149:6: warning: conflicting types for 'setup_gpio'
 void setup_gpio() {
      ^~~~~~~~~~
../src/main.c:87:5: note: previous implicit declaration of 'setup_gpio' was here
     setup_gpio();
     ^~~~~~~~~~
../src/main.c:159:6: warning: conflicting types for 'setup_pwm'
 void setup_pwm() {
      ^~~~~~~~~
../src/main.c:88:5: note: previous implicit declaration of 'setup_pwm' was here
     setup_pwm();
     ^~~~~~~~~
../src/main.c:180:6: warning: conflicting types for 'update_rgb'
 void update_rgb(int r, int g, int b) {
      ^~~~~~~~~~
../src/main.c:121:9: note: previous implicit declaration of 'update_rgb' was here
         update_rgb(r, g, b);
         ^~~~~~~~~~
../src/main.c:192:6: warning: conflicting types for 'init_keypad'
 void init_keypad() {
      ^~~~~~~~~~~
../src/main.c:130:5: note: previous implicit declaration of 'init_keypad' was here
     init_keypad();
     ^~~~~~~~~~~
../src/main.c:200:6: warning: conflicting types for 'setup_timer6'
 void setup_timer6() {
      ^~~~~~~~~~~~
../src/main.c:131:5: note: previous implicit declaration of 'setup_timer6' was here
     setup_timer6();
     ^~~~~~~~~~~~
../src/main.c: In function 'prob4':
../src/main.c:236:11: warning: unused variable 'key' [-Wunused-variable]
      char key = get_char_key();
           ^~~
../src/main.c: In function 'get_key_press':
../src/main.c:208:1: warning: control reaches end of non-void function [-Wreturn-type]
 }
 ^
../src/main.c: In function 'get_key_release':
../src/main.c:213:1: warning: control reaches end of non-void function [-Wreturn-type]
 }
 ^
Finished building: ../Utilities/stm32f0_discovery.c
 
Building file: ../StdPeriph_Driver/src/stm32f0xx_dac.c
Finished building: ../src/system_stm32f0xx.c
Finished building: ../StdPeriph_Driver/src/stm32f0xx_adc.c
 
Invoking: MCU GCC Compiler
/home/shay/a/fu216/workspace/stm32f0_test/Lab7/Lab7/Debug
arm-none-eabi-gcc -mcpu=cortex-m0 -mthumb -mfloat-abi=soft -DSTM32 -DSTM32F0 -DSTM32F051R8Tx -DSTM32F0DISCOVERY -DDEBUG -DSTM32F051 -DUSE_STDPERIPH_DRIVER -I"/home/shay/a/fu216/workspace/stm32f0_test/Lab7/Lab7/Utilities" -I"/home/shay/a/fu216/workspace/stm32f0_test/Lab7/Lab7/StdPeriph_Driver/inc" -I"/home/shay/a/fu216/workspace/stm32f0_test/Lab7/Lab7/inc" -I"/home/shay/a/fu216/workspace/stm32f0_test/Lab7/Lab7/CMSIS/device" -I"/home/shay/a/fu216/workspace/stm32f0_test/Lab7/Lab7/CMSIS/core" -O0 -g3 -Wall -fmessage-length=0 -ffunction-sections -c -MMD -MP -MF"StdPeriph_Driver/src/stm32f0xx_dac.d" -MT"StdPeriph_Driver/src/stm32f0xx_dac.o" -o "StdPeriph_Driver/src/stm32f0xx_dac.o" "../StdPeriph_Driver/src/stm32f0xx_dac.c"
Finished building: ../src/main.c
Finished building: ../StdPeriph_Driver/src/stm32f0xx_comp.c
Building file: ../StdPeriph_Driver/src/stm32f0xx_dbgmcu.c
 
Invoking: MCU GCC Compiler
 
 
Building file: ../StdPeriph_Driver/src/stm32f0xx_exti.c
/home/shay/a/fu216/workspace/stm32f0_test/Lab7/Lab7/Debug
arm-none-eabi-gcc -mcpu=cortex-m0 -mthumb -mfloat-abi=soft -DSTM32 -DSTM32F0 -DSTM32F051R8Tx -DSTM32F0DISCOVERY -DDEBUG -DSTM32F051 -DUSE_STDPERIPH_DRIVER -I"/home/shay/a/fu216/workspace/stm32f0_test/Lab7/Lab7/Utilities" -I"/home/shay/a/fu216/workspace/stm32f0_test/Lab7/Lab7/StdPeriph_Driver/inc" -I"/home/shay/a/fu216/workspace/stm32f0_test/Lab7/Lab7/inc" -I"/home/shay/a/fu216/workspace/stm32f0_test/Lab7/Lab7/CMSIS/device" -I"/home/shay/a/fu216/workspace/stm32f0_test/Lab7/Lab7/CMSIS/core" -O0 -g3 -Wall -fmessage-length=0 -ffunction-sections -c -MMD -MP -MF"StdPeriph_Driver/src/stm32f0xx_dbgmcu.d" -MT"StdPeriph_Driver/src/stm32f0xx_dbgmcu.o" -o "StdPeriph_Driver/src/stm32f0xx_dbgmcu.o" "../StdPeriph_Driver/src/stm32f0xx_dbgmcu.c"
Building file: ../StdPeriph_Driver/src/stm32f0xx_flash.c
Invoking: MCU GCC Compiler
Finished building: ../StdPeriph_Driver/src/stm32f0xx_cec.c
/home/shay/a/fu216/workspace/stm32f0_test/Lab7/Lab7/Debug
arm-none-eabi-gcc -mcpu=cortex-m0 -mthumb -mfloat-abi=soft -DSTM32 -DSTM32F0 -DSTM32F051R8Tx -DSTM32F0DISCOVERY -DDEBUG -DSTM32F051 -DUSE_STDPERIPH_DRIVER -I"/home/shay/a/fu216/workspace/stm32f0_test/Lab7/Lab7/Utilities" -I"/home/shay/a/fu216/workspace/stm32f0_test/Lab7/Lab7/StdPeriph_Driver/inc" -I"/home/shay/a/fu216/workspace/stm32f0_test/Lab7/Lab7/inc" -I"/home/shay/a/fu216/workspace/stm32f0_test/Lab7/Lab7/CMSIS/device" -I"/home/shay/a/fu216/workspace/stm32f0_test/Lab7/Lab7/CMSIS/core" -O0 -g3 -Wall -fmessage-length=0 -ffunction-sections -c -MMD -MP -MF"StdPeriph_Driver/src/stm32f0xx_exti.d" -MT"StdPeriph_Driver/src/stm32f0xx_exti.o" -o "StdPeriph_Driver/src/stm32f0xx_exti.o" "../StdPeriph_Driver/src/stm32f0xx_exti.c"
 
Building file: ../StdPeriph_Driver/src/stm32f0xx_gpio.c
Building file: ../StdPeriph_Driver/src/stm32f0xx_dma.c
Invoking: MCU GCC Compiler
/home/shay/a/fu216/workspace/stm32f0_test/Lab7/Lab7/Debug
arm-none-eabi-gcc -mcpu=cortex-m0 -mthumb -mfloat-abi=soft -DSTM32 -DSTM32F0 -DSTM32F051R8Tx -DSTM32F0DISCOVERY -DDEBUG -DSTM32F051 -DUSE_STDPERIPH_DRIVER -I"/home/shay/a/fu216/workspace/stm32f0_test/Lab7/Lab7/Utilities" -I"/home/shay/a/fu216/workspace/stm32f0_test/Lab7/Lab7/StdPeriph_Driver/inc" -I"/home/shay/a/fu216/workspace/stm32f0_test/Lab7/Lab7/inc" -I"/home/shay/a/fu216/workspace/stm32f0_test/Lab7/Lab7/CMSIS/device" -I"/home/shay/a/fu216/workspace/stm32f0_test/Lab7/Lab7/CMSIS/core" -O0 -g3 -Wall -fmessage-length=0 -ffunction-sections -c -MMD -MP -MF"StdPeriph_Driver/src/stm32f0xx_dma.d" -MT"StdPeriph_Driver/src/stm32f0xx_dma.o" -o "StdPeriph_Driver/src/stm32f0xx_dma.o" "../StdPeriph_Driver/src/stm32f0xx_dma.c"
Invoking: MCU GCC Compiler
Invoking: MCU GCC Compiler
/home/shay/a/fu216/workspace/stm32f0_test/Lab7/Lab7/Debug
arm-none-eabi-gcc -mcpu=cortex-m0 -mthumb -mfloat-abi=soft -DSTM32 -DSTM32F0 -DSTM32F051R8Tx -DSTM32F0DISCOVERY -DDEBUG -DSTM32F051 -DUSE_STDPERIPH_DRIVER -I"/home/shay/a/fu216/workspace/stm32f0_test/Lab7/Lab7/Utilities" -I"/home/shay/a/fu216/workspace/stm32f0_test/Lab7/Lab7/StdPeriph_Driver/inc" -I"/home/shay/a/fu216/workspace/stm32f0_test/Lab7/Lab7/inc" -I"/home/shay/a/fu216/workspace/stm32f0_test/Lab7/Lab7/CMSIS/device" -I"/home/shay/a/fu216/workspace/stm32f0_test/Lab7/Lab7/CMSIS/core" -O0 -g3 -Wall -fmessage-length=0 -ffunction-sections -c -MMD -MP -MF"StdPeriph_Driver/src/stm32f0xx_flash.d" -MT"StdPeriph_Driver/src/stm32f0xx_flash.o" -o "StdPeriph_Driver/src/stm32f0xx_flash.o" "../StdPeriph_Driver/src/stm32f0xx_flash.c"
/home/shay/a/fu216/workspace/stm32f0_test/Lab7/Lab7/Debug
arm-none-eabi-gcc -mcpu=cortex-m0 -mthumb -mfloat-abi=soft -DSTM32 -DSTM32F0 -DSTM32F051R8Tx -DSTM32F0DISCOVERY -DDEBUG -DSTM32F051 -DUSE_STDPERIPH_DRIVER -I"/home/shay/a/fu216/workspace/stm32f0_test/Lab7/Lab7/Utilities" -I"/home/shay/a/fu216/workspace/stm32f0_test/Lab7/Lab7/StdPeriph_Driver/inc" -I"/home/shay/a/fu216/workspace/stm32f0_test/Lab7/Lab7/inc" -I"/home/shay/a/fu216/workspace/stm32f0_test/Lab7/Lab7/CMSIS/device" -I"/home/shay/a/fu216/workspace/stm32f0_test/Lab7/Lab7/CMSIS/core" -O0 -g3 -Wall -fmessage-length=0 -ffunction-sections -c -MMD -MP -MF"StdPeriph_Driver/src/stm32f0xx_gpio.d" -MT"StdPeriph_Driver/src/stm32f0xx_gpio.o" -o "StdPeriph_Driver/src/stm32f0xx_gpio.o" "../StdPeriph_Driver/src/stm32f0xx_gpio.c"
Finished building: ../src/syscalls.c
 
Building file: ../StdPeriph_Driver/src/stm32f0xx_i2c.c
Invoking: MCU GCC Compiler
/home/shay/a/fu216/workspace/stm32f0_test/Lab7/Lab7/Debug
arm-none-eabi-gcc -mcpu=cortex-m0 -mthumb -mfloat-abi=soft -DSTM32 -DSTM32F0 -DSTM32F051R8Tx -DSTM32F0DISCOVERY -DDEBUG -DSTM32F051 -DUSE_STDPERIPH_DRIVER -I"/home/shay/a/fu216/workspace/stm32f0_test/Lab7/Lab7/Utilities" -I"/home/shay/a/fu216/workspace/stm32f0_test/Lab7/Lab7/StdPeriph_Driver/inc" -I"/home/shay/a/fu216/workspace/stm32f0_test/Lab7/Lab7/inc" -I"/home/shay/a/fu216/workspace/stm32f0_test/Lab7/Lab7/CMSIS/device" -I"/home/shay/a/fu216/workspace/stm32f0_test/Lab7/Lab7/CMSIS/core" -O0 -g3 -Wall -fmessage-length=0 -ffunction-sections -c -MMD -MP -MF"StdPeriph_Driver/src/stm32f0xx_i2c.d" -MT"StdPeriph_Driver/src/stm32f0xx_i2c.o" -o "StdPeriph_Driver/src/stm32f0xx_i2c.o" "../StdPeriph_Driver/src/stm32f0xx_i2c.c"
Finished building: ../StdPeriph_Driver/src/stm32f0xx_crc.c
 
Building file: ../StdPeriph_Driver/src/stm32f0xx_iwdg.c
Invoking: MCU GCC Compiler
Finished building: ../StdPeriph_Driver/src/stm32f0xx_exti.c
/home/shay/a/fu216/workspace/stm32f0_test/Lab7/Lab7/Debug
 
arm-none-eabi-gcc -mcpu=cortex-m0 -mthumb -mfloat-abi=soft -DSTM32 -DSTM32F0 -DSTM32F051R8Tx -DSTM32F0DISCOVERY -DDEBUG -DSTM32F051 -DUSE_STDPERIPH_DRIVER -I"/home/shay/a/fu216/workspace/stm32f0_test/Lab7/Lab7/Utilities" -I"/home/shay/a/fu216/workspace/stm32f0_test/Lab7/Lab7/StdPeriph_Driver/inc" -I"/home/shay/a/fu216/workspace/stm32f0_test/Lab7/Lab7/inc" -I"/home/shay/a/fu216/workspace/stm32f0_test/Lab7/Lab7/CMSIS/device" -I"/home/shay/a/fu216/workspace/stm32f0_test/Lab7/Lab7/CMSIS/core" -O0 -g3 -Wall -fmessage-length=0 -ffunction-sections -c -MMD -MP -MF"StdPeriph_Driver/src/stm32f0xx_iwdg.d" -MT"StdPeriph_Driver/src/stm32f0xx_iwdg.o" -o "StdPeriph_Driver/src/stm32f0xx_iwdg.o" "../StdPeriph_Driver/src/stm32f0xx_iwdg.c"
Building file: ../StdPeriph_Driver/src/stm32f0xx_misc.c
Finished building: ../StdPeriph_Driver/src/stm32f0xx_dac.c
Invoking: MCU GCC Compiler
 
/home/shay/a/fu216/workspace/stm32f0_test/Lab7/Lab7/Debug
Building file: ../StdPeriph_Driver/src/stm32f0xx_pwr.c
arm-none-eabi-gcc -mcpu=cortex-m0 -mthumb -mfloat-abi=soft -DSTM32 -DSTM32F0 -DSTM32F051R8Tx -DSTM32F0DISCOVERY -DDEBUG -DSTM32F051 -DUSE_STDPERIPH_DRIVER -I"/home/shay/a/fu216/workspace/stm32f0_test/Lab7/Lab7/Utilities" -I"/home/shay/a/fu216/workspace/stm32f0_test/Lab7/Lab7/StdPeriph_Driver/inc" -I"/home/shay/a/fu216/workspace/stm32f0_test/Lab7/Lab7/inc" -I"/home/shay/a/fu216/workspace/stm32f0_test/Lab7/Lab7/CMSIS/device" -I"/home/shay/a/fu216/workspace/stm32f0_test/Lab7/Lab7/CMSIS/core" -O0 -g3 -Wall -fmessage-length=0 -ffunction-sections -c -MMD -MP -MF"StdPeriph_Driver/src/stm32f0xx_misc.d" -MT"StdPeriph_Driver/src/stm32f0xx_misc.o" -o "StdPeriph_Driver/src/stm32f0xx_misc.o" "../StdPeriph_Driver/src/stm32f0xx_misc.c"
Finished building: ../StdPeriph_Driver/src/stm32f0xx_dbgmcu.c
Invoking: MCU GCC Compiler
 
/home/shay/a/fu216/workspace/stm32f0_test/Lab7/Lab7/Debug
Building file: ../StdPeriph_Driver/src/stm32f0xx_rcc.c
arm-none-eabi-gcc -mcpu=cortex-m0 -mthumb -mfloat-abi=soft -DSTM32 -DSTM32F0 -DSTM32F051R8Tx -DSTM32F0DISCOVERY -DDEBUG -DSTM32F051 -DUSE_STDPERIPH_DRIVER -I"/home/shay/a/fu216/workspace/stm32f0_test/Lab7/Lab7/Utilities" -I"/home/shay/a/fu216/workspace/stm32f0_test/Lab7/Lab7/StdPeriph_Driver/inc" -I"/home/shay/a/fu216/workspace/stm32f0_test/Lab7/Lab7/inc" -I"/home/shay/a/fu216/workspace/stm32f0_test/Lab7/Lab7/CMSIS/device" -I"/home/shay/a/fu216/workspace/stm32f0_test/Lab7/Lab7/CMSIS/core" -O0 -g3 -Wall -fmessage-length=0 -ffunction-sections -c -MMD -MP -MF"StdPeriph_Driver/src/stm32f0xx_pwr.d" -MT"StdPeriph_Driver/src/stm32f0xx_pwr.o" -o "StdPeriph_Driver/src/stm32f0xx_pwr.o" "../StdPeriph_Driver/src/stm32f0xx_pwr.c"
Invoking: MCU GCC Compiler
/home/shay/a/fu216/workspace/stm32f0_test/Lab7/Lab7/Debug
arm-none-eabi-gcc -mcpu=cortex-m0 -mthumb -mfloat-abi=soft -DSTM32 -DSTM32F0 -DSTM32F051R8Tx -DSTM32F0DISCOVERY -DDEBUG -DSTM32F051 -DUSE_STDPERIPH_DRIVER -I"/home/shay/a/fu216/workspace/stm32f0_test/Lab7/Lab7/Utilities" -I"/home/shay/a/fu216/workspace/stm32f0_test/Lab7/Lab7/StdPeriph_Driver/inc" -I"/home/shay/a/fu216/workspace/stm32f0_test/Lab7/Lab7/inc" -I"/home/shay/a/fu216/workspace/stm32f0_test/Lab7/Lab7/CMSIS/device" -I"/home/shay/a/fu216/workspace/stm32f0_test/Lab7/Lab7/CMSIS/core" -O0 -g3 -Wall -fmessage-length=0 -ffunction-sections -c -MMD -MP -MF"StdPeriph_Driver/src/stm32f0xx_rcc.d" -MT"StdPeriph_Driver/src/stm32f0xx_rcc.o" -o "StdPeriph_Driver/src/stm32f0xx_rcc.o" "../StdPeriph_Driver/src/stm32f0xx_rcc.c"
Finished building: ../StdPeriph_Driver/src/stm32f0xx_dma.c
 
Building file: ../StdPeriph_Driver/src/stm32f0xx_rtc.c
Invoking: MCU GCC Compiler
Finished building: ../StdPeriph_Driver/src/stm32f0xx_gpio.c
/home/shay/a/fu216/workspace/stm32f0_test/Lab7/Lab7/Debug
arm-none-eabi-gcc -mcpu=cortex-m0 -mthumb -mfloat-abi=soft -DSTM32 -DSTM32F0 -DSTM32F051R8Tx -DSTM32F0DISCOVERY -DDEBUG -DSTM32F051 -DUSE_STDPERIPH_DRIVER -I"/home/shay/a/fu216/workspace/stm32f0_test/Lab7/Lab7/Utilities" -I"/home/shay/a/fu216/workspace/stm32f0_test/Lab7/Lab7/StdPeriph_Driver/inc" -I"/home/shay/a/fu216/workspace/stm32f0_test/Lab7/Lab7/inc" -I"/home/shay/a/fu216/workspace/stm32f0_test/Lab7/Lab7/CMSIS/device" -I"/home/shay/a/fu216/workspace/stm32f0_test/Lab7/Lab7/CMSIS/core" -O0 -g3 -Wall -fmessage-length=0 -ffunction-sections -c -MMD -MP -MF"StdPeriph_Driver/src/stm32f0xx_rtc.d" -MT"StdPeriph_Driver/src/stm32f0xx_rtc.o" -o "StdPeriph_Driver/src/stm32f0xx_rtc.o" "../StdPeriph_Driver/src/stm32f0xx_rtc.c"
 
Building file: ../StdPeriph_Driver/src/stm32f0xx_spi.c
Invoking: MCU GCC Compiler
/home/shay/a/fu216/workspace/stm32f0_test/Lab7/Lab7/Debug
arm-none-eabi-gcc -mcpu=cortex-m0 -mthumb -mfloat-abi=soft -DSTM32 -DSTM32F0 -DSTM32F051R8Tx -DSTM32F0DISCOVERY -DDEBUG -DSTM32F051 -DUSE_STDPERIPH_DRIVER -I"/home/shay/a/fu216/workspace/stm32f0_test/Lab7/Lab7/Utilities" -I"/home/shay/a/fu216/workspace/stm32f0_test/Lab7/Lab7/StdPeriph_Driver/inc" -I"/home/shay/a/fu216/workspace/stm32f0_test/Lab7/Lab7/inc" -I"/home/shay/a/fu216/workspace/stm32f0_test/Lab7/Lab7/CMSIS/device" -I"/home/shay/a/fu216/workspace/stm32f0_test/Lab7/Lab7/CMSIS/core" -O0 -g3 -Wall -fmessage-length=0 -ffunction-sections -c -MMD -MP -MF"StdPeriph_Driver/src/stm32f0xx_spi.d" -MT"StdPeriph_Driver/src/stm32f0xx_spi.o" -o "StdPeriph_Driver/src/stm32f0xx_spi.o" "../StdPeriph_Driver/src/stm32f0xx_spi.c"
Finished building: ../StdPeriph_Driver/src/stm32f0xx_i2c.c
 
Building file: ../StdPeriph_Driver/src/stm32f0xx_syscfg.c
Invoking: MCU GCC Compiler
/home/shay/a/fu216/workspace/stm32f0_test/Lab7/Lab7/Debug
Finished building: ../StdPeriph_Driver/src/stm32f0xx_flash.c
arm-none-eabi-gcc -mcpu=cortex-m0 -mthumb -mfloat-abi=soft -DSTM32 -DSTM32F0 -DSTM32F051R8Tx -DSTM32F0DISCOVERY -DDEBUG -DSTM32F051 -DUSE_STDPERIPH_DRIVER -I"/home/shay/a/fu216/workspace/stm32f0_test/Lab7/Lab7/Utilities" -I"/home/shay/a/fu216/workspace/stm32f0_test/Lab7/Lab7/StdPeriph_Driver/inc" -I"/home/shay/a/fu216/workspace/stm32f0_test/Lab7/Lab7/inc" -I"/home/shay/a/fu216/workspace/stm32f0_test/Lab7/Lab7/CMSIS/device" -I"/home/shay/a/fu216/workspace/stm32f0_test/Lab7/Lab7/CMSIS/core" -O0 -g3 -Wall -fmessage-length=0 -ffunction-sections -c -MMD -MP -MF"StdPeriph_Driver/src/stm32f0xx_syscfg.d" -MT"StdPeriph_Driver/src/stm32f0xx_syscfg.o" -o "StdPeriph_Driver/src/stm32f0xx_syscfg.o" "../StdPeriph_Driver/src/stm32f0xx_syscfg.c"
 
Building file: ../StdPeriph_Driver/src/stm32f0xx_tim.c
Finished building: ../StdPeriph_Driver/src/stm32f0xx_misc.c
Invoking: MCU GCC Compiler
 
Building file: ../StdPeriph_Driver/src/stm32f0xx_usart.c
Invoking: MCU GCC Compiler
/home/shay/a/fu216/workspace/stm32f0_test/Lab7/Lab7/Debug
arm-none-eabi-gcc -mcpu=cortex-m0 -mthumb -mfloat-abi=soft -DSTM32 -DSTM32F0 -DSTM32F051R8Tx -DSTM32F0DISCOVERY -DDEBUG -DSTM32F051 -DUSE_STDPERIPH_DRIVER -I"/home/shay/a/fu216/workspace/stm32f0_test/Lab7/Lab7/Utilities" -I"/home/shay/a/fu216/workspace/stm32f0_test/Lab7/Lab7/StdPeriph_Driver/inc" -I"/home/shay/a/fu216/workspace/stm32f0_test/Lab7/Lab7/inc" -I"/home/shay/a/fu216/workspace/stm32f0_test/Lab7/Lab7/CMSIS/device" -I"/home/shay/a/fu216/workspace/stm32f0_test/Lab7/Lab7/CMSIS/core" -O0 -g3 -Wall -fmessage-length=0 -ffunction-sections -c -MMD -MP -MF"StdPeriph_Driver/src/stm32f0xx_usart.d" -MT"StdPeriph_Driver/src/stm32f0xx_usart.o" -o "StdPeriph_Driver/src/stm32f0xx_usart.o" "../StdPeriph_Driver/src/stm32f0xx_usart.c"
Finished building: ../StdPeriph_Driver/src/stm32f0xx_iwdg.c
/home/shay/a/fu216/workspace/stm32f0_test/Lab7/Lab7/Debug
arm-none-eabi-gcc -mcpu=cortex-m0 -mthumb -mfloat-abi=soft -DSTM32 -DSTM32F0 -DSTM32F051R8Tx -DSTM32F0DISCOVERY -DDEBUG -DSTM32F051 -DUSE_STDPERIPH_DRIVER -I"/home/shay/a/fu216/workspace/stm32f0_test/Lab7/Lab7/Utilities" -I"/home/shay/a/fu216/workspace/stm32f0_test/Lab7/Lab7/StdPeriph_Driver/inc" -I"/home/shay/a/fu216/workspace/stm32f0_test/Lab7/Lab7/inc" -I"/home/shay/a/fu216/workspace/stm32f0_test/Lab7/Lab7/CMSIS/device" -I"/home/shay/a/fu216/workspace/stm32f0_test/Lab7/Lab7/CMSIS/core" -O0 -g3 -Wall -fmessage-length=0 -ffunction-sections -c -MMD -MP -MF"StdPeriph_Driver/src/stm32f0xx_tim.d" -MT"StdPeriph_Driver/src/stm32f0xx_tim.o" -o "StdPeriph_Driver/src/stm32f0xx_tim.o" "../StdPeriph_Driver/src/stm32f0xx_tim.c"
Finished building: ../StdPeriph_Driver/src/stm32f0xx_pwr.c
 
Building file: ../StdPeriph_Driver/src/stm32f0xx_wwdg.c
 
Invoking: MCU GCC Compiler
Finished building: ../StdPeriph_Driver/src/stm32f0xx_rcc.c
/home/shay/a/fu216/workspace/stm32f0_test/Lab7/Lab7/Debug
 
arm-none-eabi-gcc -mcpu=cortex-m0 -mthumb -mfloat-abi=soft -DSTM32 -DSTM32F0 -DSTM32F051R8Tx -DSTM32F0DISCOVERY -DDEBUG -DSTM32F051 -DUSE_STDPERIPH_DRIVER -I"/home/shay/a/fu216/workspace/stm32f0_test/Lab7/Lab7/Utilities" -I"/home/shay/a/fu216/workspace/stm32f0_test/Lab7/Lab7/StdPeriph_Driver/inc" -I"/home/shay/a/fu216/workspace/stm32f0_test/Lab7/Lab7/inc" -I"/home/shay/a/fu216/workspace/stm32f0_test/Lab7/Lab7/CMSIS/device" -I"/home/shay/a/fu216/workspace/stm32f0_test/Lab7/Lab7/CMSIS/core" -O0 -g3 -Wall -fmessage-length=0 -ffunction-sections -c -MMD -MP -MF"StdPeriph_Driver/src/stm32f0xx_wwdg.d" -MT"StdPeriph_Driver/src/stm32f0xx_wwdg.o" -o "StdPeriph_Driver/src/stm32f0xx_wwdg.o" "../StdPeriph_Driver/src/stm32f0xx_wwdg.c"
../StdPeriph_Driver/src/stm32f0xx_rtc.c: In function 'RTC_DeInit':
../StdPeriph_Driver/src/stm32f0xx_rtc.c:311:17: warning: unused variable 'wutcounter' [-Wunused-variable]
   __IO uint32_t wutcounter = 0x00;
                 ^~~~~~~~~~
Finished building: ../StdPeriph_Driver/src/stm32f0xx_syscfg.c
 
Finished building: ../StdPeriph_Driver/src/stm32f0xx_wwdg.c
 
Finished building: ../StdPeriph_Driver/src/stm32f0xx_spi.c
 
Finished building: ../StdPeriph_Driver/src/stm32f0xx_rtc.c
 
Finished building: ../StdPeriph_Driver/src/stm32f0xx_usart.c
 
Finished building: ../StdPeriph_Driver/src/stm32f0xx_tim.c
 
Building target: Lab7.elf
Invoking: MCU GCC Linker
arm-none-eabi-gcc -mcpu=cortex-m0 -mthumb -mfloat-abi=soft -T"/home/shay/a/fu216/workspace/stm32f0_test/Lab7/Lab7/LinkerScript.ld" -Wl,-Map=output.map -Wl,--gc-sections -o "Lab7.elf" @"objects.list" /home/shay/a/fu216/workspace/stm32f0_test/Lab7/Lab7/src/lcd_driver.o  -lm
Finished building target: Lab7.elf
 
make --no-print-directory post-build
Generating binary and Printing size information:
arm-none-eabi-objcopy -O binary "Lab7.elf" "Lab7.bin"
arm-none-eabi-size "Lab7.elf"
   text	   data	    bss	    dec	    hex	filename
   2984	   1144	    228	   4356	   1104	Lab7.elf
 
21:41:50 **** Incremental Build of configuration Debug for project Lab7 ****
make -j8 all 
make: Nothing to be done for 'all'.
21:50:57 **** Incremental Build of configuration Debug for project Lab7 ****
make -j8 all 
make: Nothing to be done for 'all'.
14:43:17 **** Build of configuration Debug for project Lab7 ****
make -j8 all 
Building file: ../src/main.c
Invoking: MCU GCC Compiler
/home/shay/a/fu216/workspace/stm32f0_test/Lab7/Lab7/Debug
arm-none-eabi-gcc -mcpu=cortex-m0 -mthumb -mfloat-abi=soft -DSTM32 -DSTM32F0 -DSTM32F051R8Tx -DSTM32F0DISCOVERY -DDEBUG -DSTM32F051 -DUSE_STDPERIPH_DRIVER -I"/home/shay/a/fu216/workspace/stm32f0_test/Lab7/Lab7/Utilities" -I"/home/shay/a/fu216/workspace/stm32f0_test/Lab7/Lab7/StdPeriph_Driver/inc" -I"/home/shay/a/fu216/workspace/stm32f0_test/Lab7/Lab7/inc" -I"/home/shay/a/fu216/workspace/stm32f0_test/Lab7/Lab7/CMSIS/device" -I"/home/shay/a/fu216/workspace/stm32f0_test/Lab7/Lab7/CMSIS/core" -O0 -g3 -Wall -fmessage-length=0 -ffunction-sections -c -MMD -MP -MF"src/main.d" -MT"src/main.o" -o "src/main.o" "../src/main.c"
../src/main.c: In function 'get_key_pressed':
../src/main.c:19:12: warning: implicit declaration of function 'get_key_press'; did you mean 'get_key_pressed'? [-Wimplicit-function-declaration]
  int key = get_key_press();
            ^~~~~~~~~~~~~
            get_key_pressed
../src/main.c:20:15: warning: implicit declaration of function 'get_key_release'; did you mean 'get_key_pressed'? [-Wimplicit-function-declaration]
  while(key != get_key_release());
               ^~~~~~~~~~~~~~~
               get_key_pressed
../src/main.c: In function 'prob2':
../src/main.c:87:5: warning: implicit declaration of function 'setup_gpio' [-Wimplicit-function-declaration]
     setup_gpio();
     ^~~~~~~~~~
../src/main.c:88:5: warning: implicit declaration of function 'setup_pwm' [-Wimplicit-function-declaration]
     setup_pwm();
     ^~~~~~~~~
../src/main.c:121:9: warning: implicit declaration of function 'update_rgb' [-Wimplicit-function-declaration]
         update_rgb(r, g, b);
         ^~~~~~~~~~
../src/main.c:122:9: warning: implicit declaration of function 'usleep' [-Wimplicit-function-declaration]
         usleep(10000);
         ^~~~~~
../src/main.c: In function 'prob3':
../src/main.c:130:5: warning: implicit declaration of function 'init_keypad'; did you mean 'init_lcd'? [-Wimplicit-function-declaration]
     init_keypad();
     ^~~~~~~~~~~
     init_lcd
../src/main.c:131:5: warning: implicit declaration of function 'setup_timer6' [-Wimplicit-function-declaration]
     setup_timer6();
     ^~~~~~~~~~~~
../src/main.c: At top level:
../src/main.c:149:6: warning: conflicting types for 'setup_gpio'
 void setup_gpio() {
      ^~~~~~~~~~
../src/main.c:87:5: note: previous implicit declaration of 'setup_gpio' was here
     setup_gpio();
     ^~~~~~~~~~
../src/main.c:163:6: warning: conflicting types for 'setup_pwm'
 void setup_pwm() {
      ^~~~~~~~~
../src/main.c:88:5: note: previous implicit declaration of 'setup_pwm' was here
     setup_pwm();
     ^~~~~~~~~
../src/main.c:184:6: warning: conflicting types for 'update_rgb'
 void update_rgb(int r, int g, int b) {
      ^~~~~~~~~~
../src/main.c:121:9: note: previous implicit declaration of 'update_rgb' was here
         update_rgb(r, g, b);
         ^~~~~~~~~~
../src/main.c:196:6: warning: conflicting types for 'init_keypad'
 void init_keypad() {
      ^~~~~~~~~~~
../src/main.c:130:5: note: previous implicit declaration of 'init_keypad' was here
     init_keypad();
     ^~~~~~~~~~~
../src/main.c:204:6: warning: conflicting types for 'setup_timer6'
 void setup_timer6() {
      ^~~~~~~~~~~~
../src/main.c:131:5: note: previous implicit declaration of 'setup_timer6' was here
     setup_timer6();
     ^~~~~~~~~~~~
../src/main.c: In function 'prob4':
../src/main.c:240:11: warning: unused variable 'key' [-Wunused-variable]
      char key = get_char_key();
           ^~~
../src/main.c: In function 'get_key_press':
../src/main.c:212:1: warning: control reaches end of non-void function [-Wreturn-type]
 }
 ^
../src/main.c: In function 'get_key_release':
../src/main.c:217:1: warning: control reaches end of non-void function [-Wreturn-type]
 }
 ^
Finished building: ../src/main.c
 
Building target: Lab7.elf
Invoking: MCU GCC Linker
arm-none-eabi-gcc -mcpu=cortex-m0 -mthumb -mfloat-abi=soft -T"/home/shay/a/fu216/workspace/stm32f0_test/Lab7/Lab7/LinkerScript.ld" -Wl,-Map=output.map -Wl,--gc-sections -o "Lab7.elf" @"objects.list" /home/shay/a/fu216/workspace/stm32f0_test/Lab7/Lab7/src/lcd_driver.o  -lm
Finished building target: Lab7.elf
 
make --no-print-directory post-build
Generating binary and Printing size information:
arm-none-eabi-objcopy -O binary "Lab7.elf" "Lab7.bin"
arm-none-eabi-size "Lab7.elf"
   text	   data	    bss	    dec	    hex	filename
   2984	   1144	    228	   4356	   1104	Lab7.elf
 
15:23:00 **** Incremental Build of configuration Debug for project Lab7 ****
make -j8 all 
Building file: ../src/main.c
Invoking: MCU GCC Compiler
/home/shay/a/fu216/workspace/stm32f0_test/Lab7/Lab7/Debug
arm-none-eabi-gcc -mcpu=cortex-m0 -mthumb -mfloat-abi=soft -DSTM32 -DSTM32F0 -DSTM32F051R8Tx -DSTM32F0DISCOVERY -DDEBUG -DSTM32F051 -DUSE_STDPERIPH_DRIVER -I"/home/shay/a/fu216/workspace/stm32f0_test/Lab7/Lab7/Utilities" -I"/home/shay/a/fu216/workspace/stm32f0_test/Lab7/Lab7/StdPeriph_Driver/inc" -I"/home/shay/a/fu216/workspace/stm32f0_test/Lab7/Lab7/inc" -I"/home/shay/a/fu216/workspace/stm32f0_test/Lab7/Lab7/CMSIS/device" -I"/home/shay/a/fu216/workspace/stm32f0_test/Lab7/Lab7/CMSIS/core" -O0 -g3 -Wall -fmessage-length=0 -ffunction-sections -c -MMD -MP -MF"src/main.d" -MT"src/main.o" -o "src/main.o" "../src/main.c"
../src/main.c: In function 'get_key_pressed':
../src/main.c:19:12: warning: implicit declaration of function 'get_key_press'; did you mean 'get_key_pressed'? [-Wimplicit-function-declaration]
  int key = get_key_press();
            ^~~~~~~~~~~~~
            get_key_pressed
../src/main.c:20:15: warning: implicit declaration of function 'get_key_release'; did you mean 'get_key_pressed'? [-Wimplicit-function-declaration]
  while(key != get_key_release());
               ^~~~~~~~~~~~~~~
               get_key_pressed
../src/main.c: In function 'prob2':
../src/main.c:87:5: warning: implicit declaration of function 'setup_gpio' [-Wimplicit-function-declaration]
     setup_gpio();
     ^~~~~~~~~~
../src/main.c:88:5: warning: implicit declaration of function 'setup_pwm' [-Wimplicit-function-declaration]
     setup_pwm();
     ^~~~~~~~~
../src/main.c:121:9: warning: implicit declaration of function 'update_rgb' [-Wimplicit-function-declaration]
         update_rgb(r, g, b);
         ^~~~~~~~~~
../src/main.c:122:9: warning: implicit declaration of function 'usleep' [-Wimplicit-function-declaration]
         usleep(10000);
         ^~~~~~
../src/main.c: In function 'prob3':
../src/main.c:130:5: warning: implicit declaration of function 'init_keypad'; did you mean 'init_lcd'? [-Wimplicit-function-declaration]
     init_keypad();
     ^~~~~~~~~~~
     init_lcd
../src/main.c:131:5: warning: implicit declaration of function 'setup_timer6' [-Wimplicit-function-declaration]
     setup_timer6();
     ^~~~~~~~~~~~
../src/main.c: At top level:
../src/main.c:149:6: warning: conflicting types for 'setup_gpio'
 void setup_gpio() {
      ^~~~~~~~~~
../src/main.c:87:5: note: previous implicit declaration of 'setup_gpio' was here
     setup_gpio();
     ^~~~~~~~~~
../src/main.c:162:6: warning: conflicting types for 'setup_pwm'
 void setup_pwm() {
      ^~~~~~~~~
../src/main.c:88:5: note: previous implicit declaration of 'setup_pwm' was here
     setup_pwm();
     ^~~~~~~~~
../src/main.c: In function 'setup_pwm':
../src/main.c:167:2: error: 'kk' undeclared (first use in this function)
  kk
  ^~
../src/main.c:167:2: note: each undeclared identifier is reported only once for each function it appears in
../src/main.c:169:1: error: expected ';' before '}' token
 }
 ^
../src/main.c: At top level:
../src/main.c:188:6: warning: conflicting types for 'update_rgb'
 void update_rgb(int r, int g, int b) {
src/subdir.mk:27: recipe for target 'src/main.o' failed
      ^~~~~~~~~~
../src/main.c:121:9: note: previous implicit declaration of 'update_rgb' was here
         update_rgb(r, g, b);
         ^~~~~~~~~~
../src/main.c:200:6: warning: conflicting types for 'init_keypad'
 void init_keypad() {
      ^~~~~~~~~~~
../src/main.c:130:5: note: previous implicit declaration of 'init_keypad' was here
     init_keypad();
     ^~~~~~~~~~~
../src/main.c:208:6: warning: conflicting types for 'setup_timer6'
 void setup_timer6() {
      ^~~~~~~~~~~~
../src/main.c:131:5: note: previous implicit declaration of 'setup_timer6' was here
     setup_timer6();
     ^~~~~~~~~~~~
../src/main.c: In function 'prob4':
../src/main.c:244:11: warning: unused variable 'key' [-Wunused-variable]
      char key = get_char_key();
           ^~~
../src/main.c: In function 'get_key_press':
../src/main.c:216:1: warning: control reaches end of non-void function [-Wreturn-type]
 }
 ^
../src/main.c: In function 'get_key_release':
../src/main.c:221:1: warning: control reaches end of non-void function [-Wreturn-type]
 }
 ^
make: *** [src/main.o] Error 1
15:23:08 **** Incremental Build of configuration Debug for project Lab7 ****
make -j8 all 
Building file: ../src/main.c
Invoking: MCU GCC Compiler
/home/shay/a/fu216/workspace/stm32f0_test/Lab7/Lab7/Debug
arm-none-eabi-gcc -mcpu=cortex-m0 -mthumb -mfloat-abi=soft -DSTM32 -DSTM32F0 -DSTM32F051R8Tx -DSTM32F0DISCOVERY -DDEBUG -DSTM32F051 -DUSE_STDPERIPH_DRIVER -I"/home/shay/a/fu216/workspace/stm32f0_test/Lab7/Lab7/Utilities" -I"/home/shay/a/fu216/workspace/stm32f0_test/Lab7/Lab7/StdPeriph_Driver/inc" -I"/home/shay/a/fu216/workspace/stm32f0_test/Lab7/Lab7/inc" -I"/home/shay/a/fu216/workspace/stm32f0_test/Lab7/Lab7/CMSIS/device" -I"/home/shay/a/fu216/workspace/stm32f0_test/Lab7/Lab7/CMSIS/core" -O0 -g3 -Wall -fmessage-length=0 -ffunction-sections -c -MMD -MP -MF"src/main.d" -MT"src/main.o" -o "src/main.o" "../src/main.c"
../src/main.c: In function 'get_key_pressed':
../src/main.c:19:12: warning: implicit declaration of function 'get_key_press'; did you mean 'get_key_pressed'? [-Wimplicit-function-declaration]
  int key = get_key_press();
            ^~~~~~~~~~~~~
            get_key_pressed
../src/main.c:20:15: warning: implicit declaration of function 'get_key_release'; did you mean 'get_key_pressed'? [-Wimplicit-function-declaration]
  while(key != get_key_release());
               ^~~~~~~~~~~~~~~
               get_key_pressed
../src/main.c: In function 'prob2':
../src/main.c:87:5: warning: implicit declaration of function 'setup_gpio' [-Wimplicit-function-declaration]
     setup_gpio();
     ^~~~~~~~~~
../src/main.c:88:5: warning: implicit declaration of function 'setup_pwm' [-Wimplicit-function-declaration]
     setup_pwm();
     ^~~~~~~~~
../src/main.c:121:9: warning: implicit declaration of function 'update_rgb' [-Wimplicit-function-declaration]
         update_rgb(r, g, b);
         ^~~~~~~~~~
../src/main.c:122:9: warning: implicit declaration of function 'usleep' [-Wimplicit-function-declaration]
         usleep(10000);
         ^~~~~~
../src/main.c: In function 'prob3':
../src/main.c:130:5: warning: implicit declaration of function 'init_keypad'; did you mean 'init_lcd'? [-Wimplicit-function-declaration]
     init_keypad();
     ^~~~~~~~~~~
     init_lcd
../src/main.c:131:5: warning: implicit declaration of function 'setup_timer6' [-Wimplicit-function-declaration]
     setup_timer6();
     ^~~~~~~~~~~~
../src/main.c: At top level:
../src/main.c:149:6: warning: conflicting types for 'setup_gpio'
 void setup_gpio() {
      ^~~~~~~~~~
../src/main.c:87:5: note: previous implicit declaration of 'setup_gpio' was here
     setup_gpio();
     ^~~~~~~~~~
../src/main.c:162:6: warning: conflicting types for 'setup_pwm'
 void setup_pwm() {
      ^~~~~~~~~
../src/main.c:88:5: note: previous implicit declaration of 'setup_pwm' was here
     setup_pwm();
     ^~~~~~~~~
../src/main.c:188:6: warning: conflicting types for 'update_rgb'
 void update_rgb(int r, int g, int b) {
      ^~~~~~~~~~
../src/main.c:121:9: note: previous implicit declaration of 'update_rgb' was here
         update_rgb(r, g, b);
         ^~~~~~~~~~
../src/main.c:200:6: warning: conflicting types for 'init_keypad'
 void init_keypad() {
      ^~~~~~~~~~~
../src/main.c:130:5: note: previous implicit declaration of 'init_keypad' was here
     init_keypad();
     ^~~~~~~~~~~
../src/main.c:208:6: warning: conflicting types for 'setup_timer6'
 void setup_timer6() {
      ^~~~~~~~~~~~
../src/main.c:131:5: note: previous implicit declaration of 'setup_timer6' was here
     setup_timer6();
     ^~~~~~~~~~~~
../src/main.c: In function 'prob4':
../src/main.c:244:11: warning: unused variable 'key' [-Wunused-variable]
      char key = get_char_key();
           ^~~
../src/main.c: In function 'get_key_press':
../src/main.c:216:1: warning: control reaches end of non-void function [-Wreturn-type]
 }
 ^
../src/main.c: In function 'get_key_release':
../src/main.c:221:1: warning: control reaches end of non-void function [-Wreturn-type]
 }
 ^
Finished building: ../src/main.c
 
Building target: Lab7.elf
Invoking: MCU GCC Linker
arm-none-eabi-gcc -mcpu=cortex-m0 -mthumb -mfloat-abi=soft -T"/home/shay/a/fu216/workspace/stm32f0_test/Lab7/Lab7/LinkerScript.ld" -Wl,-Map=output.map -Wl,--gc-sections -o "Lab7.elf" @"objects.list" /home/shay/a/fu216/workspace/stm32f0_test/Lab7/Lab7/src/lcd_driver.o  -lm
Finished building target: Lab7.elf
 
make --no-print-directory post-build
Generating binary and Printing size information:
arm-none-eabi-objcopy -O binary "Lab7.elf" "Lab7.bin"
arm-none-eabi-size "Lab7.elf"
   text	   data	    bss	    dec	    hex	filename
   2984	   1144	    228	   4356	   1104	Lab7.elf
 
16:12:18 **** Incremental Build of configuration Debug for project Lab7 ****
make -j8 all 
Building file: ../src/main.c
Invoking: MCU GCC Compiler
/home/shay/a/fu216/workspace/stm32f0_test/Lab7/Lab7/Debug
arm-none-eabi-gcc -mcpu=cortex-m0 -mthumb -mfloat-abi=soft -DSTM32 -DSTM32F0 -DSTM32F051R8Tx -DSTM32F0DISCOVERY -DDEBUG -DSTM32F051 -DUSE_STDPERIPH_DRIVER -I"/home/shay/a/fu216/workspace/stm32f0_test/Lab7/Lab7/Utilities" -I"/home/shay/a/fu216/workspace/stm32f0_test/Lab7/Lab7/StdPeriph_Driver/inc" -I"/home/shay/a/fu216/workspace/stm32f0_test/Lab7/Lab7/inc" -I"/home/shay/a/fu216/workspace/stm32f0_test/Lab7/Lab7/CMSIS/device" -I"/home/shay/a/fu216/workspace/stm32f0_test/Lab7/Lab7/CMSIS/core" -O0 -g3 -Wall -fmessage-length=0 -ffunction-sections -c -MMD -MP -MF"src/main.d" -MT"src/main.o" -o "src/main.o" "../src/main.c"
../src/main.c: In function 'get_key_pressed':
../src/main.c:19:12: warning: implicit declaration of function 'get_key_press'; did you mean 'get_key_pressed'? [-Wimplicit-function-declaration]
  int key = get_key_press();
            ^~~~~~~~~~~~~
            get_key_pressed
../src/main.c:20:15: warning: implicit declaration of function 'get_key_release'; did you mean 'get_key_pressed'? [-Wimplicit-function-declaration]
  while(key != get_key_release());
               ^~~~~~~~~~~~~~~
               get_key_pressed
../src/main.c: In function 'prob2':
../src/main.c:87:5: warning: implicit declaration of function 'setup_gpio' [-Wimplicit-function-declaration]
     setup_gpio();
     ^~~~~~~~~~
../src/main.c:88:5: warning: implicit declaration of function 'setup_pwm' [-Wimplicit-function-declaration]
     setup_pwm();
     ^~~~~~~~~
../src/main.c:121:9: warning: implicit declaration of function 'update_rgb' [-Wimplicit-function-declaration]
         update_rgb(r, g, b);
         ^~~~~~~~~~
../src/main.c:122:9: warning: implicit declaration of function 'usleep' [-Wimplicit-function-declaration]
         usleep(10000);
         ^~~~~~
../src/main.c: In function 'prob3':
../src/main.c:130:5: warning: implicit declaration of function 'init_keypad'; did you mean 'init_lcd'? [-Wimplicit-function-declaration]
     init_keypad();
     ^~~~~~~~~~~
     init_lcd
../src/main.c:131:5: warning: implicit declaration of function 'setup_timer6' [-Wimplicit-function-declaration]
     setup_timer6();
     ^~~~~~~~~~~~
../src/main.c: At top level:
../src/main.c:149:6: warning: conflicting types for 'setup_gpio'
 void setup_gpio() {
      ^~~~~~~~~~
../src/main.c:87:5: note: previous implicit declaration of 'setup_gpio' was here
     setup_gpio();
     ^~~~~~~~~~
../src/main.c:162:6: warning: conflicting types for 'setup_pwm'
 void setup_pwm() {
      ^~~~~~~~~
../src/main.c:88:5: note: previous implicit declaration of 'setup_pwm' was here
     setup_pwm();
     ^~~~~~~~~
../src/main.c:195:6: warning: conflicting types for 'update_rgb'
 void update_rgb(int r, int g, int b) {
      ^~~~~~~~~~
../src/main.c:121:9: note: previous implicit declaration of 'update_rgb' was here
         update_rgb(r, g, b);
         ^~~~~~~~~~
../src/main.c:213:6: warning: conflicting types for 'init_keypad'
 void init_keypad() {
      ^~~~~~~~~~~
../src/main.c:130:5: note: previous implicit declaration of 'init_keypad' was here
     init_keypad();
     ^~~~~~~~~~~
../src/main.c:229:6: warning: conflicting types for 'setup_timer6'
 void setup_timer6() {
      ^~~~~~~~~~~~
../src/main.c:131:5: note: previous implicit declaration of 'setup_timer6' was here
     setup_timer6();
     ^~~~~~~~~~~~
../src/main.c: In function 'prob4':
../src/main.c:270:11: warning: unused variable 'key' [-Wunused-variable]
      char key = get_char_key();
           ^~~
../src/main.c: In function 'get_key_press':
../src/main.c:242:1: warning: control reaches end of non-void function [-Wreturn-type]
 }
 ^
../src/main.c: In function 'get_key_release':
../src/main.c:247:1: warning: control reaches end of non-void function [-Wreturn-type]
 }
 ^
Finished building: ../src/main.c
 
Building target: Lab7.elf
Invoking: MCU GCC Linker
arm-none-eabi-gcc -mcpu=cortex-m0 -mthumb -mfloat-abi=soft -T"/home/shay/a/fu216/workspace/stm32f0_test/Lab7/Lab7/LinkerScript.ld" -Wl,-Map=output.map -Wl,--gc-sections -o "Lab7.elf" @"objects.list" /home/shay/a/fu216/workspace/stm32f0_test/Lab7/Lab7/src/lcd_driver.o  -lm
Finished building target: Lab7.elf
 
make --no-print-directory post-build
Generating binary and Printing size information:
arm-none-eabi-objcopy -O binary "Lab7.elf" "Lab7.bin"
arm-none-eabi-size "Lab7.elf"
   text	   data	    bss	    dec	    hex	filename
   2984	   1144	    228	   4356	   1104	Lab7.elf
 
16:12:27 **** Incremental Build of configuration Debug for project Lab7 ****
make -j8 all 
Building file: ../src/main.c
Invoking: MCU GCC Compiler
/home/shay/a/fu216/workspace/stm32f0_test/Lab7/Lab7/Debug
arm-none-eabi-gcc -mcpu=cortex-m0 -mthumb -mfloat-abi=soft -DSTM32 -DSTM32F0 -DSTM32F051R8Tx -DSTM32F0DISCOVERY -DDEBUG -DSTM32F051 -DUSE_STDPERIPH_DRIVER -I"/home/shay/a/fu216/workspace/stm32f0_test/Lab7/Lab7/Utilities" -I"/home/shay/a/fu216/workspace/stm32f0_test/Lab7/Lab7/StdPeriph_Driver/inc" -I"/home/shay/a/fu216/workspace/stm32f0_test/Lab7/Lab7/inc" -I"/home/shay/a/fu216/workspace/stm32f0_test/Lab7/Lab7/CMSIS/device" -I"/home/shay/a/fu216/workspace/stm32f0_test/Lab7/Lab7/CMSIS/core" -O0 -g3 -Wall -fmessage-length=0 -ffunction-sections -c -MMD -MP -MF"src/main.d" -MT"src/main.o" -o "src/main.o" "../src/main.c"
../src/main.c: In function 'get_key_pressed':
../src/main.c:19:12: warning: implicit declaration of function 'get_key_press'; did you mean 'get_key_pressed'? [-Wimplicit-function-declaration]
  int key = get_key_press();
            ^~~~~~~~~~~~~
            get_key_pressed
../src/main.c:20:15: warning: implicit declaration of function 'get_key_release'; did you mean 'get_key_pressed'? [-Wimplicit-function-declaration]
  while(key != get_key_release());
               ^~~~~~~~~~~~~~~
               get_key_pressed
../src/main.c: In function 'prob2':
../src/main.c:87:5: warning: implicit declaration of function 'setup_gpio' [-Wimplicit-function-declaration]
     setup_gpio();
     ^~~~~~~~~~
../src/main.c:88:5: warning: implicit declaration of function 'setup_pwm' [-Wimplicit-function-declaration]
     setup_pwm();
     ^~~~~~~~~
../src/main.c:121:9: warning: implicit declaration of function 'update_rgb' [-Wimplicit-function-declaration]
         update_rgb(r, g, b);
         ^~~~~~~~~~
../src/main.c:122:9: warning: implicit declaration of function 'usleep' [-Wimplicit-function-declaration]
         usleep(10000);
         ^~~~~~
../src/main.c: In function 'prob3':
../src/main.c:130:5: warning: implicit declaration of function 'init_keypad'; did you mean 'init_lcd'? [-Wimplicit-function-declaration]
     init_keypad();
     ^~~~~~~~~~~
     init_lcd
../src/main.c:131:5: warning: implicit declaration of function 'setup_timer6' [-Wimplicit-function-declaration]
     setup_timer6();
     ^~~~~~~~~~~~
../src/main.c: At top level:
../src/main.c:149:6: warning: conflicting types for 'setup_gpio'
 void setup_gpio() {
      ^~~~~~~~~~
../src/main.c:87:5: note: previous implicit declaration of 'setup_gpio' was here
     setup_gpio();
     ^~~~~~~~~~
../src/main.c:162:6: warning: conflicting types for 'setup_pwm'
 void setup_pwm() {
      ^~~~~~~~~
../src/main.c:88:5: note: previous implicit declaration of 'setup_pwm' was here
     setup_pwm();
     ^~~~~~~~~
../src/main.c:195:6: warning: conflicting types for 'update_rgb'
 void update_rgb(int r, int g, int b) {
      ^~~~~~~~~~
../src/main.c:121:9: note: previous implicit declaration of 'update_rgb' was here
         update_rgb(r, g, b);
         ^~~~~~~~~~
../src/main.c:213:6: warning: conflicting types for 'init_keypad'
 void init_keypad() {
      ^~~~~~~~~~~
../src/main.c:130:5: note: previous implicit declaration of 'init_keypad' was here
     init_keypad();
     ^~~~~~~~~~~
../src/main.c:229:6: warning: conflicting types for 'setup_timer6'
 void setup_timer6() {
      ^~~~~~~~~~~~
../src/main.c:131:5: note: previous implicit declaration of 'setup_timer6' was here
     setup_timer6();
     ^~~~~~~~~~~~
../src/main.c: In function 'prob4':
../src/main.c:270:11: warning: unused variable 'key' [-Wunused-variable]
      char key = get_char_key();
           ^~~
../src/main.c: In function 'get_key_press':
../src/main.c:242:1: warning: control reaches end of non-void function [-Wreturn-type]
 }
 ^
../src/main.c: In function 'get_key_release':
../src/main.c:247:1: warning: control reaches end of non-void function [-Wreturn-type]
 }
 ^
Finished building: ../src/main.c
 
Building target: Lab7.elf
Invoking: MCU GCC Linker
arm-none-eabi-gcc -mcpu=cortex-m0 -mthumb -mfloat-abi=soft -T"/home/shay/a/fu216/workspace/stm32f0_test/Lab7/Lab7/LinkerScript.ld" -Wl,-Map=output.map -Wl,--gc-sections -o "Lab7.elf" @"objects.list" /home/shay/a/fu216/workspace/stm32f0_test/Lab7/Lab7/src/lcd_driver.o  -lm
Finished building target: Lab7.elf
 
make --no-print-directory post-build
Generating binary and Printing size information:
arm-none-eabi-objcopy -O binary "Lab7.elf" "Lab7.bin"
arm-none-eabi-size "Lab7.elf"
   text	   data	    bss	    dec	    hex	filename
   1900	   1080	    228	   3208	    c88	Lab7.elf
 
16:13:49 **** Incremental Build of configuration Debug for project Lab7 ****
make -j8 all 
Building file: ../src/main.c
Invoking: MCU GCC Compiler
/home/shay/a/fu216/workspace/stm32f0_test/Lab7/Lab7/Debug
arm-none-eabi-gcc -mcpu=cortex-m0 -mthumb -mfloat-abi=soft -DSTM32 -DSTM32F0 -DSTM32F051R8Tx -DSTM32F0DISCOVERY -DDEBUG -DSTM32F051 -DUSE_STDPERIPH_DRIVER -I"/home/shay/a/fu216/workspace/stm32f0_test/Lab7/Lab7/Utilities" -I"/home/shay/a/fu216/workspace/stm32f0_test/Lab7/Lab7/StdPeriph_Driver/inc" -I"/home/shay/a/fu216/workspace/stm32f0_test/Lab7/Lab7/inc" -I"/home/shay/a/fu216/workspace/stm32f0_test/Lab7/Lab7/CMSIS/device" -I"/home/shay/a/fu216/workspace/stm32f0_test/Lab7/Lab7/CMSIS/core" -O0 -g3 -Wall -fmessage-length=0 -ffunction-sections -c -MMD -MP -MF"src/main.d" -MT"src/main.o" -o "src/main.o" "../src/main.c"
../src/main.c: In function 'get_key_pressed':
../src/main.c:19:12: warning: implicit declaration of function 'get_key_press'; did you mean 'get_key_pressed'? [-Wimplicit-function-declaration]
  int key = get_key_press();
            ^~~~~~~~~~~~~
            get_key_pressed
../src/main.c:20:15: warning: implicit declaration of function 'get_key_release'; did you mean 'get_key_pressed'? [-Wimplicit-function-declaration]
  while(key != get_key_release());
               ^~~~~~~~~~~~~~~
               get_key_pressed
../src/main.c: In function 'prob2':
../src/main.c:87:5: warning: implicit declaration of function 'setup_gpio' [-Wimplicit-function-declaration]
     setup_gpio();
     ^~~~~~~~~~
../src/main.c:88:5: warning: implicit declaration of function 'setup_pwm' [-Wimplicit-function-declaration]
     setup_pwm();
     ^~~~~~~~~
../src/main.c:121:9: warning: implicit declaration of function 'update_rgb' [-Wimplicit-function-declaration]
         update_rgb(r, g, b);
         ^~~~~~~~~~
../src/main.c:122:9: warning: implicit declaration of function 'usleep' [-Wimplicit-function-declaration]
         usleep(10000);
         ^~~~~~
../src/main.c: In function 'prob3':
../src/main.c:130:5: warning: implicit declaration of function 'init_keypad'; did you mean 'init_lcd'? [-Wimplicit-function-declaration]
     init_keypad();
     ^~~~~~~~~~~
     init_lcd
../src/main.c:131:5: warning: implicit declaration of function 'setup_timer6' [-Wimplicit-function-declaration]
     setup_timer6();
     ^~~~~~~~~~~~
../src/main.c: At top level:
../src/main.c:149:6: warning: conflicting types for 'setup_gpio'
 void setup_gpio() {
      ^~~~~~~~~~
../src/main.c:87:5: note: previous implicit declaration of 'setup_gpio' was here
     setup_gpio();
     ^~~~~~~~~~
../src/main.c:162:6: warning: conflicting types for 'setup_pwm'
 void setup_pwm() {
      ^~~~~~~~~
../src/main.c:88:5: note: previous implicit declaration of 'setup_pwm' was here
     setup_pwm();
     ^~~~~~~~~
../src/main.c:196:6: warning: conflicting types for 'update_rgb'
 void update_rgb(int r, int g, int b) {
      ^~~~~~~~~~
../src/main.c:121:9: note: previous implicit declaration of 'update_rgb' was here
         update_rgb(r, g, b);
         ^~~~~~~~~~
../src/main.c:214:6: warning: conflicting types for 'init_keypad'
 void init_keypad() {
      ^~~~~~~~~~~
../src/main.c:130:5: note: previous implicit declaration of 'init_keypad' was here
     init_keypad();
     ^~~~~~~~~~~
../src/main.c:230:6: warning: conflicting types for 'setup_timer6'
 void setup_timer6() {
      ^~~~~~~~~~~~
../src/main.c:131:5: note: previous implicit declaration of 'setup_timer6' was here
     setup_timer6();
     ^~~~~~~~~~~~
../src/main.c: In function 'prob4':
../src/main.c:271:11: warning: unused variable 'key' [-Wunused-variable]
      char key = get_char_key();
           ^~~
../src/main.c: In function 'get_key_press':
../src/main.c:243:1: warning: control reaches end of non-void function [-Wreturn-type]
 }
 ^
../src/main.c: In function 'get_key_release':
../src/main.c:248:1: warning: control reaches end of non-void function [-Wreturn-type]
 }
 ^
Finished building: ../src/main.c
 
Building target: Lab7.elf
Invoking: MCU GCC Linker
arm-none-eabi-gcc -mcpu=cortex-m0 -mthumb -mfloat-abi=soft -T"/home/shay/a/fu216/workspace/stm32f0_test/Lab7/Lab7/LinkerScript.ld" -Wl,-Map=output.map -Wl,--gc-sections -o "Lab7.elf" @"objects.list" /home/shay/a/fu216/workspace/stm32f0_test/Lab7/Lab7/src/lcd_driver.o  -lm
Finished building target: Lab7.elf
 
make --no-print-directory post-build
Generating binary and Printing size information:
arm-none-eabi-objcopy -O binary "Lab7.elf" "Lab7.bin"
arm-none-eabi-size "Lab7.elf"
   text	   data	    bss	    dec	    hex	filename
   1916	   1080	    228	   3224	    c98	Lab7.elf
 
16:13:54 **** Incremental Build of configuration Debug for project Lab7 ****
make -j8 all 
make: Nothing to be done for 'all'.
16:13:56 **** Incremental Build of configuration Debug for project Lab7 ****
make -j8 all 
make: Nothing to be done for 'all'.
16:15:12 **** Incremental Build of configuration Debug for project Lab7 ****
make -j8 all 
Building file: ../src/main.c
Invoking: MCU GCC Compiler
/home/shay/a/fu216/workspace/stm32f0_test/Lab7/Lab7/Debug
arm-none-eabi-gcc -mcpu=cortex-m0 -mthumb -mfloat-abi=soft -DSTM32 -DSTM32F0 -DSTM32F051R8Tx -DSTM32F0DISCOVERY -DDEBUG -DSTM32F051 -DUSE_STDPERIPH_DRIVER -I"/home/shay/a/fu216/workspace/stm32f0_test/Lab7/Lab7/Utilities" -I"/home/shay/a/fu216/workspace/stm32f0_test/Lab7/Lab7/StdPeriph_Driver/inc" -I"/home/shay/a/fu216/workspace/stm32f0_test/Lab7/Lab7/inc" -I"/home/shay/a/fu216/workspace/stm32f0_test/Lab7/Lab7/CMSIS/device" -I"/home/shay/a/fu216/workspace/stm32f0_test/Lab7/Lab7/CMSIS/core" -O0 -g3 -Wall -fmessage-length=0 -ffunction-sections -c -MMD -MP -MF"src/main.d" -MT"src/main.o" -o "src/main.o" "../src/main.c"
../src/main.c: In function 'get_key_pressed':
../src/main.c:19:12: warning: implicit declaration of function 'get_key_press'; did you mean 'get_key_pressed'? [-Wimplicit-function-declaration]
  int key = get_key_press();
            ^~~~~~~~~~~~~
            get_key_pressed
../src/main.c:20:15: warning: implicit declaration of function 'get_key_release'; did you mean 'get_key_pressed'? [-Wimplicit-function-declaration]
  while(key != get_key_release());
               ^~~~~~~~~~~~~~~
               get_key_pressed
../src/main.c: In function 'prob2':
../src/main.c:87:5: warning: implicit declaration of function 'setup_gpio' [-Wimplicit-function-declaration]
     setup_gpio();
     ^~~~~~~~~~
../src/main.c:88:5: warning: implicit declaration of function 'setup_pwm' [-Wimplicit-function-declaration]
     setup_pwm();
     ^~~~~~~~~
../src/main.c:121:9: warning: implicit declaration of function 'update_rgb' [-Wimplicit-function-declaration]
         update_rgb(r, g, b);
         ^~~~~~~~~~
../src/main.c:122:9: warning: implicit declaration of function 'usleep' [-Wimplicit-function-declaration]
         usleep(10000);
         ^~~~~~
../src/main.c: In function 'prob3':
../src/main.c:130:5: warning: implicit declaration of function 'init_keypad'; did you mean 'init_lcd'? [-Wimplicit-function-declaration]
     init_keypad();
     ^~~~~~~~~~~
     init_lcd
../src/main.c:131:5: warning: implicit declaration of function 'setup_timer6' [-Wimplicit-function-declaration]
     setup_timer6();
     ^~~~~~~~~~~~
../src/main.c: At top level:
../src/main.c:149:6: warning: conflicting types for 'setup_gpio'
 void setup_gpio() {
      ^~~~~~~~~~
../src/main.c:87:5: note: previous implicit declaration of 'setup_gpio' was here
     setup_gpio();
     ^~~~~~~~~~
../src/main.c:162:6: warning: conflicting types for 'setup_pwm'
 void setup_pwm() {
      ^~~~~~~~~
../src/main.c:88:5: note: previous implicit declaration of 'setup_pwm' was here
     setup_pwm();
     ^~~~~~~~~
../src/main.c:197:6: warning: conflicting types for 'update_rgb'
 void update_rgb(int r, int g, int b) {
      ^~~~~~~~~~
../src/main.c:121:9: note: previous implicit declaration of 'update_rgb' was here
         update_rgb(r, g, b);
         ^~~~~~~~~~
../src/main.c:215:6: warning: conflicting types for 'init_keypad'
 void init_keypad() {
      ^~~~~~~~~~~
../src/main.c:130:5: note: previous implicit declaration of 'init_keypad' was here
     init_keypad();
     ^~~~~~~~~~~
../src/main.c:231:6: warning: conflicting types for 'setup_timer6'
 void setup_timer6() {
      ^~~~~~~~~~~~
../src/main.c:131:5: note: previous implicit declaration of 'setup_timer6' was here
     setup_timer6();
     ^~~~~~~~~~~~
../src/main.c: In function 'prob4':
../src/main.c:272:11: warning: unused variable 'key' [-Wunused-variable]
      char key = get_char_key();
           ^~~
../src/main.c: In function 'get_key_press':
../src/main.c:244:1: warning: control reaches end of non-void function [-Wreturn-type]
 }
 ^
../src/main.c: In function 'get_key_release':
../src/main.c:249:1: warning: control reaches end of non-void function [-Wreturn-type]
 }
 ^
Finished building: ../src/main.c
 
Building target: Lab7.elf
Invoking: MCU GCC Linker
arm-none-eabi-gcc -mcpu=cortex-m0 -mthumb -mfloat-abi=soft -T"/home/shay/a/fu216/workspace/stm32f0_test/Lab7/Lab7/LinkerScript.ld" -Wl,-Map=output.map -Wl,--gc-sections -o "Lab7.elf" @"objects.list" /home/shay/a/fu216/workspace/stm32f0_test/Lab7/Lab7/src/lcd_driver.o  -lm
Finished building target: Lab7.elf
 
make --no-print-directory post-build
Generating binary and Printing size information:
arm-none-eabi-objcopy -O binary "Lab7.elf" "Lab7.bin"
arm-none-eabi-size "Lab7.elf"
   text	   data	    bss	    dec	    hex	filename
   1940	   1080	    228	   3248	    cb0	Lab7.elf
 
16:15:37 **** Incremental Build of configuration Debug for project Lab7 ****
make -j8 all 
Building file: ../src/main.c
Invoking: MCU GCC Compiler
/home/shay/a/fu216/workspace/stm32f0_test/Lab7/Lab7/Debug
arm-none-eabi-gcc -mcpu=cortex-m0 -mthumb -mfloat-abi=soft -DSTM32 -DSTM32F0 -DSTM32F051R8Tx -DSTM32F0DISCOVERY -DDEBUG -DSTM32F051 -DUSE_STDPERIPH_DRIVER -I"/home/shay/a/fu216/workspace/stm32f0_test/Lab7/Lab7/Utilities" -I"/home/shay/a/fu216/workspace/stm32f0_test/Lab7/Lab7/StdPeriph_Driver/inc" -I"/home/shay/a/fu216/workspace/stm32f0_test/Lab7/Lab7/inc" -I"/home/shay/a/fu216/workspace/stm32f0_test/Lab7/Lab7/CMSIS/device" -I"/home/shay/a/fu216/workspace/stm32f0_test/Lab7/Lab7/CMSIS/core" -O0 -g3 -Wall -fmessage-length=0 -ffunction-sections -c -MMD -MP -MF"src/main.d" -MT"src/main.o" -o "src/main.o" "../src/main.c"
../src/main.c: In function 'get_key_pressed':
../src/main.c:19:12: warning: implicit declaration of function 'get_key_press'; did you mean 'get_key_pressed'? [-Wimplicit-function-declaration]
  int key = get_key_press();
            ^~~~~~~~~~~~~
            get_key_pressed
../src/main.c:20:15: warning: implicit declaration of function 'get_key_release'; did you mean 'get_key_pressed'? [-Wimplicit-function-declaration]
  while(key != get_key_release());
               ^~~~~~~~~~~~~~~
               get_key_pressed
../src/main.c: In function 'prob2':
../src/main.c:87:5: warning: implicit declaration of function 'setup_gpio' [-Wimplicit-function-declaration]
     setup_gpio();
     ^~~~~~~~~~
../src/main.c:88:5: warning: implicit declaration of function 'setup_pwm' [-Wimplicit-function-declaration]
     setup_pwm();
     ^~~~~~~~~
../src/main.c:121:9: warning: implicit declaration of function 'update_rgb' [-Wimplicit-function-declaration]
         update_rgb(r, g, b);
         ^~~~~~~~~~
../src/main.c:122:9: warning: implicit declaration of function 'usleep' [-Wimplicit-function-declaration]
         usleep(10000);
         ^~~~~~
../src/main.c: In function 'prob3':
../src/main.c:130:5: warning: implicit declaration of function 'init_keypad'; did you mean 'init_lcd'? [-Wimplicit-function-declaration]
     init_keypad();
     ^~~~~~~~~~~
     init_lcd
../src/main.c:131:5: warning: implicit declaration of function 'setup_timer6' [-Wimplicit-function-declaration]
     setup_timer6();
     ^~~~~~~~~~~~
../src/main.c: At top level:
../src/main.c:149:6: warning: conflicting types for 'setup_gpio'
 void setup_gpio() {
      ^~~~~~~~~~
../src/main.c:87:5: note: previous implicit declaration of 'setup_gpio' was here
     setup_gpio();
     ^~~~~~~~~~
../src/main.c:162:6: warning: conflicting types for 'setup_pwm'
 void setup_pwm() {
      ^~~~~~~~~
../src/main.c:88:5: note: previous implicit declaration of 'setup_pwm' was here
     setup_pwm();
     ^~~~~~~~~
../src/main.c:197:6: warning: conflicting types for 'update_rgb'
 void update_rgb(int r, int g, int b) {
      ^~~~~~~~~~
../src/main.c:121:9: note: previous implicit declaration of 'update_rgb' was here
         update_rgb(r, g, b);
         ^~~~~~~~~~
../src/main.c:215:6: warning: conflicting types for 'init_keypad'
 void init_keypad() {
      ^~~~~~~~~~~
../src/main.c:130:5: note: previous implicit declaration of 'init_keypad' was here
     init_keypad();
     ^~~~~~~~~~~
../src/main.c:231:6: warning: conflicting types for 'setup_timer6'
 void setup_timer6() {
      ^~~~~~~~~~~~
../src/main.c:131:5: note: previous implicit declaration of 'setup_timer6' was here
     setup_timer6();
     ^~~~~~~~~~~~
../src/main.c: In function 'prob4':
../src/main.c:272:11: warning: unused variable 'key' [-Wunused-variable]
      char key = get_char_key();
           ^~~
../src/main.c: In function 'get_key_press':
../src/main.c:244:1: warning: control reaches end of non-void function [-Wreturn-type]
 }
 ^
../src/main.c: In function 'get_key_release':
../src/main.c:249:1: warning: control reaches end of non-void function [-Wreturn-type]
 }
 ^
Finished building: ../src/main.c
 
Building target: Lab7.elf
Invoking: MCU GCC Linker
arm-none-eabi-gcc -mcpu=cortex-m0 -mthumb -mfloat-abi=soft -T"/home/shay/a/fu216/workspace/stm32f0_test/Lab7/Lab7/LinkerScript.ld" -Wl,-Map=output.map -Wl,--gc-sections -o "Lab7.elf" @"objects.list" /home/shay/a/fu216/workspace/stm32f0_test/Lab7/Lab7/src/lcd_driver.o  -lm
Finished building target: Lab7.elf
 
make --no-print-directory post-build
Generating binary and Printing size information:
arm-none-eabi-objcopy -O binary "Lab7.elf" "Lab7.bin"
arm-none-eabi-size "Lab7.elf"
   text	   data	    bss	    dec	    hex	filename
   2984	   1144	    228	   4356	   1104	Lab7.elf
 
16:17:42 **** Incremental Build of configuration Debug for project Lab7 ****
make -j8 all 
Building file: ../src/main.c
Invoking: MCU GCC Compiler
/home/shay/a/fu216/workspace/stm32f0_test/Lab7/Lab7/Debug
arm-none-eabi-gcc -mcpu=cortex-m0 -mthumb -mfloat-abi=soft -DSTM32 -DSTM32F0 -DSTM32F051R8Tx -DSTM32F0DISCOVERY -DDEBUG -DSTM32F051 -DUSE_STDPERIPH_DRIVER -I"/home/shay/a/fu216/workspace/stm32f0_test/Lab7/Lab7/Utilities" -I"/home/shay/a/fu216/workspace/stm32f0_test/Lab7/Lab7/StdPeriph_Driver/inc" -I"/home/shay/a/fu216/workspace/stm32f0_test/Lab7/Lab7/inc" -I"/home/shay/a/fu216/workspace/stm32f0_test/Lab7/Lab7/CMSIS/device" -I"/home/shay/a/fu216/workspace/stm32f0_test/Lab7/Lab7/CMSIS/core" -O0 -g3 -Wall -fmessage-length=0 -ffunction-sections -c -MMD -MP -MF"src/main.d" -MT"src/main.o" -o "src/main.o" "../src/main.c"
../src/main.c: In function 'get_key_pressed':
../src/main.c:19:12: warning: implicit declaration of function 'get_key_press'; did you mean 'get_key_pressed'? [-Wimplicit-function-declaration]
  int key = get_key_press();
            ^~~~~~~~~~~~~
            get_key_pressed
../src/main.c:20:15: warning: implicit declaration of function 'get_key_release'; did you mean 'get_key_pressed'? [-Wimplicit-function-declaration]
  while(key != get_key_release());
               ^~~~~~~~~~~~~~~
               get_key_pressed
../src/main.c: In function 'prob2':
../src/main.c:87:5: warning: implicit declaration of function 'setup_gpio' [-Wimplicit-function-declaration]
     setup_gpio();
     ^~~~~~~~~~
../src/main.c:88:5: warning: implicit declaration of function 'setup_pwm' [-Wimplicit-function-declaration]
     setup_pwm();
     ^~~~~~~~~
../src/main.c:121:9: warning: implicit declaration of function 'update_rgb' [-Wimplicit-function-declaration]
         update_rgb(r, g, b);
         ^~~~~~~~~~
../src/main.c:122:9: warning: implicit declaration of function 'usleep' [-Wimplicit-function-declaration]
         usleep(10000);
         ^~~~~~
../src/main.c: In function 'prob3':
../src/main.c:130:5: warning: implicit declaration of function 'init_keypad'; did you mean 'init_lcd'? [-Wimplicit-function-declaration]
     init_keypad();
     ^~~~~~~~~~~
     init_lcd
../src/main.c:131:5: warning: implicit declaration of function 'setup_timer6' [-Wimplicit-function-declaration]
     setup_timer6();
     ^~~~~~~~~~~~
../src/main.c: At top level:
../src/main.c:149:6: warning: conflicting types for 'setup_gpio'
 void setup_gpio() {
      ^~~~~~~~~~
../src/main.c:87:5: note: previous implicit declaration of 'setup_gpio' was here
     setup_gpio();
     ^~~~~~~~~~
../src/main.c:162:6: warning: conflicting types for 'setup_pwm'
 void setup_pwm() {
      ^~~~~~~~~
../src/main.c:88:5: note: previous implicit declaration of 'setup_pwm' was here
     setup_pwm();
     ^~~~~~~~~
../src/main.c:198:6: warning: conflicting types for 'update_rgb'
 void update_rgb(int r, int g, int b) {
      ^~~~~~~~~~
../src/main.c:121:9: note: previous implicit declaration of 'update_rgb' was here
         update_rgb(r, g, b);
         ^~~~~~~~~~
../src/main.c:216:6: warning: conflicting types for 'init_keypad'
 void init_keypad() {
      ^~~~~~~~~~~
../src/main.c:130:5: note: previous implicit declaration of 'init_keypad' was here
     init_keypad();
     ^~~~~~~~~~~
../src/main.c:232:6: warning: conflicting types for 'setup_timer6'
 void setup_timer6() {
      ^~~~~~~~~~~~
../src/main.c:131:5: note: previous implicit declaration of 'setup_timer6' was here
     setup_timer6();
     ^~~~~~~~~~~~
../src/main.c: In function 'prob4':
../src/main.c:273:11: warning: unused variable 'key' [-Wunused-variable]
      char key = get_char_key();
           ^~~
../src/main.c: In function 'get_key_press':
../src/main.c:245:1: warning: control reaches end of non-void function [-Wreturn-type]
 }
 ^
../src/main.c: In function 'get_key_release':
../src/main.c:250:1: warning: control reaches end of non-void function [-Wreturn-type]
 }
 ^
Finished building: ../src/main.c
 
Building target: Lab7.elf
Invoking: MCU GCC Linker
arm-none-eabi-gcc -mcpu=cortex-m0 -mthumb -mfloat-abi=soft -T"/home/shay/a/fu216/workspace/stm32f0_test/Lab7/Lab7/LinkerScript.ld" -Wl,-Map=output.map -Wl,--gc-sections -o "Lab7.elf" @"objects.list" /home/shay/a/fu216/workspace/stm32f0_test/Lab7/Lab7/src/lcd_driver.o  -lm
Finished building target: Lab7.elf
 
make --no-print-directory post-build
Generating binary and Printing size information:
arm-none-eabi-objcopy -O binary "Lab7.elf" "Lab7.bin"
arm-none-eabi-size "Lab7.elf"
   text	   data	    bss	    dec	    hex	filename
   2984	   1144	    228	   4356	   1104	Lab7.elf
 
16:17:50 **** Incremental Build of configuration Debug for project Lab7 ****
make -j8 all 
make: Nothing to be done for 'all'.
16:17:52 **** Incremental Build of configuration Debug for project Lab7 ****
make -j8 all 
make: Nothing to be done for 'all'.
16:18:25 **** Incremental Build of configuration Debug for project Lab7 ****
make -j8 all 
Building file: ../src/main.c
Invoking: MCU GCC Compiler
/home/shay/a/fu216/workspace/stm32f0_test/Lab7/Lab7/Debug
arm-none-eabi-gcc -mcpu=cortex-m0 -mthumb -mfloat-abi=soft -DSTM32 -DSTM32F0 -DSTM32F051R8Tx -DSTM32F0DISCOVERY -DDEBUG -DSTM32F051 -DUSE_STDPERIPH_DRIVER -I"/home/shay/a/fu216/workspace/stm32f0_test/Lab7/Lab7/Utilities" -I"/home/shay/a/fu216/workspace/stm32f0_test/Lab7/Lab7/StdPeriph_Driver/inc" -I"/home/shay/a/fu216/workspace/stm32f0_test/Lab7/Lab7/inc" -I"/home/shay/a/fu216/workspace/stm32f0_test/Lab7/Lab7/CMSIS/device" -I"/home/shay/a/fu216/workspace/stm32f0_test/Lab7/Lab7/CMSIS/core" -O0 -g3 -Wall -fmessage-length=0 -ffunction-sections -c -MMD -MP -MF"src/main.d" -MT"src/main.o" -o "src/main.o" "../src/main.c"
../src/main.c: In function 'get_key_pressed':
../src/main.c:19:12: warning: implicit declaration of function 'get_key_press'; did you mean 'get_key_pressed'? [-Wimplicit-function-declaration]
  int key = get_key_press();
            ^~~~~~~~~~~~~
            get_key_pressed
../src/main.c:20:15: warning: implicit declaration of function 'get_key_release'; did you mean 'get_key_pressed'? [-Wimplicit-function-declaration]
  while(key != get_key_release());
               ^~~~~~~~~~~~~~~
               get_key_pressed
../src/main.c: In function 'prob2':
../src/main.c:87:5: warning: implicit declaration of function 'setup_gpio' [-Wimplicit-function-declaration]
     setup_gpio();
     ^~~~~~~~~~
../src/main.c:88:5: warning: implicit declaration of function 'setup_pwm' [-Wimplicit-function-declaration]
     setup_pwm();
     ^~~~~~~~~
../src/main.c:121:9: warning: implicit declaration of function 'update_rgb' [-Wimplicit-function-declaration]
         update_rgb(r, g, b);
         ^~~~~~~~~~
../src/main.c:122:9: warning: implicit declaration of function 'usleep' [-Wimplicit-function-declaration]
         usleep(10000);
         ^~~~~~
../src/main.c: In function 'prob3':
../src/main.c:130:5: warning: implicit declaration of function 'init_keypad'; did you mean 'init_lcd'? [-Wimplicit-function-declaration]
     init_keypad();
     ^~~~~~~~~~~
     init_lcd
../src/main.c:131:5: warning: implicit declaration of function 'setup_timer6' [-Wimplicit-function-declaration]
     setup_timer6();
     ^~~~~~~~~~~~
../src/main.c: At top level:
../src/main.c:149:6: warning: conflicting types for 'setup_gpio'
 void setup_gpio() {
      ^~~~~~~~~~
../src/main.c:87:5: note: previous implicit declaration of 'setup_gpio' was here
     setup_gpio();
     ^~~~~~~~~~
../src/main.c:162:6: warning: conflicting types for 'setup_pwm'
 void setup_pwm() {
      ^~~~~~~~~
../src/main.c:88:5: note: previous implicit declaration of 'setup_pwm' was here
     setup_pwm();
     ^~~~~~~~~
../src/main.c:198:6: warning: conflicting types for 'update_rgb'
 void update_rgb(int r, int g, int b) {
      ^~~~~~~~~~
../src/main.c:121:9: note: previous implicit declaration of 'update_rgb' was here
         update_rgb(r, g, b);
         ^~~~~~~~~~
../src/main.c:216:6: warning: conflicting types for 'init_keypad'
 void init_keypad() {
      ^~~~~~~~~~~
../src/main.c:130:5: note: previous implicit declaration of 'init_keypad' was here
     init_keypad();
     ^~~~~~~~~~~
../src/main.c:232:6: warning: conflicting types for 'setup_timer6'
 void setup_timer6() {
      ^~~~~~~~~~~~
../src/main.c:131:5: note: previous implicit declaration of 'setup_timer6' was here
     setup_timer6();
     ^~~~~~~~~~~~
../src/main.c: In function 'prob4':
../src/main.c:273:11: warning: unused variable 'key' [-Wunused-variable]
      char key = get_char_key();
           ^~~
../src/main.c: In function 'get_key_press':
../src/main.c:245:1: warning: control reaches end of non-void function [-Wreturn-type]
 }
 ^
../src/main.c: In function 'get_key_release':
../src/main.c:250:1: warning: control reaches end of non-void function [-Wreturn-type]
 }
 ^
Finished building: ../src/main.c
 
Building target: Lab7.elf
Invoking: MCU GCC Linker
arm-none-eabi-gcc -mcpu=cortex-m0 -mthumb -mfloat-abi=soft -T"/home/shay/a/fu216/workspace/stm32f0_test/Lab7/Lab7/LinkerScript.ld" -Wl,-Map=output.map -Wl,--gc-sections -o "Lab7.elf" @"objects.list" /home/shay/a/fu216/workspace/stm32f0_test/Lab7/Lab7/src/lcd_driver.o  -lm
Finished building target: Lab7.elf
 
make --no-print-directory post-build
Generating binary and Printing size information:
arm-none-eabi-objcopy -O binary "Lab7.elf" "Lab7.bin"
arm-none-eabi-size "Lab7.elf"
   text	   data	    bss	    dec	    hex	filename
   2984	   1144	    228	   4356	   1104	Lab7.elf
 
16:23:07 **** Incremental Build of configuration Debug for project Lab7 ****
make -j8 all 
Building file: ../src/main.c
Invoking: MCU GCC Compiler
/home/shay/a/fu216/workspace/stm32f0_test/Lab7/Lab7/Debug
arm-none-eabi-gcc -mcpu=cortex-m0 -mthumb -mfloat-abi=soft -DSTM32 -DSTM32F0 -DSTM32F051R8Tx -DSTM32F0DISCOVERY -DDEBUG -DSTM32F051 -DUSE_STDPERIPH_DRIVER -I"/home/shay/a/fu216/workspace/stm32f0_test/Lab7/Lab7/Utilities" -I"/home/shay/a/fu216/workspace/stm32f0_test/Lab7/Lab7/StdPeriph_Driver/inc" -I"/home/shay/a/fu216/workspace/stm32f0_test/Lab7/Lab7/inc" -I"/home/shay/a/fu216/workspace/stm32f0_test/Lab7/Lab7/CMSIS/device" -I"/home/shay/a/fu216/workspace/stm32f0_test/Lab7/Lab7/CMSIS/core" -O0 -g3 -Wall -fmessage-length=0 -ffunction-sections -c -MMD -MP -MF"src/main.d" -MT"src/main.o" -o "src/main.o" "../src/main.c"
../src/main.c: In function 'get_key_pressed':
../src/main.c:19:12: warning: implicit declaration of function 'get_key_press'; did you mean 'get_key_pressed'? [-Wimplicit-function-declaration]
  int key = get_key_press();
            ^~~~~~~~~~~~~
            get_key_pressed
../src/main.c:20:15: warning: implicit declaration of function 'get_key_release'; did you mean 'get_key_pressed'? [-Wimplicit-function-declaration]
  while(key != get_key_release());
               ^~~~~~~~~~~~~~~
               get_key_pressed
../src/main.c: In function 'prob2':
../src/main.c:87:5: warning: implicit declaration of function 'setup_gpio' [-Wimplicit-function-declaration]
     setup_gpio();
     ^~~~~~~~~~
../src/main.c:88:5: warning: implicit declaration of function 'setup_pwm' [-Wimplicit-function-declaration]
     setup_pwm();
     ^~~~~~~~~
../src/main.c:121:9: warning: implicit declaration of function 'update_rgb' [-Wimplicit-function-declaration]
         update_rgb(r, g, b);
         ^~~~~~~~~~
../src/main.c:122:9: warning: implicit declaration of function 'usleep' [-Wimplicit-function-declaration]
         usleep(10000);
         ^~~~~~
../src/main.c: In function 'prob3':
../src/main.c:130:5: warning: implicit declaration of function 'init_keypad'; did you mean 'init_lcd'? [-Wimplicit-function-declaration]
     init_keypad();
     ^~~~~~~~~~~
     init_lcd
../src/main.c:131:5: warning: implicit declaration of function 'setup_timer6' [-Wimplicit-function-declaration]
     setup_timer6();
     ^~~~~~~~~~~~
../src/main.c: At top level:
../src/main.c:149:6: warning: conflicting types for 'setup_gpio'
 void setup_gpio() {
      ^~~~~~~~~~
../src/main.c:87:5: note: previous implicit declaration of 'setup_gpio' was here
     setup_gpio();
     ^~~~~~~~~~
../src/main.c:163:6: warning: conflicting types for 'setup_pwm'
 void setup_pwm() {
      ^~~~~~~~~
../src/main.c:88:5: note: previous implicit declaration of 'setup_pwm' was here
     setup_pwm();
     ^~~~~~~~~
../src/main.c:199:6: warning: conflicting types for 'update_rgb'
 void update_rgb(int r, int g, int b) {
      ^~~~~~~~~~
../src/main.c:121:9: note: previous implicit declaration of 'update_rgb' was here
         update_rgb(r, g, b);
         ^~~~~~~~~~
../src/main.c:217:6: warning: conflicting types for 'init_keypad'
 void init_keypad() {
      ^~~~~~~~~~~
../src/main.c:130:5: note: previous implicit declaration of 'init_keypad' was here
     init_keypad();
     ^~~~~~~~~~~
../src/main.c:233:6: warning: conflicting types for 'setup_timer6'
 void setup_timer6() {
      ^~~~~~~~~~~~
../src/main.c:131:5: note: previous implicit declaration of 'setup_timer6' was here
     setup_timer6();
     ^~~~~~~~~~~~
../src/main.c: In function 'prob4':
../src/main.c:274:11: warning: unused variable 'key' [-Wunused-variable]
      char key = get_char_key();
           ^~~
../src/main.c: In function 'get_key_press':
../src/main.c:246:1: warning: control reaches end of non-void function [-Wreturn-type]
 }
 ^
../src/main.c: In function 'get_key_release':
../src/main.c:251:1: warning: control reaches end of non-void function [-Wreturn-type]
 }
 ^
Finished building: ../src/main.c
 
Building target: Lab7.elf
Invoking: MCU GCC Linker
arm-none-eabi-gcc -mcpu=cortex-m0 -mthumb -mfloat-abi=soft -T"/home/shay/a/fu216/workspace/stm32f0_test/Lab7/Lab7/LinkerScript.ld" -Wl,-Map=output.map -Wl,--gc-sections -o "Lab7.elf" @"objects.list" /home/shay/a/fu216/workspace/stm32f0_test/Lab7/Lab7/src/lcd_driver.o  -lm
Finished building target: Lab7.elf
 
make --no-print-directory post-build
Generating binary and Printing size information:
arm-none-eabi-objcopy -O binary "Lab7.elf" "Lab7.bin"
arm-none-eabi-size "Lab7.elf"
   text	   data	    bss	    dec	    hex	filename
   2984	   1144	    228	   4356	   1104	Lab7.elf
 
16:24:59 **** Incremental Build of configuration Debug for project Lab7 ****
make -j8 all 
Building file: ../src/main.c
Invoking: MCU GCC Compiler
/home/shay/a/fu216/workspace/stm32f0_test/Lab7/Lab7/Debug
arm-none-eabi-gcc -mcpu=cortex-m0 -mthumb -mfloat-abi=soft -DSTM32 -DSTM32F0 -DSTM32F051R8Tx -DSTM32F0DISCOVERY -DDEBUG -DSTM32F051 -DUSE_STDPERIPH_DRIVER -I"/home/shay/a/fu216/workspace/stm32f0_test/Lab7/Lab7/Utilities" -I"/home/shay/a/fu216/workspace/stm32f0_test/Lab7/Lab7/StdPeriph_Driver/inc" -I"/home/shay/a/fu216/workspace/stm32f0_test/Lab7/Lab7/inc" -I"/home/shay/a/fu216/workspace/stm32f0_test/Lab7/Lab7/CMSIS/device" -I"/home/shay/a/fu216/workspace/stm32f0_test/Lab7/Lab7/CMSIS/core" -O0 -g3 -Wall -fmessage-length=0 -ffunction-sections -c -MMD -MP -MF"src/main.d" -MT"src/main.o" -o "src/main.o" "../src/main.c"
../src/main.c: In function 'get_key_pressed':
../src/main.c:19:12: warning: implicit declaration of function 'get_key_press'; did you mean 'get_key_pressed'? [-Wimplicit-function-declaration]
  int key = get_key_press();
            ^~~~~~~~~~~~~
            get_key_pressed
../src/main.c:20:15: warning: implicit declaration of function 'get_key_release'; did you mean 'get_key_pressed'? [-Wimplicit-function-declaration]
  while(key != get_key_release());
               ^~~~~~~~~~~~~~~
               get_key_pressed
../src/main.c: In function 'prob2':
../src/main.c:87:5: warning: implicit declaration of function 'setup_gpio' [-Wimplicit-function-declaration]
     setup_gpio();
     ^~~~~~~~~~
../src/main.c:88:5: warning: implicit declaration of function 'setup_pwm' [-Wimplicit-function-declaration]
     setup_pwm();
     ^~~~~~~~~
../src/main.c:121:9: warning: implicit declaration of function 'update_rgb' [-Wimplicit-function-declaration]
         update_rgb(r, g, b);
         ^~~~~~~~~~
../src/main.c:122:9: warning: implicit declaration of function 'usleep' [-Wimplicit-function-declaration]
         usleep(10000);
         ^~~~~~
../src/main.c: In function 'prob3':
../src/main.c:130:5: warning: implicit declaration of function 'init_keypad'; did you mean 'init_lcd'? [-Wimplicit-function-declaration]
     init_keypad();
     ^~~~~~~~~~~
     init_lcd
../src/main.c:131:5: warning: implicit declaration of function 'setup_timer6' [-Wimplicit-function-declaration]
     setup_timer6();
     ^~~~~~~~~~~~
../src/main.c: At top level:
../src/main.c:149:6: warning: conflicting types for 'setup_gpio'
 void setup_gpio() {
      ^~~~~~~~~~
../src/main.c:87:5: note: previous implicit declaration of 'setup_gpio' was here
     setup_gpio();
     ^~~~~~~~~~
../src/main.c:163:6: warning: conflicting types for 'setup_pwm'
 void setup_pwm() {
      ^~~~~~~~~
../src/main.c:88:5: note: previous implicit declaration of 'setup_pwm' was here
     setup_pwm();
     ^~~~~~~~~
../src/main.c:199:6: warning: conflicting types for 'update_rgb'
 void update_rgb(int r, int g, int b) {
      ^~~~~~~~~~
../src/main.c:121:9: note: previous implicit declaration of 'update_rgb' was here
         update_rgb(r, g, b);
         ^~~~~~~~~~
../src/main.c:217:6: warning: conflicting types for 'init_keypad'
 void init_keypad() {
      ^~~~~~~~~~~
../src/main.c:130:5: note: previous implicit declaration of 'init_keypad' was here
     init_keypad();
     ^~~~~~~~~~~
../src/main.c:233:6: warning: conflicting types for 'setup_timer6'
 void setup_timer6() {
      ^~~~~~~~~~~~
../src/main.c:131:5: note: previous implicit declaration of 'setup_timer6' was here
     setup_timer6();
     ^~~~~~~~~~~~
../src/main.c: In function 'prob4':
../src/main.c:274:11: warning: unused variable 'key' [-Wunused-variable]
      char key = get_char_key();
           ^~~
../src/main.c: In function 'get_key_press':
../src/main.c:246:1: warning: control reaches end of non-void function [-Wreturn-type]
 }
 ^
../src/main.c: In function 'get_key_release':
../src/main.c:251:1: warning: control reaches end of non-void function [-Wreturn-type]
 }
 ^
Finished building: ../src/main.c
 
Building target: Lab7.elf
Invoking: MCU GCC Linker
arm-none-eabi-gcc -mcpu=cortex-m0 -mthumb -mfloat-abi=soft -T"/home/shay/a/fu216/workspace/stm32f0_test/Lab7/Lab7/LinkerScript.ld" -Wl,-Map=output.map -Wl,--gc-sections -o "Lab7.elf" @"objects.list" /home/shay/a/fu216/workspace/stm32f0_test/Lab7/Lab7/src/lcd_driver.o  -lm
Finished building target: Lab7.elf
 
make --no-print-directory post-build
Generating binary and Printing size information:
arm-none-eabi-objcopy -O binary "Lab7.elf" "Lab7.bin"
arm-none-eabi-size "Lab7.elf"
   text	   data	    bss	    dec	    hex	filename
   2984	   1144	    228	   4356	   1104	Lab7.elf
 
16:26:03 **** Incremental Build of configuration Debug for project Lab7 ****
make -j8 all 
Building file: ../src/main.c
Invoking: MCU GCC Compiler
/home/shay/a/fu216/workspace/stm32f0_test/Lab7/Lab7/Debug
arm-none-eabi-gcc -mcpu=cortex-m0 -mthumb -mfloat-abi=soft -DSTM32 -DSTM32F0 -DSTM32F051R8Tx -DSTM32F0DISCOVERY -DDEBUG -DSTM32F051 -DUSE_STDPERIPH_DRIVER -I"/home/shay/a/fu216/workspace/stm32f0_test/Lab7/Lab7/Utilities" -I"/home/shay/a/fu216/workspace/stm32f0_test/Lab7/Lab7/StdPeriph_Driver/inc" -I"/home/shay/a/fu216/workspace/stm32f0_test/Lab7/Lab7/inc" -I"/home/shay/a/fu216/workspace/stm32f0_test/Lab7/Lab7/CMSIS/device" -I"/home/shay/a/fu216/workspace/stm32f0_test/Lab7/Lab7/CMSIS/core" -O0 -g3 -Wall -fmessage-length=0 -ffunction-sections -c -MMD -MP -MF"src/main.d" -MT"src/main.o" -o "src/main.o" "../src/main.c"
../src/main.c: In function 'get_key_pressed':
../src/main.c:19:12: warning: implicit declaration of function 'get_key_press'; did you mean 'get_key_pressed'? [-Wimplicit-function-declaration]
  int key = get_key_press();
            ^~~~~~~~~~~~~
            get_key_pressed
../src/main.c:20:15: warning: implicit declaration of function 'get_key_release'; did you mean 'get_key_pressed'? [-Wimplicit-function-declaration]
  while(key != get_key_release());
               ^~~~~~~~~~~~~~~
               get_key_pressed
../src/main.c: In function 'prob2':
../src/main.c:87:5: warning: implicit declaration of function 'setup_gpio' [-Wimplicit-function-declaration]
     setup_gpio();
     ^~~~~~~~~~
../src/main.c:88:5: warning: implicit declaration of function 'setup_pwm' [-Wimplicit-function-declaration]
     setup_pwm();
     ^~~~~~~~~
../src/main.c:121:9: warning: implicit declaration of function 'update_rgb' [-Wimplicit-function-declaration]
         update_rgb(r, g, b);
         ^~~~~~~~~~
../src/main.c:122:9: warning: implicit declaration of function 'usleep' [-Wimplicit-function-declaration]
         usleep(10000);
         ^~~~~~
../src/main.c: In function 'prob3':
../src/main.c:130:5: warning: implicit declaration of function 'init_keypad'; did you mean 'init_lcd'? [-Wimplicit-function-declaration]
     init_keypad();
     ^~~~~~~~~~~
     init_lcd
../src/main.c:131:5: warning: implicit declaration of function 'setup_timer6' [-Wimplicit-function-declaration]
     setup_timer6();
     ^~~~~~~~~~~~
../src/main.c: At top level:
../src/main.c:149:6: warning: conflicting types for 'setup_gpio'
 void setup_gpio() {
      ^~~~~~~~~~
../src/main.c:87:5: note: previous implicit declaration of 'setup_gpio' was here
     setup_gpio();
     ^~~~~~~~~~
../src/main.c:163:6: warning: conflicting types for 'setup_pwm'
 void setup_pwm() {
      ^~~~~~~~~
../src/main.c:88:5: note: previous implicit declaration of 'setup_pwm' was here
     setup_pwm();
     ^~~~~~~~~
../src/main.c:199:6: warning: conflicting types for 'update_rgb'
 void update_rgb(int r, int g, int b) {
      ^~~~~~~~~~
../src/main.c:121:9: note: previous implicit declaration of 'update_rgb' was here
         update_rgb(r, g, b);
         ^~~~~~~~~~
../src/main.c:217:6: warning: conflicting types for 'init_keypad'
 void init_keypad() {
      ^~~~~~~~~~~
../src/main.c:130:5: note: previous implicit declaration of 'init_keypad' was here
     init_keypad();
     ^~~~~~~~~~~
../src/main.c:233:6: warning: conflicting types for 'setup_timer6'
 void setup_timer6() {
      ^~~~~~~~~~~~
../src/main.c:131:5: note: previous implicit declaration of 'setup_timer6' was here
     setup_timer6();
     ^~~~~~~~~~~~
../src/main.c: In function 'prob4':
../src/main.c:274:11: warning: unused variable 'key' [-Wunused-variable]
      char key = get_char_key();
           ^~~
../src/main.c: In function 'get_key_press':
../src/main.c:246:1: warning: control reaches end of non-void function [-Wreturn-type]
 }
 ^
../src/main.c: In function 'get_key_release':
../src/main.c:251:1: warning: control reaches end of non-void function [-Wreturn-type]
 }
 ^
Finished building: ../src/main.c
 
Building target: Lab7.elf
Invoking: MCU GCC Linker
arm-none-eabi-gcc -mcpu=cortex-m0 -mthumb -mfloat-abi=soft -T"/home/shay/a/fu216/workspace/stm32f0_test/Lab7/Lab7/LinkerScript.ld" -Wl,-Map=output.map -Wl,--gc-sections -o "Lab7.elf" @"objects.list" /home/shay/a/fu216/workspace/stm32f0_test/Lab7/Lab7/src/lcd_driver.o  -lm
Finished building target: Lab7.elf
 
make --no-print-directory post-build
Generating binary and Printing size information:
arm-none-eabi-objcopy -O binary "Lab7.elf" "Lab7.bin"
arm-none-eabi-size "Lab7.elf"
   text	   data	    bss	    dec	    hex	filename
   1996	   1080	    228	   3304	    ce8	Lab7.elf
 
16:47:53 **** Incremental Build of configuration Debug for project Lab7 ****
make -j8 all 
Building file: ../src/main.c
Invoking: MCU GCC Compiler
/home/shay/a/fu216/workspace/stm32f0_test/Lab7/Lab7/Debug
arm-none-eabi-gcc -mcpu=cortex-m0 -mthumb -mfloat-abi=soft -DSTM32 -DSTM32F0 -DSTM32F051R8Tx -DSTM32F0DISCOVERY -DDEBUG -DSTM32F051 -DUSE_STDPERIPH_DRIVER -I"/home/shay/a/fu216/workspace/stm32f0_test/Lab7/Lab7/Utilities" -I"/home/shay/a/fu216/workspace/stm32f0_test/Lab7/Lab7/StdPeriph_Driver/inc" -I"/home/shay/a/fu216/workspace/stm32f0_test/Lab7/Lab7/inc" -I"/home/shay/a/fu216/workspace/stm32f0_test/Lab7/Lab7/CMSIS/device" -I"/home/shay/a/fu216/workspace/stm32f0_test/Lab7/Lab7/CMSIS/core" -O0 -g3 -Wall -fmessage-length=0 -ffunction-sections -c -MMD -MP -MF"src/main.d" -MT"src/main.o" -o "src/main.o" "../src/main.c"
../src/main.c: In function 'get_key_pressed':
../src/main.c:19:12: warning: implicit declaration of function 'get_key_press'; did you mean 'get_key_pressed'? [-Wimplicit-function-declaration]
  int key = get_key_press();
            ^~~~~~~~~~~~~
            get_key_pressed
../src/main.c:20:15: warning: implicit declaration of function 'get_key_release'; did you mean 'get_key_pressed'? [-Wimplicit-function-declaration]
  while(key != get_key_release());
               ^~~~~~~~~~~~~~~
               get_key_pressed
../src/main.c: In function 'prob2':
../src/main.c:87:5: warning: implicit declaration of function 'setup_gpio' [-Wimplicit-function-declaration]
     setup_gpio();
     ^~~~~~~~~~
../src/main.c:88:5: warning: implicit declaration of function 'setup_pwm' [-Wimplicit-function-declaration]
     setup_pwm();
     ^~~~~~~~~
../src/main.c:121:9: warning: implicit declaration of function 'update_rgb' [-Wimplicit-function-declaration]
         update_rgb(r, g, b);
         ^~~~~~~~~~
../src/main.c:122:9: warning: implicit declaration of function 'usleep' [-Wimplicit-function-declaration]
         usleep(10000);
         ^~~~~~
../src/main.c: In function 'prob3':
../src/main.c:130:5: warning: implicit declaration of function 'init_keypad'; did you mean 'init_lcd'? [-Wimplicit-function-declaration]
     init_keypad();
     ^~~~~~~~~~~
     init_lcd
../src/main.c:131:5: warning: implicit declaration of function 'setup_timer6' [-Wimplicit-function-declaration]
     setup_timer6();
     ^~~~~~~~~~~~
../src/main.c: At top level:
../src/main.c:149:6: warning: conflicting types for 'setup_gpio'
 void setup_gpio() {
      ^~~~~~~~~~
../src/main.c:87:5: note: previous implicit declaration of 'setup_gpio' was here
     setup_gpio();
     ^~~~~~~~~~
../src/main.c:163:6: warning: conflicting types for 'setup_pwm'
 void setup_pwm() {
      ^~~~~~~~~
../src/main.c:88:5: note: previous implicit declaration of 'setup_pwm' was here
     setup_pwm();
     ^~~~~~~~~
../src/main.c:199:6: warning: conflicting types for 'update_rgb'
 void update_rgb(int r, int g, int b) {
      ^~~~~~~~~~
../src/main.c:121:9: note: previous implicit declaration of 'update_rgb' was here
         update_rgb(r, g, b);
         ^~~~~~~~~~
../src/main.c:217:6: warning: conflicting types for 'init_keypad'
 void init_keypad() {
      ^~~~~~~~~~~
../src/main.c:130:5: note: previous implicit declaration of 'init_keypad' was here
     init_keypad();
     ^~~~~~~~~~~
../src/main.c:233:6: warning: conflicting types for 'setup_timer6'
 void setup_timer6() {
      ^~~~~~~~~~~~
../src/main.c:131:5: note: previous implicit declaration of 'setup_timer6' was here
     setup_timer6();
     ^~~~~~~~~~~~
../src/main.c: In function 'prob4':
../src/main.c:305:11: warning: unused variable 'key' [-Wunused-variable]
      char key = get_char_key();
           ^~~
Finished building: ../src/main.c
 
Building target: Lab7.elf
Invoking: MCU GCC Linker
arm-none-eabi-gcc -mcpu=cortex-m0 -mthumb -mfloat-abi=soft -T"/home/shay/a/fu216/workspace/stm32f0_test/Lab7/Lab7/LinkerScript.ld" -Wl,-Map=output.map -Wl,--gc-sections -o "Lab7.elf" @"objects.list" /home/shay/a/fu216/workspace/stm32f0_test/Lab7/Lab7/src/lcd_driver.o  -lm
Finished building target: Lab7.elf
 
make --no-print-directory post-build
Generating binary and Printing size information:
arm-none-eabi-objcopy -O binary "Lab7.elf" "Lab7.bin"
arm-none-eabi-size "Lab7.elf"
   text	   data	    bss	    dec	    hex	filename
   3308	   1144	    228	   4680	   1248	Lab7.elf
 
16:52:11 **** Incremental Build of configuration Debug for project Lab7 ****
make -j8 all 
Building file: ../src/main.c
Invoking: MCU GCC Compiler
/home/shay/a/fu216/workspace/stm32f0_test/Lab7/Lab7/Debug
arm-none-eabi-gcc -mcpu=cortex-m0 -mthumb -mfloat-abi=soft -DSTM32 -DSTM32F0 -DSTM32F051R8Tx -DSTM32F0DISCOVERY -DDEBUG -DSTM32F051 -DUSE_STDPERIPH_DRIVER -I"/home/shay/a/fu216/workspace/stm32f0_test/Lab7/Lab7/Utilities" -I"/home/shay/a/fu216/workspace/stm32f0_test/Lab7/Lab7/StdPeriph_Driver/inc" -I"/home/shay/a/fu216/workspace/stm32f0_test/Lab7/Lab7/inc" -I"/home/shay/a/fu216/workspace/stm32f0_test/Lab7/Lab7/CMSIS/device" -I"/home/shay/a/fu216/workspace/stm32f0_test/Lab7/Lab7/CMSIS/core" -O0 -g3 -Wall -fmessage-length=0 -ffunction-sections -c -MMD -MP -MF"src/main.d" -MT"src/main.o" -o "src/main.o" "../src/main.c"
../src/main.c: In function 'get_key_pressed':
../src/main.c:19:12: warning: implicit declaration of function 'get_key_press'; did you mean 'get_key_pressed'? [-Wimplicit-function-declaration]
  int key = get_key_press();
            ^~~~~~~~~~~~~
            get_key_pressed
../src/main.c:20:15: warning: implicit declaration of function 'get_key_release'; did you mean 'get_key_pressed'? [-Wimplicit-function-declaration]
  while(key != get_key_release());
               ^~~~~~~~~~~~~~~
               get_key_pressed
../src/main.c: In function 'prob2':
../src/main.c:87:5: warning: implicit declaration of function 'setup_gpio' [-Wimplicit-function-declaration]
     setup_gpio();
     ^~~~~~~~~~
../src/main.c:88:5: warning: implicit declaration of function 'setup_pwm' [-Wimplicit-function-declaration]
     setup_pwm();
     ^~~~~~~~~
../src/main.c:121:9: warning: implicit declaration of function 'update_rgb' [-Wimplicit-function-declaration]
         update_rgb(r, g, b);
         ^~~~~~~~~~
../src/main.c:122:9: warning: implicit declaration of function 'usleep' [-Wimplicit-function-declaration]
         usleep(10000);
         ^~~~~~
../src/main.c: In function 'prob3':
../src/main.c:130:5: warning: implicit declaration of function 'init_keypad'; did you mean 'init_lcd'? [-Wimplicit-function-declaration]
     init_keypad();
     ^~~~~~~~~~~
     init_lcd
../src/main.c:131:5: warning: implicit declaration of function 'setup_timer6' [-Wimplicit-function-declaration]
     setup_timer6();
     ^~~~~~~~~~~~
../src/main.c: At top level:
../src/main.c:149:6: warning: conflicting types for 'setup_gpio'
 void setup_gpio() {
      ^~~~~~~~~~
../src/main.c:87:5: note: previous implicit declaration of 'setup_gpio' was here
     setup_gpio();
     ^~~~~~~~~~
../src/main.c:163:6: warning: conflicting types for 'setup_pwm'
 void setup_pwm() {
      ^~~~~~~~~
../src/main.c:88:5: note: previous implicit declaration of 'setup_pwm' was here
     setup_pwm();
     ^~~~~~~~~
../src/main.c:199:6: warning: conflicting types for 'update_rgb'
 void update_rgb(int r, int g, int b) {
      ^~~~~~~~~~
../src/main.c:121:9: note: previous implicit declaration of 'update_rgb' was here
         update_rgb(r, g, b);
         ^~~~~~~~~~
../src/main.c:217:6: warning: conflicting types for 'init_keypad'
 void init_keypad() {
      ^~~~~~~~~~~
../src/main.c:130:5: note: previous implicit declaration of 'init_keypad' was here
     init_keypad();
     ^~~~~~~~~~~
../src/main.c:233:6: warning: conflicting types for 'setup_timer6'
 void setup_timer6() {
      ^~~~~~~~~~~~
../src/main.c:131:5: note: previous implicit declaration of 'setup_timer6' was here
     setup_timer6();
     ^~~~~~~~~~~~
../src/main.c: In function 'prob4':
../src/main.c:309:7: error: too few arguments to function 'update_freq'
       update_freq();
       ^~~~~~~~~~~
../src/main.c:189:6: note: declared here
 void update_freq(int freq) {
      ^~~~~~~~~~~
../src/main.c:313:7: error: too few arguments to function 'update_rgb'
       update_rgb();
       ^~~~~~~~~~
../src/main.c:199:6: note: declared here
 void update_rgb(int r, int g, int b) {
      ^~~~~~~~~~
make: *** [src/main.o] Error 1
src/subdir.mk:27: recipe for target 'src/main.o' failed
16:54:47 **** Incremental Build of configuration Debug for project Lab7 ****
make -j8 all 
Building file: ../src/main.c
Invoking: MCU GCC Compiler
/home/shay/a/fu216/workspace/stm32f0_test/Lab7/Lab7/Debug
arm-none-eabi-gcc -mcpu=cortex-m0 -mthumb -mfloat-abi=soft -DSTM32 -DSTM32F0 -DSTM32F051R8Tx -DSTM32F0DISCOVERY -DDEBUG -DSTM32F051 -DUSE_STDPERIPH_DRIVER -I"/home/shay/a/fu216/workspace/stm32f0_test/Lab7/Lab7/Utilities" -I"/home/shay/a/fu216/workspace/stm32f0_test/Lab7/Lab7/StdPeriph_Driver/inc" -I"/home/shay/a/fu216/workspace/stm32f0_test/Lab7/Lab7/inc" -I"/home/shay/a/fu216/workspace/stm32f0_test/Lab7/Lab7/CMSIS/device" -I"/home/shay/a/fu216/workspace/stm32f0_test/Lab7/Lab7/CMSIS/core" -O0 -g3 -Wall -fmessage-length=0 -ffunction-sections -c -MMD -MP -MF"src/main.d" -MT"src/main.o" -o "src/main.o" "../src/main.c"
../src/main.c: In function 'get_key_pressed':
../src/main.c:19:12: warning: implicit declaration of function 'get_key_press'; did you mean 'get_key_pressed'? [-Wimplicit-function-declaration]
  int key = get_key_press();
            ^~~~~~~~~~~~~
            get_key_pressed
../src/main.c:20:15: warning: implicit declaration of function 'get_key_release'; did you mean 'get_key_pressed'? [-Wimplicit-function-declaration]
  while(key != get_key_release());
               ^~~~~~~~~~~~~~~
               get_key_pressed
../src/main.c: In function 'prob2':
../src/main.c:87:5: warning: implicit declaration of function 'setup_gpio' [-Wimplicit-function-declaration]
     setup_gpio();
     ^~~~~~~~~~
../src/main.c:88:5: warning: implicit declaration of function 'setup_pwm' [-Wimplicit-function-declaration]
     setup_pwm();
     ^~~~~~~~~
../src/main.c:121:9: warning: implicit declaration of function 'update_rgb' [-Wimplicit-function-declaration]
         update_rgb(r, g, b);
         ^~~~~~~~~~
../src/main.c:122:9: warning: implicit declaration of function 'usleep' [-Wimplicit-function-declaration]
         usleep(10000);
         ^~~~~~
../src/main.c: In function 'prob3':
../src/main.c:130:5: warning: implicit declaration of function 'init_keypad'; did you mean 'init_lcd'? [-Wimplicit-function-declaration]
     init_keypad();
     ^~~~~~~~~~~
     init_lcd
../src/main.c:131:5: warning: implicit declaration of function 'setup_timer6' [-Wimplicit-function-declaration]
     setup_timer6();
     ^~~~~~~~~~~~
../src/main.c: At top level:
../src/main.c:149:6: warning: conflicting types for 'setup_gpio'
 void setup_gpio() {
      ^~~~~~~~~~
../src/main.c:87:5: note: previous implicit declaration of 'setup_gpio' was here
     setup_gpio();
     ^~~~~~~~~~
../src/main.c:163:6: warning: conflicting types for 'setup_pwm'
 void setup_pwm() {
      ^~~~~~~~~
../src/main.c:88:5: note: previous implicit declaration of 'setup_pwm' was here
     setup_pwm();
     ^~~~~~~~~
../src/main.c:199:6: warning: conflicting types for 'update_rgb'
 void update_rgb(int r, int g, int b) {
      ^~~~~~~~~~
../src/main.c:121:9: note: previous implicit declaration of 'update_rgb' was here
         update_rgb(r, g, b);
         ^~~~~~~~~~
../src/main.c:217:6: warning: conflicting types for 'init_keypad'
 void init_keypad() {
      ^~~~~~~~~~~
../src/main.c:130:5: note: previous implicit declaration of 'init_keypad' was here
     init_keypad();
     ^~~~~~~~~~~
../src/main.c:233:6: warning: conflicting types for 'setup_timer6'
 void setup_timer6() {
      ^~~~~~~~~~~~
../src/main.c:131:5: note: previous implicit declaration of 'setup_timer6' was here
     setup_timer6();
     ^~~~~~~~~~~~
Finished building: ../src/main.c
 
Building target: Lab7.elf
Invoking: MCU GCC Linker
arm-none-eabi-gcc -mcpu=cortex-m0 -mthumb -mfloat-abi=soft -T"/home/shay/a/fu216/workspace/stm32f0_test/Lab7/Lab7/LinkerScript.ld" -Wl,-Map=output.map -Wl,--gc-sections -o "Lab7.elf" @"objects.list" /home/shay/a/fu216/workspace/stm32f0_test/Lab7/Lab7/src/lcd_driver.o  -lm
Finished building target: Lab7.elf
 
make --no-print-directory post-build
Generating binary and Printing size information:
arm-none-eabi-objcopy -O binary "Lab7.elf" "Lab7.bin"
arm-none-eabi-size "Lab7.elf"
   text	   data	    bss	    dec	    hex	filename
   4152	   1144	    228	   5524	   1594	Lab7.elf
 
16:54:49 **** Incremental Build of configuration Debug for project Lab7 ****
make -j8 all 
make: Nothing to be done for 'all'.
16:58:10 **** Incremental Build of configuration Debug for project Lab7 ****
make -j8 all 
Building file: ../src/main.c
Invoking: MCU GCC Compiler
/home/shay/a/fu216/workspace/stm32f0_test/Lab7/Lab7/Debug
arm-none-eabi-gcc -mcpu=cortex-m0 -mthumb -mfloat-abi=soft -DSTM32 -DSTM32F0 -DSTM32F051R8Tx -DSTM32F0DISCOVERY -DDEBUG -DSTM32F051 -DUSE_STDPERIPH_DRIVER -I"/home/shay/a/fu216/workspace/stm32f0_test/Lab7/Lab7/Utilities" -I"/home/shay/a/fu216/workspace/stm32f0_test/Lab7/Lab7/StdPeriph_Driver/inc" -I"/home/shay/a/fu216/workspace/stm32f0_test/Lab7/Lab7/inc" -I"/home/shay/a/fu216/workspace/stm32f0_test/Lab7/Lab7/CMSIS/device" -I"/home/shay/a/fu216/workspace/stm32f0_test/Lab7/Lab7/CMSIS/core" -O0 -g3 -Wall -fmessage-length=0 -ffunction-sections -c -MMD -MP -MF"src/main.d" -MT"src/main.o" -o "src/main.o" "../src/main.c"
../src/main.c: In function 'get_key_pressed':
../src/main.c:19:12: warning: implicit declaration of function 'get_key_press'; did you mean 'get_key_pressed'? [-Wimplicit-function-declaration]
  int key = get_key_press();
            ^~~~~~~~~~~~~
            get_key_pressed
../src/main.c:20:15: warning: implicit declaration of function 'get_key_release'; did you mean 'get_key_pressed'? [-Wimplicit-function-declaration]
  while(key != get_key_release());
               ^~~~~~~~~~~~~~~
               get_key_pressed
../src/main.c: In function 'prob2':
../src/main.c:87:5: warning: implicit declaration of function 'setup_gpio' [-Wimplicit-function-declaration]
     setup_gpio();
     ^~~~~~~~~~
../src/main.c:88:5: warning: implicit declaration of function 'setup_pwm' [-Wimplicit-function-declaration]
     setup_pwm();
     ^~~~~~~~~
../src/main.c:121:9: warning: implicit declaration of function 'update_rgb' [-Wimplicit-function-declaration]
         update_rgb(r, g, b);
         ^~~~~~~~~~
../src/main.c:122:9: warning: implicit declaration of function 'usleep' [-Wimplicit-function-declaration]
         usleep(10000);
         ^~~~~~
../src/main.c: In function 'prob3':
../src/main.c:130:5: warning: implicit declaration of function 'init_keypad'; did you mean 'init_lcd'? [-Wimplicit-function-declaration]
     init_keypad();
     ^~~~~~~~~~~
     init_lcd
../src/main.c:131:5: warning: implicit declaration of function 'setup_timer6' [-Wimplicit-function-declaration]
     setup_timer6();
     ^~~~~~~~~~~~
../src/main.c: At top level:
../src/main.c:149:6: warning: conflicting types for 'setup_gpio'
 void setup_gpio() {
      ^~~~~~~~~~
../src/main.c:87:5: note: previous implicit declaration of 'setup_gpio' was here
     setup_gpio();
     ^~~~~~~~~~
../src/main.c:163:6: warning: conflicting types for 'setup_pwm'
 void setup_pwm() {
      ^~~~~~~~~
../src/main.c:88:5: note: previous implicit declaration of 'setup_pwm' was here
     setup_pwm();
     ^~~~~~~~~
../src/main.c:199:6: warning: conflicting types for 'update_rgb'
 void update_rgb(int r, int g, int b) {
      ^~~~~~~~~~
../src/main.c:121:9: note: previous implicit declaration of 'update_rgb' was here
         update_rgb(r, g, b);
         ^~~~~~~~~~
../src/main.c:217:6: warning: conflicting types for 'init_keypad'
 void init_keypad() {
      ^~~~~~~~~~~
../src/main.c:130:5: note: previous implicit declaration of 'init_keypad' was here
     init_keypad();
     ^~~~~~~~~~~
../src/main.c:233:6: warning: conflicting types for 'setup_timer6'
 void setup_timer6() {
      ^~~~~~~~~~~~
../src/main.c:131:5: note: previous implicit declaration of 'setup_timer6' was here
     setup_timer6();
     ^~~~~~~~~~~~
Finished building: ../src/main.c
 
Building target: Lab7.elf
Invoking: MCU GCC Linker
arm-none-eabi-gcc -mcpu=cortex-m0 -mthumb -mfloat-abi=soft -T"/home/shay/a/fu216/workspace/stm32f0_test/Lab7/Lab7/LinkerScript.ld" -Wl,-Map=output.map -Wl,--gc-sections -o "Lab7.elf" @"objects.list" /home/shay/a/fu216/workspace/stm32f0_test/Lab7/Lab7/src/lcd_driver.o  -lm
Finished building target: Lab7.elf
 
make --no-print-directory post-build
Generating binary and Printing size information:
arm-none-eabi-objcopy -O binary "Lab7.elf" "Lab7.bin"
arm-none-eabi-size "Lab7.elf"
   text	   data	    bss	    dec	    hex	filename
   4164	   1144	    228	   5536	   15a0	Lab7.elf
 
