13:25:53 **** Incremental Build of configuration Debug for project Lab4 ****
make -j8 all 
make: Nothing to be done for 'all'.
13:25:59 **** Incremental Build of configuration Debug for project Lab4 ****
make -j8 all 
make: Nothing to be done for 'all'.
13:27:12 **** Incremental Build of configuration Debug for project Lab4 ****
make -j8 all 
make: Nothing to be done for 'all'.
13:27:14 **** Incremental Build of configuration Debug for project Lab4 ****
make -j8 all 
make: Nothing to be done for 'all'.
13:27:38 **** Incremental Build of configuration Debug for project Lab4 ****
make -j8 all 
make: Nothing to be done for 'all'.
13:29:28 **** Incremental Build of configuration Debug for project Lab4 ****
make -j8 all 
make: Nothing to be done for 'all'.
13:29:59 **** Incremental Build of configuration Debug for project Lab4 ****
make -j8 all 
make: Nothing to be done for 'all'.
13:30:32 **** Incremental Build of configuration Debug for project Lab4 ****
make -j8 all 
make: Nothing to be done for 'all'.
13:32:32 **** Incremental Build of configuration Debug for project Lab4 ****
make -j8 all 
Building file: ../src/lab4.s
Invoking: MCU GCC Assembler
/home/shay/a/fu216/workspace/stm32f0_test/Lab4/Lab4/Debug
arm-none-eabi-as -mcpu=cortex-m0 -mthumb -mfloat-abi=soft -I"/home/shay/a/fu216/workspace/stm32f0_test/Lab4/Lab4/Utilities" -I"/home/shay/a/fu216/workspace/stm32f0_test/Lab4/Lab4/StdPeriph_Driver/inc" -I"/home/shay/a/fu216/workspace/stm32f0_test/Lab4/Lab4/inc" -I"/home/shay/a/fu216/workspace/stm32f0_test/Lab4/Lab4/CMSIS/device" -I"/home/shay/a/fu216/workspace/stm32f0_test/Lab4/Lab4/CMSIS/core" -g -o "src/lab4.o" "../src/lab4.s"
Finished building: ../src/lab4.s
 
Building target: Lab4.elf
Invoking: MCU GCC Linker
arm-none-eabi-gcc -mcpu=cortex-m0 -mthumb -mfloat-abi=soft -T"/home/shay/a/fu216/workspace/stm32f0_test/Lab4/Lab4/LinkerScript.ld" -Wl,-Map=output.map -Wl,--gc-sections -o "Lab4.elf" @"objects.list" /home/shay/a/fu216/workspace/stm32f0_test/Lab4/Lab4/src/autotest.o  -lm
Finished building target: Lab4.elf
 
make --no-print-directory post-build
Generating binary and Printing size information:
arm-none-eabi-objcopy -O binary "Lab4.elf" "Lab4.bin"
arm-none-eabi-size "Lab4.elf"
   text	   data	    bss	    dec	    hex	filename
   1444	   1080	    196	   2720	    aa0	Lab4.elf
 
13:32:57 **** Incremental Build of configuration Debug for project Lab4 ****
make -j8 all 
make: Nothing to be done for 'all'.
13:39:54 **** Incremental Build of configuration Debug for project Lab4 ****
make -j8 all 
Building file: ../src/lab4.s
Invoking: MCU GCC Assembler
/home/shay/a/fu216/workspace/stm32f0_test/Lab4/Lab4/Debug
arm-none-eabi-as -mcpu=cortex-m0 -mthumb -mfloat-abi=soft -I"/home/shay/a/fu216/workspace/stm32f0_test/Lab4/Lab4/Utilities" -I"/home/shay/a/fu216/workspace/stm32f0_test/Lab4/Lab4/StdPeriph_Driver/inc" -I"/home/shay/a/fu216/workspace/stm32f0_test/Lab4/Lab4/inc" -I"/home/shay/a/fu216/workspace/stm32f0_test/Lab4/Lab4/CMSIS/device" -I"/home/shay/a/fu216/workspace/stm32f0_test/Lab4/Lab4/CMSIS/core" -g -o "src/lab4.o" "../src/lab4.s"
Finished building: ../src/lab4.s
 
Building target: Lab4.elf
Invoking: MCU GCC Linker
arm-none-eabi-gcc -mcpu=cortex-m0 -mthumb -mfloat-abi=soft -T"/home/shay/a/fu216/workspace/stm32f0_test/Lab4/Lab4/LinkerScript.ld" -Wl,-Map=output.map -Wl,--gc-sections -o "Lab4.elf" @"objects.list" /home/shay/a/fu216/workspace/stm32f0_test/Lab4/Lab4/src/autotest.o  -lm
Finished building target: Lab4.elf
 
make --no-print-directory post-build
Generating binary and Printing size information:
arm-none-eabi-objcopy -O binary "Lab4.elf" "Lab4.bin"
arm-none-eabi-size "Lab4.elf"
   text	   data	    bss	    dec	    hex	filename
   1444	   1080	    196	   2720	    aa0	Lab4.elf
 
13:40:02 **** Incremental Build of configuration Debug for project Lab4 ****
make -j8 all 
make: Nothing to be done for 'all'.
13:40:08 **** Incremental Build of configuration Debug for project Lab4 ****
make -j8 all 
make: Nothing to be done for 'all'.
13:40:33 **** Incremental Build of configuration Debug for project Lab4 ****
make -j8 all 
Building file: ../src/lab4.s
Invoking: MCU GCC Assembler
/home/shay/a/fu216/workspace/stm32f0_test/Lab4/Lab4/Debug
arm-none-eabi-as -mcpu=cortex-m0 -mthumb -mfloat-abi=soft -I"/home/shay/a/fu216/workspace/stm32f0_test/Lab4/Lab4/Utilities" -I"/home/shay/a/fu216/workspace/stm32f0_test/Lab4/Lab4/StdPeriph_Driver/inc" -I"/home/shay/a/fu216/workspace/stm32f0_test/Lab4/Lab4/inc" -I"/home/shay/a/fu216/workspace/stm32f0_test/Lab4/Lab4/CMSIS/device" -I"/home/shay/a/fu216/workspace/stm32f0_test/Lab4/Lab4/CMSIS/core" -g -o "src/lab4.o" "../src/lab4.s"
Finished building: ../src/lab4.s
 
Building target: Lab4.elf
Invoking: MCU GCC Linker
arm-none-eabi-gcc -mcpu=cortex-m0 -mthumb -mfloat-abi=soft -T"/home/shay/a/fu216/workspace/stm32f0_test/Lab4/Lab4/LinkerScript.ld" -Wl,-Map=output.map -Wl,--gc-sections -o "Lab4.elf" @"objects.list" /home/shay/a/fu216/workspace/stm32f0_test/Lab4/Lab4/src/autotest.o  -lm
Finished building target: Lab4.elf
 
make --no-print-directory post-build
Generating binary and Printing size information:
arm-none-eabi-objcopy -O binary "Lab4.elf" "Lab4.bin"
arm-none-eabi-size "Lab4.elf"
   text	   data	    bss	    dec	    hex	filename
   1444	   1080	    196	   2720	    aa0	Lab4.elf
 
13:40:39 **** Incremental Build of configuration Debug for project Lab4 ****
make -j8 all 
make: Nothing to be done for 'all'.
13:40:40 **** Incremental Build of configuration Debug for project Lab4 ****
make -j8 all 
make: Nothing to be done for 'all'.
13:40:45 **** Incremental Build of configuration Debug for project Lab4 ****
make -j8 all 
Building file: ../src/lab4.s
Invoking: MCU GCC Assembler
/home/shay/a/fu216/workspace/stm32f0_test/Lab4/Lab4/Debug
arm-none-eabi-as -mcpu=cortex-m0 -mthumb -mfloat-abi=soft -I"/home/shay/a/fu216/workspace/stm32f0_test/Lab4/Lab4/Utilities" -I"/home/shay/a/fu216/workspace/stm32f0_test/Lab4/Lab4/StdPeriph_Driver/inc" -I"/home/shay/a/fu216/workspace/stm32f0_test/Lab4/Lab4/inc" -I"/home/shay/a/fu216/workspace/stm32f0_test/Lab4/Lab4/CMSIS/device" -I"/home/shay/a/fu216/workspace/stm32f0_test/Lab4/Lab4/CMSIS/core" -g -o "src/lab4.o" "../src/lab4.s"
Finished building: ../src/lab4.s
 
Building target: Lab4.elf
Invoking: MCU GCC Linker
arm-none-eabi-gcc -mcpu=cortex-m0 -mthumb -mfloat-abi=soft -T"/home/shay/a/fu216/workspace/stm32f0_test/Lab4/Lab4/LinkerScript.ld" -Wl,-Map=output.map -Wl,--gc-sections -o "Lab4.elf" @"objects.list" /home/shay/a/fu216/workspace/stm32f0_test/Lab4/Lab4/src/autotest.o  -lm
Finished building target: Lab4.elf
 
make --no-print-directory post-build
Generating binary and Printing size information:
arm-none-eabi-objcopy -O binary "Lab4.elf" "Lab4.bin"
arm-none-eabi-size "Lab4.elf"
   text	   data	    bss	    dec	    hex	filename
   1444	   1080	    196	   2720	    aa0	Lab4.elf
 
13:48:25 **** Incremental Build of configuration Debug for project Lab4 ****
make -j8 all 
Building file: ../src/lab4.s
Invoking: MCU GCC Assembler
/home/shay/a/fu216/workspace/stm32f0_test/Lab4/Lab4/Debug
arm-none-eabi-as -mcpu=cortex-m0 -mthumb -mfloat-abi=soft -I"/home/shay/a/fu216/workspace/stm32f0_test/Lab4/Lab4/Utilities" -I"/home/shay/a/fu216/workspace/stm32f0_test/Lab4/Lab4/StdPeriph_Driver/inc" -I"/home/shay/a/fu216/workspace/stm32f0_test/Lab4/Lab4/inc" -I"/home/shay/a/fu216/workspace/stm32f0_test/Lab4/Lab4/CMSIS/device" -I"/home/shay/a/fu216/workspace/stm32f0_test/Lab4/Lab4/CMSIS/core" -g -o "src/lab4.o" "../src/lab4.s"
Finished building: ../src/lab4.s
 
Building target: Lab4.elf
Invoking: MCU GCC Linker
arm-none-eabi-gcc -mcpu=cortex-m0 -mthumb -mfloat-abi=soft -T"/home/shay/a/fu216/workspace/stm32f0_test/Lab4/Lab4/LinkerScript.ld" -Wl,-Map=output.map -Wl,--gc-sections -o "Lab4.elf" @"objects.list" /home/shay/a/fu216/workspace/stm32f0_test/Lab4/Lab4/src/autotest.o  -lm
Finished building target: Lab4.elf
 
make --no-print-directory post-build
Generating binary and Printing size information:
arm-none-eabi-objcopy -O binary "Lab4.elf" "Lab4.bin"
arm-none-eabi-size "Lab4.elf"
   text	   data	    bss	    dec	    hex	filename
   1444	   1080	    196	   2720	    aa0	Lab4.elf
 
13:53:43 **** Incremental Build of configuration Debug for project Lab4 ****
make -j8 all 
Building file: ../src/main.c
Invoking: MCU GCC Compiler
/home/shay/a/fu216/workspace/stm32f0_test/Lab4/Lab4/Debug
arm-none-eabi-gcc -mcpu=cortex-m0 -mthumb -mfloat-abi=soft -DSTM32 -DSTM32F0 -DSTM32F051R8Tx -DSTM32F0DISCOVERY -DDEBUG -DSTM32F051 -DUSE_STDPERIPH_DRIVER -I"/home/shay/a/fu216/workspace/stm32f0_test/Lab4/Lab4/Utilities" -I"/home/shay/a/fu216/workspace/stm32f0_test/Lab4/Lab4/StdPeriph_Driver/inc" -I"/home/shay/a/fu216/workspace/stm32f0_test/Lab4/Lab4/inc" -I"/home/shay/a/fu216/workspace/stm32f0_test/Lab4/Lab4/CMSIS/device" -I"/home/shay/a/fu216/workspace/stm32f0_test/Lab4/Lab4/CMSIS/core" -O0 -g3 -Wall -fmessage-length=0 -ffunction-sections -c -MMD -MP -MF"src/main.d" -MT"src/main.o" -o "src/main.o" "../src/main.c"
../src/main.c: In function 'reaction_timer':
../src/main.c:34:2: warning: implicit declaration of function 'turnOnBlueLED' [-Wimplicit-function-declaration]
  turnOnBlueLED();
  ^~~~~~~~~~~~~
../src/main.c:35:2: warning: implicit declaration of function 'init_rtsr'; did you mean 'init_systick'? [-Wimplicit-function-declaration]
  init_rtsr();
  ^~~~~~~~~
  init_systick
../src/main.c:36:2: warning: implicit declaration of function 'init_imr'; did you mean 'init_systick'? [-Wimplicit-function-declaration]
  init_imr();
  ^~~~~~~~
  init_systick
../src/main.c:37:2: warning: implicit declaration of function 'init_iser'; did you mean 'init_systick'? [-Wimplicit-function-declaration]
  init_iser();
  ^~~~~~~~~
  init_systick
Finished building: ../src/main.c
 
Building target: Lab4.elf
Invoking: MCU GCC Linker
arm-none-eabi-gcc -mcpu=cortex-m0 -mthumb -mfloat-abi=soft -T"/home/shay/a/fu216/workspace/stm32f0_test/Lab4/Lab4/LinkerScript.ld" -Wl,-Map=output.map -Wl,--gc-sections -o "Lab4.elf" @"objects.list" /home/shay/a/fu216/workspace/stm32f0_test/Lab4/Lab4/src/autotest.o  -lm
Finished building target: Lab4.elf
 
make --no-print-directory post-build
Generating binary and Printing size information:
arm-none-eabi-objcopy -O binary "Lab4.elf" "Lab4.bin"
arm-none-eabi-size "Lab4.elf"
   text	   data	    bss	    dec	    hex	filename
   1308	   1080	    196	   2584	    a18	Lab4.elf
 
15:23:30 **** Incremental Build of configuration Debug for project Lab4 ****
make -j8 all 
Building file: ../src/lab4.s
Building file: ../src/main.c
Invoking: MCU GCC Assembler
Invoking: MCU GCC Compiler
/home/shay/a/fu216/workspace/stm32f0_test/Lab4/Lab4/Debug
arm-none-eabi-gcc -mcpu=cortex-m0 -mthumb -mfloat-abi=soft -DSTM32 -DSTM32F0 -DSTM32F051R8Tx -DSTM32F0DISCOVERY -DDEBUG -DSTM32F051 -DUSE_STDPERIPH_DRIVER -I"/home/shay/a/fu216/workspace/stm32f0_test/Lab4/Lab4/Utilities" -I"/home/shay/a/fu216/workspace/stm32f0_test/Lab4/Lab4/StdPeriph_Driver/inc" -I"/home/shay/a/fu216/workspace/stm32f0_test/Lab4/Lab4/inc" -I"/home/shay/a/fu216/workspace/stm32f0_test/Lab4/Lab4/CMSIS/device" -I"/home/shay/a/fu216/workspace/stm32f0_test/Lab4/Lab4/CMSIS/core" -O0 -g3 -Wall -fmessage-length=0 -ffunction-sections -c -MMD -MP -MF"src/main.d" -MT"src/main.o" -o "src/main.o" "../src/main.c"
/home/shay/a/fu216/workspace/stm32f0_test/Lab4/Lab4/Debug
arm-none-eabi-as -mcpu=cortex-m0 -mthumb -mfloat-abi=soft -I"/home/shay/a/fu216/workspace/stm32f0_test/Lab4/Lab4/Utilities" -I"/home/shay/a/fu216/workspace/stm32f0_test/Lab4/Lab4/StdPeriph_Driver/inc" -I"/home/shay/a/fu216/workspace/stm32f0_test/Lab4/Lab4/inc" -I"/home/shay/a/fu216/workspace/stm32f0_test/Lab4/Lab4/CMSIS/device" -I"/home/shay/a/fu216/workspace/stm32f0_test/Lab4/Lab4/CMSIS/core" -g -o "src/lab4.o" "../src/lab4.s"
Finished building: ../src/lab4.s
 
../src/main.c: In function 'reaction_timer':
../src/main.c:34:2: warning: implicit declaration of function 'turnOnBlueLED' [-Wimplicit-function-declaration]
  turnOnBlueLED();
  ^~~~~~~~~~~~~
../src/main.c:35:2: warning: implicit declaration of function 'init_rtsr'; did you mean 'init_systick'? [-Wimplicit-function-declaration]
  init_rtsr();
  ^~~~~~~~~
  init_systick
../src/main.c:36:2: warning: implicit declaration of function 'init_imr'; did you mean 'init_systick'? [-Wimplicit-function-declaration]
  init_imr();
  ^~~~~~~~
  init_systick
../src/main.c:37:2: warning: implicit declaration of function 'init_iser'; did you mean 'init_systick'? [-Wimplicit-function-declaration]
  init_iser();
  ^~~~~~~~~
  init_systick
Finished building: ../src/main.c
 
Building target: Lab4.elf
Invoking: MCU GCC Linker
arm-none-eabi-gcc -mcpu=cortex-m0 -mthumb -mfloat-abi=soft -T"/home/shay/a/fu216/workspace/stm32f0_test/Lab4/Lab4/LinkerScript.ld" -Wl,-Map=output.map -Wl,--gc-sections -o "Lab4.elf" @"objects.list" /home/shay/a/fu216/workspace/stm32f0_test/Lab4/Lab4/src/autotest.o  -lm
Finished building target: Lab4.elf
 
make --no-print-directory post-build
Generating binary and Printing size information:
arm-none-eabi-objcopy -O binary "Lab4.elf" "Lab4.bin"
arm-none-eabi-size "Lab4.elf"
   text	   data	    bss	    dec	    hex	filename
   1492	   1080	    204	   2776	    ad8	Lab4.elf
 
15:24:10 **** Incremental Build of configuration Debug for project Lab4 ****
make -j8 all 
Building file: ../src/main.c
Invoking: MCU GCC Compiler
/home/shay/a/fu216/workspace/stm32f0_test/Lab4/Lab4/Debug
arm-none-eabi-gcc -mcpu=cortex-m0 -mthumb -mfloat-abi=soft -DSTM32 -DSTM32F0 -DSTM32F051R8Tx -DSTM32F0DISCOVERY -DDEBUG -DSTM32F051 -DUSE_STDPERIPH_DRIVER -I"/home/shay/a/fu216/workspace/stm32f0_test/Lab4/Lab4/Utilities" -I"/home/shay/a/fu216/workspace/stm32f0_test/Lab4/Lab4/StdPeriph_Driver/inc" -I"/home/shay/a/fu216/workspace/stm32f0_test/Lab4/Lab4/inc" -I"/home/shay/a/fu216/workspace/stm32f0_test/Lab4/Lab4/CMSIS/device" -I"/home/shay/a/fu216/workspace/stm32f0_test/Lab4/Lab4/CMSIS/core" -O0 -g3 -Wall -fmessage-length=0 -ffunction-sections -c -MMD -MP -MF"src/main.d" -MT"src/main.o" -o "src/main.o" "../src/main.c"
../src/main.c: In function 'reaction_timer':
../src/main.c:34:2: warning: implicit declaration of function 'turnOnBlueLED' [-Wimplicit-function-declaration]
  turnOnBlueLED();
  ^~~~~~~~~~~~~
../src/main.c:35:2: warning: implicit declaration of function 'init_rtsr'; did you mean 'init_systick'? [-Wimplicit-function-declaration]
  init_rtsr();
  ^~~~~~~~~
  init_systick
../src/main.c:36:2: warning: implicit declaration of function 'init_imr'; did you mean 'init_systick'? [-Wimplicit-function-declaration]
  init_imr();
  ^~~~~~~~
  init_systick
../src/main.c:37:2: warning: implicit declaration of function 'init_iser'; did you mean 'init_systick'? [-Wimplicit-function-declaration]
  init_iser();
  ^~~~~~~~~
  init_systick
Finished building: ../src/main.c
 
Building target: Lab4.elf
Invoking: MCU GCC Linker
arm-none-eabi-gcc -mcpu=cortex-m0 -mthumb -mfloat-abi=soft -T"/home/shay/a/fu216/workspace/stm32f0_test/Lab4/Lab4/LinkerScript.ld" -Wl,-Map=output.map -Wl,--gc-sections -o "Lab4.elf" @"objects.list" /home/shay/a/fu216/workspace/stm32f0_test/Lab4/Lab4/src/autotest.o  -lm
Finished building target: Lab4.elf
 
make --no-print-directory post-build
Generating binary and Printing size information:
arm-none-eabi-objcopy -O binary "Lab4.elf" "Lab4.bin"
arm-none-eabi-size "Lab4.elf"
   text	   data	    bss	    dec	    hex	filename
   1356	   1080	    204	   2640	    a50	Lab4.elf
 
15:26:27 **** Incremental Build of configuration Debug for project Lab4 ****
make -j8 all 
Building file: ../src/lab4.s
Invoking: MCU GCC Assembler
Building file: ../src/main.c
/home/shay/a/fu216/workspace/stm32f0_test/Lab4/Lab4/Debug
arm-none-eabi-as -mcpu=cortex-m0 -mthumb -mfloat-abi=soft -I"/home/shay/a/fu216/workspace/stm32f0_test/Lab4/Lab4/Utilities" -I"/home/shay/a/fu216/workspace/stm32f0_test/Lab4/Lab4/StdPeriph_Driver/inc" -I"/home/shay/a/fu216/workspace/stm32f0_test/Lab4/Lab4/inc" -I"/home/shay/a/fu216/workspace/stm32f0_test/Lab4/Lab4/CMSIS/device" -I"/home/shay/a/fu216/workspace/stm32f0_test/Lab4/Lab4/CMSIS/core" -g -o "src/lab4.o" "../src/lab4.s"
Invoking: MCU GCC Compiler
/home/shay/a/fu216/workspace/stm32f0_test/Lab4/Lab4/Debug
arm-none-eabi-gcc -mcpu=cortex-m0 -mthumb -mfloat-abi=soft -DSTM32 -DSTM32F0 -DSTM32F051R8Tx -DSTM32F0DISCOVERY -DDEBUG -DSTM32F051 -DUSE_STDPERIPH_DRIVER -I"/home/shay/a/fu216/workspace/stm32f0_test/Lab4/Lab4/Utilities" -I"/home/shay/a/fu216/workspace/stm32f0_test/Lab4/Lab4/StdPeriph_Driver/inc" -I"/home/shay/a/fu216/workspace/stm32f0_test/Lab4/Lab4/inc" -I"/home/shay/a/fu216/workspace/stm32f0_test/Lab4/Lab4/CMSIS/device" -I"/home/shay/a/fu216/workspace/stm32f0_test/Lab4/Lab4/CMSIS/core" -O0 -g3 -Wall -fmessage-length=0 -ffunction-sections -c -MMD -MP -MF"src/main.d" -MT"src/main.o" -o "src/main.o" "../src/main.c"
../src/lab4.s: Assembler messages:
../src/lab4.s:147: Error: cannot honor width suffix -- `ands r1,#0xf'
../src/main.c: In function 'reaction_timer':
../src/main.c:34:2: warning: implicit declaration of function 'turnOnBlueLED' [-Wimplicit-function-declaration]
  turnOnBlueLED();
  ^~~~~~~~~~~~~
../src/main.c:35:2: warning: implicit declaration of function 'init_rtsr'; did you mean 'init_systick'? [-Wimplicit-function-declaration]
  init_rtsr();
  ^~~~~~~~~
  init_systick
../src/main.c:36:2: warning: implicit declaration of function 'init_imr'; did you mean 'init_systick'? [-Wimplicit-function-declaration]
  init_imr();
  ^~~~~~~~
  init_systick
make: *** [src/lab4.o] Error 1
src/subdir.mk:33: recipe for target 'src/lab4.o' failed
make: *** Waiting for unfinished jobs....
../src/main.c:37:2: warning: implicit declaration of function 'init_iser'; did you mean 'init_systick'? [-Wimplicit-function-declaration]
  init_iser();
  ^~~~~~~~~
  init_systick
Finished building: ../src/main.c
 
15:26:38 **** Incremental Build of configuration Debug for project Lab4 ****
make -j8 all 
Building file: ../src/lab4.s
Building file: ../src/main.c
Invoking: MCU GCC Assembler
/home/shay/a/fu216/workspace/stm32f0_test/Lab4/Lab4/Debug
Invoking: MCU GCC Compiler
arm-none-eabi-as -mcpu=cortex-m0 -mthumb -mfloat-abi=soft -I"/home/shay/a/fu216/workspace/stm32f0_test/Lab4/Lab4/Utilities" -I"/home/shay/a/fu216/workspace/stm32f0_test/Lab4/Lab4/StdPeriph_Driver/inc" -I"/home/shay/a/fu216/workspace/stm32f0_test/Lab4/Lab4/inc" -I"/home/shay/a/fu216/workspace/stm32f0_test/Lab4/Lab4/CMSIS/device" -I"/home/shay/a/fu216/workspace/stm32f0_test/Lab4/Lab4/CMSIS/core" -g -o "src/lab4.o" "../src/lab4.s"
/home/shay/a/fu216/workspace/stm32f0_test/Lab4/Lab4/Debug
arm-none-eabi-gcc -mcpu=cortex-m0 -mthumb -mfloat-abi=soft -DSTM32 -DSTM32F0 -DSTM32F051R8Tx -DSTM32F0DISCOVERY -DDEBUG -DSTM32F051 -DUSE_STDPERIPH_DRIVER -I"/home/shay/a/fu216/workspace/stm32f0_test/Lab4/Lab4/Utilities" -I"/home/shay/a/fu216/workspace/stm32f0_test/Lab4/Lab4/StdPeriph_Driver/inc" -I"/home/shay/a/fu216/workspace/stm32f0_test/Lab4/Lab4/inc" -I"/home/shay/a/fu216/workspace/stm32f0_test/Lab4/Lab4/CMSIS/device" -I"/home/shay/a/fu216/workspace/stm32f0_test/Lab4/Lab4/CMSIS/core" -O0 -g3 -Wall -fmessage-length=0 -ffunction-sections -c -MMD -MP -MF"src/main.d" -MT"src/main.o" -o "src/main.o" "../src/main.c"
../src/lab4.s: Assembler messages:
../src/lab4.s:147: Error: cannot honor width suffix -- `ands r1,#0xf'
make: *** [src/lab4.o] Error 1
src/subdir.mk:33: recipe for target 'src/lab4.o' failed
make: *** Waiting for unfinished jobs....
../src/main.c: In function 'reaction_timer':
../src/main.c:34:2: warning: implicit declaration of function 'turnOnBlueLED' [-Wimplicit-function-declaration]
  turnOnBlueLED();
  ^~~~~~~~~~~~~
../src/main.c:35:2: warning: implicit declaration of function 'init_rtsr'; did you mean 'init_systick'? [-Wimplicit-function-declaration]
  init_rtsr();
  ^~~~~~~~~
  init_systick
../src/main.c:36:2: warning: implicit declaration of function 'init_imr'; did you mean 'init_systick'? [-Wimplicit-function-declaration]
  init_imr();
  ^~~~~~~~
  init_systick
../src/main.c:37:2: warning: implicit declaration of function 'init_iser'; did you mean 'init_systick'? [-Wimplicit-function-declaration]
  init_iser();
  ^~~~~~~~~
  init_systick
Finished building: ../src/main.c
 
15:28:33 **** Incremental Build of configuration Debug for project Lab4 ****
make -j8 all 
Building file: ../src/lab4.s
Invoking: MCU GCC Assembler
/home/shay/a/fu216/workspace/stm32f0_test/Lab4/Lab4/Debug
arm-none-eabi-as -mcpu=cortex-m0 -mthumb -mfloat-abi=soft -I"/home/shay/a/fu216/workspace/stm32f0_test/Lab4/Lab4/Utilities" -I"/home/shay/a/fu216/workspace/stm32f0_test/Lab4/Lab4/StdPeriph_Driver/inc" -I"/home/shay/a/fu216/workspace/stm32f0_test/Lab4/Lab4/inc" -I"/home/shay/a/fu216/workspace/stm32f0_test/Lab4/Lab4/CMSIS/device" -I"/home/shay/a/fu216/workspace/stm32f0_test/Lab4/Lab4/CMSIS/core" -g -o "src/lab4.o" "../src/lab4.s"
Finished building: ../src/lab4.s
 
Building target: Lab4.elf
Invoking: MCU GCC Linker
arm-none-eabi-gcc -mcpu=cortex-m0 -mthumb -mfloat-abi=soft -T"/home/shay/a/fu216/workspace/stm32f0_test/Lab4/Lab4/LinkerScript.ld" -Wl,-Map=output.map -Wl,--gc-sections -o "Lab4.elf" @"objects.list" /home/shay/a/fu216/workspace/stm32f0_test/Lab4/Lab4/src/autotest.o  -lm
Finished building target: Lab4.elf
 
make --no-print-directory post-build
Generating binary and Printing size information:
arm-none-eabi-objcopy -O binary "Lab4.elf" "Lab4.bin"
arm-none-eabi-size "Lab4.elf"
   text	   data	    bss	    dec	    hex	filename
   1432	   1080	    204	   2716	    a9c	Lab4.elf
 
15:30:12 **** Incremental Build of configuration Debug for project Lab4 ****
make -j8 all 
make: Nothing to be done for 'all'.
15:31:35 **** Incremental Build of configuration Debug for project Lab4 ****
make -j8 all 
make: Nothing to be done for 'all'.
15:33:18 **** Incremental Build of configuration Debug for project Lab4 ****
make -j8 all 
make: Nothing to be done for 'all'.
15:44:06 **** Incremental Build of configuration Debug for project Lab4 ****
make -j8 all 
Building file: ../src/lab4.s
Invoking: MCU GCC Assembler
/home/shay/a/fu216/workspace/stm32f0_test/Lab4/Lab4/Debug
arm-none-eabi-as -mcpu=cortex-m0 -mthumb -mfloat-abi=soft -I"/home/shay/a/fu216/workspace/stm32f0_test/Lab4/Lab4/Utilities" -I"/home/shay/a/fu216/workspace/stm32f0_test/Lab4/Lab4/StdPeriph_Driver/inc" -I"/home/shay/a/fu216/workspace/stm32f0_test/Lab4/Lab4/inc" -I"/home/shay/a/fu216/workspace/stm32f0_test/Lab4/Lab4/CMSIS/device" -I"/home/shay/a/fu216/workspace/stm32f0_test/Lab4/Lab4/CMSIS/core" -g -o "src/lab4.o" "../src/lab4.s"
../src/lab4.s: Assembler messages:
../src/lab4.s:180: Error: ARM register expected -- `str r0,[=EXTI_PR]'
../src/lab4.s:195: Error: ARM register expected -- `ldr '
make: *** [src/lab4.o] Error 1
src/subdir.mk:33: recipe for target 'src/lab4.o' failed
15:44:19 **** Incremental Build of configuration Debug for project Lab4 ****
make -j8 all 
Building file: ../src/lab4.s
Invoking: MCU GCC Assembler
/home/shay/a/fu216/workspace/stm32f0_test/Lab4/Lab4/Debug
arm-none-eabi-as -mcpu=cortex-m0 -mthumb -mfloat-abi=soft -I"/home/shay/a/fu216/workspace/stm32f0_test/Lab4/Lab4/Utilities" -I"/home/shay/a/fu216/workspace/stm32f0_test/Lab4/Lab4/StdPeriph_Driver/inc" -I"/home/shay/a/fu216/workspace/stm32f0_test/Lab4/Lab4/inc" -I"/home/shay/a/fu216/workspace/stm32f0_test/Lab4/Lab4/CMSIS/device" -I"/home/shay/a/fu216/workspace/stm32f0_test/Lab4/Lab4/CMSIS/core" -g -o "src/lab4.o" "../src/lab4.s"
../src/lab4.s: Assembler messages:
../src/lab4.s:180: Error: ARM register expected -- `str r0,[EXTI_PR]'
../src/lab4.s:195: Error: ARM register expected -- `ldr '
src/subdir.mk:33: recipe for target 'src/lab4.o' failed
make: *** [src/lab4.o] Error 1
15:44:56 **** Incremental Build of configuration Debug for project Lab4 ****
make -j8 all 
Building file: ../src/lab4.s
Invoking: MCU GCC Assembler
/home/shay/a/fu216/workspace/stm32f0_test/Lab4/Lab4/Debug
arm-none-eabi-as -mcpu=cortex-m0 -mthumb -mfloat-abi=soft -I"/home/shay/a/fu216/workspace/stm32f0_test/Lab4/Lab4/Utilities" -I"/home/shay/a/fu216/workspace/stm32f0_test/Lab4/Lab4/StdPeriph_Driver/inc" -I"/home/shay/a/fu216/workspace/stm32f0_test/Lab4/Lab4/inc" -I"/home/shay/a/fu216/workspace/stm32f0_test/Lab4/Lab4/CMSIS/device" -I"/home/shay/a/fu216/workspace/stm32f0_test/Lab4/Lab4/CMSIS/core" -g -o "src/lab4.o" "../src/lab4.s"
Finished building: ../src/lab4.s
 
Building target: Lab4.elf
Invoking: MCU GCC Linker
arm-none-eabi-gcc -mcpu=cortex-m0 -mthumb -mfloat-abi=soft -T"/home/shay/a/fu216/workspace/stm32f0_test/Lab4/Lab4/LinkerScript.ld" -Wl,-Map=output.map -Wl,--gc-sections -o "Lab4.elf" @"objects.list" /home/shay/a/fu216/workspace/stm32f0_test/Lab4/Lab4/src/autotest.o  -lm
src/lab4.o: In function `EXTI0_1_IRQHandler':
/home/shay/a/fu216/workspace/stm32f0_test/Lab4/Lab4/Debug/../src/lab4.s:182: undefined reference to `micro_wait'
src/lab4.o: In function `enable_pb0':
makefile:36: recipe for target 'Lab4.elf' failed
/home/shay/a/fu216/workspace/stm32f0_test/Lab4/Lab4/Debug/../src/lab4.s:180: undefined reference to `EXTI_PR'
/home/shay/a/fu216/workspace/stm32f0_test/Lab4/Lab4/Debug/../src/lab4.s:196: undefined reference to `EXTI_RTSR'
collect2: error: ld returned 1 exit status
make: *** [Lab4.elf] Error 1
15:47:00 **** Incremental Build of configuration Debug for project Lab4 ****
make -j8 all 
Building file: ../src/lab4.s
Invoking: MCU GCC Assembler
/home/shay/a/fu216/workspace/stm32f0_test/Lab4/Lab4/Debug
arm-none-eabi-as -mcpu=cortex-m0 -mthumb -mfloat-abi=soft -I"/home/shay/a/fu216/workspace/stm32f0_test/Lab4/Lab4/Utilities" -I"/home/shay/a/fu216/workspace/stm32f0_test/Lab4/Lab4/StdPeriph_Driver/inc" -I"/home/shay/a/fu216/workspace/stm32f0_test/Lab4/Lab4/inc" -I"/home/shay/a/fu216/workspace/stm32f0_test/Lab4/Lab4/CMSIS/device" -I"/home/shay/a/fu216/workspace/stm32f0_test/Lab4/Lab4/CMSIS/core" -g -o "src/lab4.o" "../src/lab4.s"
Finished building: ../src/lab4.s
 
Building target: Lab4.elf
Invoking: MCU GCC Linker
arm-none-eabi-gcc -mcpu=cortex-m0 -mthumb -mfloat-abi=soft -T"/home/shay/a/fu216/workspace/stm32f0_test/Lab4/Lab4/LinkerScript.ld" -Wl,-Map=output.map -Wl,--gc-sections -o "Lab4.elf" @"objects.list" /home/shay/a/fu216/workspace/stm32f0_test/Lab4/Lab4/src/autotest.o  -lm
src/lab4.o: In function `EXTI0_1_IRQHandler':
/home/shay/a/fu216/workspace/stm32f0_test/Lab4/Lab4/Debug/../src/lab4.s:184: undefined reference to `micro_wait'
makefile:36: recipe for target 'Lab4.elf' failed
src/lab4.o: In function `enable_pb0':
/home/shay/a/fu216/workspace/stm32f0_test/Lab4/Lab4/Debug/../src/lab4.s:182: undefined reference to `EXTI_PR'
/home/shay/a/fu216/workspace/stm32f0_test/Lab4/Lab4/Debug/../src/lab4.s:198: undefined reference to `EXTI_RTSR'
collect2: error: ld returned 1 exit status
make: *** [Lab4.elf] Error 1
15:47:25 **** Incremental Build of configuration Debug for project Lab4 ****
make -j8 all 
Building file: ../src/lab4.s
Invoking: MCU GCC Assembler
/home/shay/a/fu216/workspace/stm32f0_test/Lab4/Lab4/Debug
arm-none-eabi-as -mcpu=cortex-m0 -mthumb -mfloat-abi=soft -I"/home/shay/a/fu216/workspace/stm32f0_test/Lab4/Lab4/Utilities" -I"/home/shay/a/fu216/workspace/stm32f0_test/Lab4/Lab4/StdPeriph_Driver/inc" -I"/home/shay/a/fu216/workspace/stm32f0_test/Lab4/Lab4/inc" -I"/home/shay/a/fu216/workspace/stm32f0_test/Lab4/Lab4/CMSIS/device" -I"/home/shay/a/fu216/workspace/stm32f0_test/Lab4/Lab4/CMSIS/core" -g -o "src/lab4.o" "../src/lab4.s"
Finished building: ../src/lab4.s
 
Building target: Lab4.elf
Invoking: MCU GCC Linker
arm-none-eabi-gcc -mcpu=cortex-m0 -mthumb -mfloat-abi=soft -T"/home/shay/a/fu216/workspace/stm32f0_test/Lab4/Lab4/LinkerScript.ld" -Wl,-Map=output.map -Wl,--gc-sections -o "Lab4.elf" @"objects.list" /home/shay/a/fu216/workspace/stm32f0_test/Lab4/Lab4/src/autotest.o  -lm
Finished building target: Lab4.elf
 
make --no-print-directory post-build
Generating binary and Printing size information:
arm-none-eabi-objcopy -O binary "Lab4.elf" "Lab4.bin"
arm-none-eabi-size "Lab4.elf"
   text	   data	    bss	    dec	    hex	filename
   1452	   1080	    204	   2736	    ab0	Lab4.elf
 
15:47:40 **** Incremental Build of configuration Debug for project Lab4 ****
make -j8 all 
make: Nothing to be done for 'all'.
15:48:10 **** Incremental Build of configuration Debug for project Lab4 ****
make -j8 all 
Building file: ../src/lab4.s
Invoking: MCU GCC Assembler
/home/shay/a/fu216/workspace/stm32f0_test/Lab4/Lab4/Debug
arm-none-eabi-as -mcpu=cortex-m0 -mthumb -mfloat-abi=soft -I"/home/shay/a/fu216/workspace/stm32f0_test/Lab4/Lab4/Utilities" -I"/home/shay/a/fu216/workspace/stm32f0_test/Lab4/Lab4/StdPeriph_Driver/inc" -I"/home/shay/a/fu216/workspace/stm32f0_test/Lab4/Lab4/inc" -I"/home/shay/a/fu216/workspace/stm32f0_test/Lab4/Lab4/CMSIS/device" -I"/home/shay/a/fu216/workspace/stm32f0_test/Lab4/Lab4/CMSIS/core" -g -o "src/lab4.o" "../src/lab4.s"
Finished building: ../src/lab4.s
 
Building target: Lab4.elf
Invoking: MCU GCC Linker
arm-none-eabi-gcc -mcpu=cortex-m0 -mthumb -mfloat-abi=soft -T"/home/shay/a/fu216/workspace/stm32f0_test/Lab4/Lab4/LinkerScript.ld" -Wl,-Map=output.map -Wl,--gc-sections -o "Lab4.elf" @"objects.list" /home/shay/a/fu216/workspace/stm32f0_test/Lab4/Lab4/src/autotest.o  -lm
Finished building target: Lab4.elf
 
make --no-print-directory post-build
Generating binary and Printing size information:
arm-none-eabi-objcopy -O binary "Lab4.elf" "Lab4.bin"
arm-none-eabi-size "Lab4.elf"
   text	   data	    bss	    dec	    hex	filename
   1452	   1080	    204	   2736	    ab0	Lab4.elf
 
16:05:12 **** Incremental Build of configuration Debug for project Lab4 ****
make -j8 all 
Building file: ../src/lab4.s
Invoking: MCU GCC Assembler
Building file: ../src/main.c
/home/shay/a/fu216/workspace/stm32f0_test/Lab4/Lab4/Debug
arm-none-eabi-as -mcpu=cortex-m0 -mthumb -mfloat-abi=soft -I"/home/shay/a/fu216/workspace/stm32f0_test/Lab4/Lab4/Utilities" -I"/home/shay/a/fu216/workspace/stm32f0_test/Lab4/Lab4/StdPeriph_Driver/inc" -I"/home/shay/a/fu216/workspace/stm32f0_test/Lab4/Lab4/inc" -I"/home/shay/a/fu216/workspace/stm32f0_test/Lab4/Lab4/CMSIS/device" -I"/home/shay/a/fu216/workspace/stm32f0_test/Lab4/Lab4/CMSIS/core" -g -o "src/lab4.o" "../src/lab4.s"
Invoking: MCU GCC Compiler
/home/shay/a/fu216/workspace/stm32f0_test/Lab4/Lab4/Debug
arm-none-eabi-gcc -mcpu=cortex-m0 -mthumb -mfloat-abi=soft -DSTM32 -DSTM32F0 -DSTM32F051R8Tx -DSTM32F0DISCOVERY -DDEBUG -DSTM32F051 -DUSE_STDPERIPH_DRIVER -I"/home/shay/a/fu216/workspace/stm32f0_test/Lab4/Lab4/Utilities" -I"/home/shay/a/fu216/workspace/stm32f0_test/Lab4/Lab4/StdPeriph_Driver/inc" -I"/home/shay/a/fu216/workspace/stm32f0_test/Lab4/Lab4/inc" -I"/home/shay/a/fu216/workspace/stm32f0_test/Lab4/Lab4/CMSIS/device" -I"/home/shay/a/fu216/workspace/stm32f0_test/Lab4/Lab4/CMSIS/core" -O0 -g3 -Wall -fmessage-length=0 -ffunction-sections -c -MMD -MP -MF"src/main.d" -MT"src/main.o" -o "src/main.o" "../src/main.c"
../src/lab4.s: Assembler messages:
../src/lab4.s:200: Error: invalid offset, value too big (0xFFFFFFFFFFFFFFFC)
src/subdir.mk:33: recipe for target 'src/lab4.o' failed
make: *** [src/lab4.o] Error 1
make: *** Waiting for unfinished jobs....
../src/main.c: In function 'reaction_timer':
../src/main.c:34:2: warning: implicit declaration of function 'turnOnBlueLED' [-Wimplicit-function-declaration]
  turnOnBlueLED();
  ^~~~~~~~~~~~~
../src/main.c:35:2: warning: implicit declaration of function 'init_rtsr'; did you mean 'init_systick'? [-Wimplicit-function-declaration]
  init_rtsr();
  ^~~~~~~~~
  init_systick
../src/main.c:36:2: warning: implicit declaration of function 'init_imr'; did you mean 'init_systick'? [-Wimplicit-function-declaration]
  init_imr();
  ^~~~~~~~
  init_systick
../src/main.c:37:2: warning: implicit declaration of function 'init_iser'; did you mean 'init_systick'? [-Wimplicit-function-declaration]
  init_iser();
  ^~~~~~~~~
  init_systick
Finished building: ../src/main.c
 
16:05:46 **** Incremental Build of configuration Debug for project Lab4 ****
make -j8 all 
Building file: ../src/lab4.s
Invoking: MCU GCC Assembler
/home/shay/a/fu216/workspace/stm32f0_test/Lab4/Lab4/Debug
arm-none-eabi-as -mcpu=cortex-m0 -mthumb -mfloat-abi=soft -I"/home/shay/a/fu216/workspace/stm32f0_test/Lab4/Lab4/Utilities" -I"/home/shay/a/fu216/workspace/stm32f0_test/Lab4/Lab4/StdPeriph_Driver/inc" -I"/home/shay/a/fu216/workspace/stm32f0_test/Lab4/Lab4/inc" -I"/home/shay/a/fu216/workspace/stm32f0_test/Lab4/Lab4/CMSIS/device" -I"/home/shay/a/fu216/workspace/stm32f0_test/Lab4/Lab4/CMSIS/core" -g -o "src/lab4.o" "../src/lab4.s"
Finished building: ../src/lab4.s
 
Building target: Lab4.elf
Invoking: MCU GCC Linker
arm-none-eabi-gcc -mcpu=cortex-m0 -mthumb -mfloat-abi=soft -T"/home/shay/a/fu216/workspace/stm32f0_test/Lab4/Lab4/LinkerScript.ld" -Wl,-Map=output.map -Wl,--gc-sections -o "Lab4.elf" @"objects.list" /home/shay/a/fu216/workspace/stm32f0_test/Lab4/Lab4/src/autotest.o  -lm
src/lab4.o: In function `EXTI0_1_IRQHandler':
/home/shay/a/fu216/workspace/stm32f0_test/Lab4/Lab4/Debug/../src/lab4.s:184: undefined reference to `micro_wait'
collect2: error: ld returned 1 exit status
makefile:36: recipe for target 'Lab4.elf' failed
make: *** [Lab4.elf] Error 1
16:06:04 **** Incremental Build of configuration Debug for project Lab4 ****
make -j8 all 
Building file: ../src/lab4.s
Invoking: MCU GCC Assembler
/home/shay/a/fu216/workspace/stm32f0_test/Lab4/Lab4/Debug
arm-none-eabi-as -mcpu=cortex-m0 -mthumb -mfloat-abi=soft -I"/home/shay/a/fu216/workspace/stm32f0_test/Lab4/Lab4/Utilities" -I"/home/shay/a/fu216/workspace/stm32f0_test/Lab4/Lab4/StdPeriph_Driver/inc" -I"/home/shay/a/fu216/workspace/stm32f0_test/Lab4/Lab4/inc" -I"/home/shay/a/fu216/workspace/stm32f0_test/Lab4/Lab4/CMSIS/device" -I"/home/shay/a/fu216/workspace/stm32f0_test/Lab4/Lab4/CMSIS/core" -g -o "src/lab4.o" "../src/lab4.s"
Finished building: ../src/lab4.s
 
Building target: Lab4.elf
Invoking: MCU GCC Linker
arm-none-eabi-gcc -mcpu=cortex-m0 -mthumb -mfloat-abi=soft -T"/home/shay/a/fu216/workspace/stm32f0_test/Lab4/Lab4/LinkerScript.ld" -Wl,-Map=output.map -Wl,--gc-sections -o "Lab4.elf" @"objects.list" /home/shay/a/fu216/workspace/stm32f0_test/Lab4/Lab4/src/autotest.o  -lm
src/lab4.o: In function `EXTI0_1_IRQHandler':
/home/shay/a/fu216/workspace/stm32f0_test/Lab4/Lab4/Debug/../src/lab4.s:184: undefined reference to `micro_wait'
collect2: error: ld returned 1 exit status
makefile:36: recipe for target 'Lab4.elf' failed
make: *** [Lab4.elf] Error 1
16:06:11 **** Incremental Build of configuration Debug for project Lab4 ****
make -j8 all 
Building file: ../src/lab4.s
Invoking: MCU GCC Assembler
/home/shay/a/fu216/workspace/stm32f0_test/Lab4/Lab4/Debug
arm-none-eabi-as -mcpu=cortex-m0 -mthumb -mfloat-abi=soft -I"/home/shay/a/fu216/workspace/stm32f0_test/Lab4/Lab4/Utilities" -I"/home/shay/a/fu216/workspace/stm32f0_test/Lab4/Lab4/StdPeriph_Driver/inc" -I"/home/shay/a/fu216/workspace/stm32f0_test/Lab4/Lab4/inc" -I"/home/shay/a/fu216/workspace/stm32f0_test/Lab4/Lab4/CMSIS/device" -I"/home/shay/a/fu216/workspace/stm32f0_test/Lab4/Lab4/CMSIS/core" -g -o "src/lab4.o" "../src/lab4.s"
Finished building: ../src/lab4.s
 
Building target: Lab4.elf
Invoking: MCU GCC Linker
arm-none-eabi-gcc -mcpu=cortex-m0 -mthumb -mfloat-abi=soft -T"/home/shay/a/fu216/workspace/stm32f0_test/Lab4/Lab4/LinkerScript.ld" -Wl,-Map=output.map -Wl,--gc-sections -o "Lab4.elf" @"objects.list" /home/shay/a/fu216/workspace/stm32f0_test/Lab4/Lab4/src/autotest.o  -lm
Finished building target: Lab4.elf
 
make --no-print-directory post-build
Generating binary and Printing size information:
arm-none-eabi-objcopy -O binary "Lab4.elf" "Lab4.bin"
arm-none-eabi-size "Lab4.elf"
   text	   data	    bss	    dec	    hex	filename
   1572	   1080	    204	   2856	    b28	Lab4.elf
 
16:07:16 **** Incremental Build of configuration Debug for project Lab4 ****
make -j8 all 
Building file: ../src/lab4.s
Invoking: MCU GCC Assembler
/home/shay/a/fu216/workspace/stm32f0_test/Lab4/Lab4/Debug
arm-none-eabi-as -mcpu=cortex-m0 -mthumb -mfloat-abi=soft -I"/home/shay/a/fu216/workspace/stm32f0_test/Lab4/Lab4/Utilities" -I"/home/shay/a/fu216/workspace/stm32f0_test/Lab4/Lab4/StdPeriph_Driver/inc" -I"/home/shay/a/fu216/workspace/stm32f0_test/Lab4/Lab4/inc" -I"/home/shay/a/fu216/workspace/stm32f0_test/Lab4/Lab4/CMSIS/device" -I"/home/shay/a/fu216/workspace/stm32f0_test/Lab4/Lab4/CMSIS/core" -g -o "src/lab4.o" "../src/lab4.s"
Finished building: ../src/lab4.s
 
Building target: Lab4.elf
Invoking: MCU GCC Linker
arm-none-eabi-gcc -mcpu=cortex-m0 -mthumb -mfloat-abi=soft -T"/home/shay/a/fu216/workspace/stm32f0_test/Lab4/Lab4/LinkerScript.ld" -Wl,-Map=output.map -Wl,--gc-sections -o "Lab4.elf" @"objects.list" /home/shay/a/fu216/workspace/stm32f0_test/Lab4/Lab4/src/autotest.o  -lm
Finished building target: Lab4.elf
 
make --no-print-directory post-build
Generating binary and Printing size information:
arm-none-eabi-objcopy -O binary "Lab4.elf" "Lab4.bin"
arm-none-eabi-size "Lab4.elf"
   text	   data	    bss	    dec	    hex	filename
   1576	   1080	    204	   2860	    b2c	Lab4.elf
 
16:08:09 **** Incremental Build of configuration Debug for project Lab4 ****
make -j8 all 
Building file: ../src/main.c
Invoking: MCU GCC Compiler
/home/shay/a/fu216/workspace/stm32f0_test/Lab4/Lab4/Debug
arm-none-eabi-gcc -mcpu=cortex-m0 -mthumb -mfloat-abi=soft -DSTM32 -DSTM32F0 -DSTM32F051R8Tx -DSTM32F0DISCOVERY -DDEBUG -DSTM32F051 -DUSE_STDPERIPH_DRIVER -I"/home/shay/a/fu216/workspace/stm32f0_test/Lab4/Lab4/Utilities" -I"/home/shay/a/fu216/workspace/stm32f0_test/Lab4/Lab4/StdPeriph_Driver/inc" -I"/home/shay/a/fu216/workspace/stm32f0_test/Lab4/Lab4/inc" -I"/home/shay/a/fu216/workspace/stm32f0_test/Lab4/Lab4/CMSIS/device" -I"/home/shay/a/fu216/workspace/stm32f0_test/Lab4/Lab4/CMSIS/core" -O0 -g3 -Wall -fmessage-length=0 -ffunction-sections -c -MMD -MP -MF"src/main.d" -MT"src/main.o" -o "src/main.o" "../src/main.c"
../src/main.c: In function 'reaction_timer':
../src/main.c:34:2: warning: implicit declaration of function 'turnOnBlueLED' [-Wimplicit-function-declaration]
  turnOnBlueLED();
  ^~~~~~~~~~~~~
../src/main.c:35:2: warning: implicit declaration of function 'init_rtsr'; did you mean 'init_systick'? [-Wimplicit-function-declaration]
  init_rtsr();
  ^~~~~~~~~
  init_systick
../src/main.c:36:2: warning: implicit declaration of function 'init_imr'; did you mean 'init_systick'? [-Wimplicit-function-declaration]
  init_imr();
  ^~~~~~~~
  init_systick
../src/main.c:37:2: warning: implicit declaration of function 'init_iser'; did you mean 'init_systick'? [-Wimplicit-function-declaration]
  init_iser();
  ^~~~~~~~~
  init_systick
Finished building: ../src/main.c
 
Building target: Lab4.elf
Invoking: MCU GCC Linker
arm-none-eabi-gcc -mcpu=cortex-m0 -mthumb -mfloat-abi=soft -T"/home/shay/a/fu216/workspace/stm32f0_test/Lab4/Lab4/LinkerScript.ld" -Wl,-Map=output.map -Wl,--gc-sections -o "Lab4.elf" @"objects.list" /home/shay/a/fu216/workspace/stm32f0_test/Lab4/Lab4/src/autotest.o  -lm
Finished building target: Lab4.elf
 
make --no-print-directory post-build
Generating binary and Printing size information:
arm-none-eabi-objcopy -O binary "Lab4.elf" "Lab4.bin"
arm-none-eabi-size "Lab4.elf"
   text	   data	    bss	    dec	    hex	filename
   1552	   1080	    204	   2836	    b14	Lab4.elf
 
16:08:22 **** Incremental Build of configuration Debug for project Lab4 ****
make -j8 all 
Building file: ../src/main.c
Invoking: MCU GCC Compiler
/home/shay/a/fu216/workspace/stm32f0_test/Lab4/Lab4/Debug
arm-none-eabi-gcc -mcpu=cortex-m0 -mthumb -mfloat-abi=soft -DSTM32 -DSTM32F0 -DSTM32F051R8Tx -DSTM32F0DISCOVERY -DDEBUG -DSTM32F051 -DUSE_STDPERIPH_DRIVER -I"/home/shay/a/fu216/workspace/stm32f0_test/Lab4/Lab4/Utilities" -I"/home/shay/a/fu216/workspace/stm32f0_test/Lab4/Lab4/StdPeriph_Driver/inc" -I"/home/shay/a/fu216/workspace/stm32f0_test/Lab4/Lab4/inc" -I"/home/shay/a/fu216/workspace/stm32f0_test/Lab4/Lab4/CMSIS/device" -I"/home/shay/a/fu216/workspace/stm32f0_test/Lab4/Lab4/CMSIS/core" -O0 -g3 -Wall -fmessage-length=0 -ffunction-sections -c -MMD -MP -MF"src/main.d" -MT"src/main.o" -o "src/main.o" "../src/main.c"
../src/main.c: In function 'reaction_timer':
../src/main.c:34:2: warning: implicit declaration of function 'turnOnBlueLED' [-Wimplicit-function-declaration]
  turnOnBlueLED();
  ^~~~~~~~~~~~~
../src/main.c:35:2: warning: implicit declaration of function 'init_rtsr'; did you mean 'init_systick'? [-Wimplicit-function-declaration]
  init_rtsr();
  ^~~~~~~~~
  init_systick
../src/main.c:36:2: warning: implicit declaration of function 'init_imr'; did you mean 'init_systick'? [-Wimplicit-function-declaration]
  init_imr();
  ^~~~~~~~
  init_systick
../src/main.c:37:2: warning: implicit declaration of function 'init_iser'; did you mean 'init_systick'? [-Wimplicit-function-declaration]
  init_iser();
  ^~~~~~~~~
  init_systick
Finished building: ../src/main.c
 
Building target: Lab4.elf
Invoking: MCU GCC Linker
arm-none-eabi-gcc -mcpu=cortex-m0 -mthumb -mfloat-abi=soft -T"/home/shay/a/fu216/workspace/stm32f0_test/Lab4/Lab4/LinkerScript.ld" -Wl,-Map=output.map -Wl,--gc-sections -o "Lab4.elf" @"objects.list" /home/shay/a/fu216/workspace/stm32f0_test/Lab4/Lab4/src/autotest.o  -lm
Finished building target: Lab4.elf
 
make --no-print-directory post-build
Generating binary and Printing size information:
arm-none-eabi-objcopy -O binary "Lab4.elf" "Lab4.bin"
arm-none-eabi-size "Lab4.elf"
   text	   data	    bss	    dec	    hex	filename
   1552	   1080	    204	   2836	    b14	Lab4.elf
 
16:08:32 **** Incremental Build of configuration Debug for project Lab4 ****
make -j8 all 
Building file: ../src/main.c
Invoking: MCU GCC Compiler
/home/shay/a/fu216/workspace/stm32f0_test/Lab4/Lab4/Debug
arm-none-eabi-gcc -mcpu=cortex-m0 -mthumb -mfloat-abi=soft -DSTM32 -DSTM32F0 -DSTM32F051R8Tx -DSTM32F0DISCOVERY -DDEBUG -DSTM32F051 -DUSE_STDPERIPH_DRIVER -I"/home/shay/a/fu216/workspace/stm32f0_test/Lab4/Lab4/Utilities" -I"/home/shay/a/fu216/workspace/stm32f0_test/Lab4/Lab4/StdPeriph_Driver/inc" -I"/home/shay/a/fu216/workspace/stm32f0_test/Lab4/Lab4/inc" -I"/home/shay/a/fu216/workspace/stm32f0_test/Lab4/Lab4/CMSIS/device" -I"/home/shay/a/fu216/workspace/stm32f0_test/Lab4/Lab4/CMSIS/core" -O0 -g3 -Wall -fmessage-length=0 -ffunction-sections -c -MMD -MP -MF"src/main.d" -MT"src/main.o" -o "src/main.o" "../src/main.c"
../src/main.c: In function 'reaction_timer':
../src/main.c:34:2: warning: implicit declaration of function 'turnOnBlueLED' [-Wimplicit-function-declaration]
  turnOnBlueLED();
  ^~~~~~~~~~~~~
../src/main.c:35:2: warning: implicit declaration of function 'init_rtsr'; did you mean 'init_systick'? [-Wimplicit-function-declaration]
  init_rtsr();
  ^~~~~~~~~
  init_systick
../src/main.c:36:2: warning: implicit declaration of function 'init_imr'; did you mean 'init_systick'? [-Wimplicit-function-declaration]
  init_imr();
  ^~~~~~~~
  init_systick
../src/main.c:37:2: warning: implicit declaration of function 'init_iser'; did you mean 'init_systick'? [-Wimplicit-function-declaration]
  init_iser();
  ^~~~~~~~~
  init_systick
Finished building: ../src/main.c
 
Building target: Lab4.elf
Invoking: MCU GCC Linker
arm-none-eabi-gcc -mcpu=cortex-m0 -mthumb -mfloat-abi=soft -T"/home/shay/a/fu216/workspace/stm32f0_test/Lab4/Lab4/LinkerScript.ld" -Wl,-Map=output.map -Wl,--gc-sections -o "Lab4.elf" @"objects.list" /home/shay/a/fu216/workspace/stm32f0_test/Lab4/Lab4/src/autotest.o  -lm
Finished building target: Lab4.elf
 
make --no-print-directory post-build
Generating binary and Printing size information:
arm-none-eabi-objcopy -O binary "Lab4.elf" "Lab4.bin"
arm-none-eabi-size "Lab4.elf"
   text	   data	    bss	    dec	    hex	filename
   1552	   1080	    204	   2836	    b14	Lab4.elf
 
16:08:42 **** Incremental Build of configuration Debug for project Lab4 ****
make -j8 all 
Building file: ../src/main.c
Invoking: MCU GCC Compiler
/home/shay/a/fu216/workspace/stm32f0_test/Lab4/Lab4/Debug
arm-none-eabi-gcc -mcpu=cortex-m0 -mthumb -mfloat-abi=soft -DSTM32 -DSTM32F0 -DSTM32F051R8Tx -DSTM32F0DISCOVERY -DDEBUG -DSTM32F051 -DUSE_STDPERIPH_DRIVER -I"/home/shay/a/fu216/workspace/stm32f0_test/Lab4/Lab4/Utilities" -I"/home/shay/a/fu216/workspace/stm32f0_test/Lab4/Lab4/StdPeriph_Driver/inc" -I"/home/shay/a/fu216/workspace/stm32f0_test/Lab4/Lab4/inc" -I"/home/shay/a/fu216/workspace/stm32f0_test/Lab4/Lab4/CMSIS/device" -I"/home/shay/a/fu216/workspace/stm32f0_test/Lab4/Lab4/CMSIS/core" -O0 -g3 -Wall -fmessage-length=0 -ffunction-sections -c -MMD -MP -MF"src/main.d" -MT"src/main.o" -o "src/main.o" "../src/main.c"
../src/main.c: In function 'reaction_timer':
../src/main.c:34:2: warning: implicit declaration of function 'turnOnBlueLED' [-Wimplicit-function-declaration]
  turnOnBlueLED();
  ^~~~~~~~~~~~~
../src/main.c:35:2: warning: implicit declaration of function 'init_rtsr'; did you mean 'init_systick'? [-Wimplicit-function-declaration]
  init_rtsr();
  ^~~~~~~~~
  init_systick
../src/main.c:36:2: warning: implicit declaration of function 'init_imr'; did you mean 'init_systick'? [-Wimplicit-function-declaration]
  init_imr();
  ^~~~~~~~
  init_systick
../src/main.c:37:2: warning: implicit declaration of function 'init_iser'; did you mean 'init_systick'? [-Wimplicit-function-declaration]
  init_iser();
  ^~~~~~~~~
  init_systick
Finished building: ../src/main.c
 
Building target: Lab4.elf
Invoking: MCU GCC Linker
arm-none-eabi-gcc -mcpu=cortex-m0 -mthumb -mfloat-abi=soft -T"/home/shay/a/fu216/workspace/stm32f0_test/Lab4/Lab4/LinkerScript.ld" -Wl,-Map=output.map -Wl,--gc-sections -o "Lab4.elf" @"objects.list" /home/shay/a/fu216/workspace/stm32f0_test/Lab4/Lab4/src/autotest.o  -lm
Finished building target: Lab4.elf
 
make --no-print-directory post-build
Generating binary and Printing size information:
arm-none-eabi-objcopy -O binary "Lab4.elf" "Lab4.bin"
arm-none-eabi-size "Lab4.elf"
   text	   data	    bss	    dec	    hex	filename
   1424	   1080	    204	   2708	    a94	Lab4.elf
 
16:11:41 **** Incremental Build of configuration Debug for project Lab4 ****
make -j8 all 
Building file: ../src/main.c
Invoking: MCU GCC Compiler
/home/shay/a/fu216/workspace/stm32f0_test/Lab4/Lab4/Debug
arm-none-eabi-gcc -mcpu=cortex-m0 -mthumb -mfloat-abi=soft -DSTM32 -DSTM32F0 -DSTM32F051R8Tx -DSTM32F0DISCOVERY -DDEBUG -DSTM32F051 -DUSE_STDPERIPH_DRIVER -I"/home/shay/a/fu216/workspace/stm32f0_test/Lab4/Lab4/Utilities" -I"/home/shay/a/fu216/workspace/stm32f0_test/Lab4/Lab4/StdPeriph_Driver/inc" -I"/home/shay/a/fu216/workspace/stm32f0_test/Lab4/Lab4/inc" -I"/home/shay/a/fu216/workspace/stm32f0_test/Lab4/Lab4/CMSIS/device" -I"/home/shay/a/fu216/workspace/stm32f0_test/Lab4/Lab4/CMSIS/core" -O0 -g3 -Wall -fmessage-length=0 -ffunction-sections -c -MMD -MP -MF"src/main.d" -MT"src/main.o" -o "src/main.o" "../src/main.c"
../src/main.c: In function 'reaction_timer':
../src/main.c:34:2: warning: implicit declaration of function 'turnOnBlueLED' [-Wimplicit-function-declaration]
  turnOnBlueLED();
  ^~~~~~~~~~~~~
../src/main.c:35:2: warning: implicit declaration of function 'init_rtsr'; did you mean 'init_systick'? [-Wimplicit-function-declaration]
  init_rtsr();
  ^~~~~~~~~
  init_systick
../src/main.c:36:2: warning: implicit declaration of function 'init_imr'; did you mean 'init_systick'? [-Wimplicit-function-declaration]
  init_imr();
  ^~~~~~~~
  init_systick
../src/main.c:37:2: warning: implicit declaration of function 'init_iser'; did you mean 'init_systick'? [-Wimplicit-function-declaration]
  init_iser();
  ^~~~~~~~~
  init_systick
Finished building: ../src/main.c
 
Building target: Lab4.elf
Invoking: MCU GCC Linker
arm-none-eabi-gcc -mcpu=cortex-m0 -mthumb -mfloat-abi=soft -T"/home/shay/a/fu216/workspace/stm32f0_test/Lab4/Lab4/LinkerScript.ld" -Wl,-Map=output.map -Wl,--gc-sections -o "Lab4.elf" @"objects.list" /home/shay/a/fu216/workspace/stm32f0_test/Lab4/Lab4/src/autotest.o  -lm
Finished building target: Lab4.elf
 
make --no-print-directory post-build
Generating binary and Printing size information:
arm-none-eabi-objcopy -O binary "Lab4.elf" "Lab4.bin"
arm-none-eabi-size "Lab4.elf"
   text	   data	    bss	    dec	    hex	filename
   1552	   1080	    204	   2836	    b14	Lab4.elf
 
16:11:50 **** Incremental Build of configuration Debug for project Lab4 ****
make -j8 all 
Building file: ../src/main.c
Invoking: MCU GCC Compiler
/home/shay/a/fu216/workspace/stm32f0_test/Lab4/Lab4/Debug
arm-none-eabi-gcc -mcpu=cortex-m0 -mthumb -mfloat-abi=soft -DSTM32 -DSTM32F0 -DSTM32F051R8Tx -DSTM32F0DISCOVERY -DDEBUG -DSTM32F051 -DUSE_STDPERIPH_DRIVER -I"/home/shay/a/fu216/workspace/stm32f0_test/Lab4/Lab4/Utilities" -I"/home/shay/a/fu216/workspace/stm32f0_test/Lab4/Lab4/StdPeriph_Driver/inc" -I"/home/shay/a/fu216/workspace/stm32f0_test/Lab4/Lab4/inc" -I"/home/shay/a/fu216/workspace/stm32f0_test/Lab4/Lab4/CMSIS/device" -I"/home/shay/a/fu216/workspace/stm32f0_test/Lab4/Lab4/CMSIS/core" -O0 -g3 -Wall -fmessage-length=0 -ffunction-sections -c -MMD -MP -MF"src/main.d" -MT"src/main.o" -o "src/main.o" "../src/main.c"
../src/main.c: In function 'reaction_timer':
../src/main.c:34:2: warning: implicit declaration of function 'turnOnBlueLED' [-Wimplicit-function-declaration]
  turnOnBlueLED();
  ^~~~~~~~~~~~~
../src/main.c:35:2: warning: implicit declaration of function 'init_rtsr'; did you mean 'init_systick'? [-Wimplicit-function-declaration]
  init_rtsr();
  ^~~~~~~~~
  init_systick
../src/main.c:36:2: warning: implicit declaration of function 'init_imr'; did you mean 'init_systick'? [-Wimplicit-function-declaration]
  init_imr();
  ^~~~~~~~
  init_systick
../src/main.c:37:2: warning: implicit declaration of function 'init_iser'; did you mean 'init_systick'? [-Wimplicit-function-declaration]
  init_iser();
  ^~~~~~~~~
  init_systick
Finished building: ../src/main.c
 
Building target: Lab4.elf
Invoking: MCU GCC Linker
arm-none-eabi-gcc -mcpu=cortex-m0 -mthumb -mfloat-abi=soft -T"/home/shay/a/fu216/workspace/stm32f0_test/Lab4/Lab4/LinkerScript.ld" -Wl,-Map=output.map -Wl,--gc-sections -o "Lab4.elf" @"objects.list" /home/shay/a/fu216/workspace/stm32f0_test/Lab4/Lab4/src/autotest.o  -lm
Finished building target: Lab4.elf
 
make --no-print-directory post-build
Generating binary and Printing size information:
arm-none-eabi-objcopy -O binary "Lab4.elf" "Lab4.bin"
arm-none-eabi-size "Lab4.elf"
   text	   data	    bss	    dec	    hex	filename
   1552	   1080	    204	   2836	    b14	Lab4.elf
 
16:11:59 **** Incremental Build of configuration Debug for project Lab4 ****
make -j8 all 
Building file: ../src/main.c
Invoking: MCU GCC Compiler
/home/shay/a/fu216/workspace/stm32f0_test/Lab4/Lab4/Debug
arm-none-eabi-gcc -mcpu=cortex-m0 -mthumb -mfloat-abi=soft -DSTM32 -DSTM32F0 -DSTM32F051R8Tx -DSTM32F0DISCOVERY -DDEBUG -DSTM32F051 -DUSE_STDPERIPH_DRIVER -I"/home/shay/a/fu216/workspace/stm32f0_test/Lab4/Lab4/Utilities" -I"/home/shay/a/fu216/workspace/stm32f0_test/Lab4/Lab4/StdPeriph_Driver/inc" -I"/home/shay/a/fu216/workspace/stm32f0_test/Lab4/Lab4/inc" -I"/home/shay/a/fu216/workspace/stm32f0_test/Lab4/Lab4/CMSIS/device" -I"/home/shay/a/fu216/workspace/stm32f0_test/Lab4/Lab4/CMSIS/core" -O0 -g3 -Wall -fmessage-length=0 -ffunction-sections -c -MMD -MP -MF"src/main.d" -MT"src/main.o" -o "src/main.o" "../src/main.c"
../src/main.c: In function 'reaction_timer':
../src/main.c:34:2: warning: implicit declaration of function 'turnOnBlueLED' [-Wimplicit-function-declaration]
  turnOnBlueLED();
  ^~~~~~~~~~~~~
../src/main.c:35:2: warning: implicit declaration of function 'init_rtsr'; did you mean 'init_systick'? [-Wimplicit-function-declaration]
  init_rtsr();
  ^~~~~~~~~
  init_systick
../src/main.c:36:2: warning: implicit declaration of function 'init_imr'; did you mean 'init_systick'? [-Wimplicit-function-declaration]
  init_imr();
  ^~~~~~~~
  init_systick
../src/main.c:37:2: warning: implicit declaration of function 'init_iser'; did you mean 'init_systick'? [-Wimplicit-function-declaration]
  init_iser();
  ^~~~~~~~~
  init_systick
Finished building: ../src/main.c
 
Building target: Lab4.elf
Invoking: MCU GCC Linker
arm-none-eabi-gcc -mcpu=cortex-m0 -mthumb -mfloat-abi=soft -T"/home/shay/a/fu216/workspace/stm32f0_test/Lab4/Lab4/LinkerScript.ld" -Wl,-Map=output.map -Wl,--gc-sections -o "Lab4.elf" @"objects.list" /home/shay/a/fu216/workspace/stm32f0_test/Lab4/Lab4/src/autotest.o  -lm
Finished building target: Lab4.elf
 
make --no-print-directory post-build
Generating binary and Printing size information:
arm-none-eabi-objcopy -O binary "Lab4.elf" "Lab4.bin"
arm-none-eabi-size "Lab4.elf"
   text	   data	    bss	    dec	    hex	filename
   1552	   1080	    204	   2836	    b14	Lab4.elf
 
16:12:06 **** Incremental Build of configuration Debug for project Lab4 ****
make -j8 all 
Building file: ../src/main.c
Invoking: MCU GCC Compiler
/home/shay/a/fu216/workspace/stm32f0_test/Lab4/Lab4/Debug
arm-none-eabi-gcc -mcpu=cortex-m0 -mthumb -mfloat-abi=soft -DSTM32 -DSTM32F0 -DSTM32F051R8Tx -DSTM32F0DISCOVERY -DDEBUG -DSTM32F051 -DUSE_STDPERIPH_DRIVER -I"/home/shay/a/fu216/workspace/stm32f0_test/Lab4/Lab4/Utilities" -I"/home/shay/a/fu216/workspace/stm32f0_test/Lab4/Lab4/StdPeriph_Driver/inc" -I"/home/shay/a/fu216/workspace/stm32f0_test/Lab4/Lab4/inc" -I"/home/shay/a/fu216/workspace/stm32f0_test/Lab4/Lab4/CMSIS/device" -I"/home/shay/a/fu216/workspace/stm32f0_test/Lab4/Lab4/CMSIS/core" -O0 -g3 -Wall -fmessage-length=0 -ffunction-sections -c -MMD -MP -MF"src/main.d" -MT"src/main.o" -o "src/main.o" "../src/main.c"
../src/main.c: In function 'reaction_timer':
../src/main.c:34:2: warning: implicit declaration of function 'turnOnBlueLED' [-Wimplicit-function-declaration]
  turnOnBlueLED();
  ^~~~~~~~~~~~~
../src/main.c:35:2: warning: implicit declaration of function 'init_rtsr'; did you mean 'init_systick'? [-Wimplicit-function-declaration]
  init_rtsr();
  ^~~~~~~~~
  init_systick
../src/main.c:36:2: warning: implicit declaration of function 'init_imr'; did you mean 'init_systick'? [-Wimplicit-function-declaration]
  init_imr();
  ^~~~~~~~
  init_systick
../src/main.c:37:2: warning: implicit declaration of function 'init_iser'; did you mean 'init_systick'? [-Wimplicit-function-declaration]
  init_iser();
  ^~~~~~~~~
  init_systick
Finished building: ../src/main.c
 
Building target: Lab4.elf
Invoking: MCU GCC Linker
arm-none-eabi-gcc -mcpu=cortex-m0 -mthumb -mfloat-abi=soft -T"/home/shay/a/fu216/workspace/stm32f0_test/Lab4/Lab4/LinkerScript.ld" -Wl,-Map=output.map -Wl,--gc-sections -o "Lab4.elf" @"objects.list" /home/shay/a/fu216/workspace/stm32f0_test/Lab4/Lab4/src/autotest.o  -lm
Finished building target: Lab4.elf
 
make --no-print-directory post-build
Generating binary and Printing size information:
arm-none-eabi-objcopy -O binary "Lab4.elf" "Lab4.bin"
arm-none-eabi-size "Lab4.elf"
   text	   data	    bss	    dec	    hex	filename
   1576	   1080	    204	   2860	    b2c	Lab4.elf
 
16:12:18 **** Incremental Build of configuration Debug for project Lab4 ****
make -j8 all 
Building file: ../src/main.c
Invoking: MCU GCC Compiler
/home/shay/a/fu216/workspace/stm32f0_test/Lab4/Lab4/Debug
arm-none-eabi-gcc -mcpu=cortex-m0 -mthumb -mfloat-abi=soft -DSTM32 -DSTM32F0 -DSTM32F051R8Tx -DSTM32F0DISCOVERY -DDEBUG -DSTM32F051 -DUSE_STDPERIPH_DRIVER -I"/home/shay/a/fu216/workspace/stm32f0_test/Lab4/Lab4/Utilities" -I"/home/shay/a/fu216/workspace/stm32f0_test/Lab4/Lab4/StdPeriph_Driver/inc" -I"/home/shay/a/fu216/workspace/stm32f0_test/Lab4/Lab4/inc" -I"/home/shay/a/fu216/workspace/stm32f0_test/Lab4/Lab4/CMSIS/device" -I"/home/shay/a/fu216/workspace/stm32f0_test/Lab4/Lab4/CMSIS/core" -O0 -g3 -Wall -fmessage-length=0 -ffunction-sections -c -MMD -MP -MF"src/main.d" -MT"src/main.o" -o "src/main.o" "../src/main.c"
../src/main.c: In function 'reaction_timer':
../src/main.c:34:2: warning: implicit declaration of function 'turnOnBlueLED' [-Wimplicit-function-declaration]
  turnOnBlueLED();
  ^~~~~~~~~~~~~
../src/main.c:35:2: warning: implicit declaration of function 'init_rtsr'; did you mean 'init_systick'? [-Wimplicit-function-declaration]
  init_rtsr();
  ^~~~~~~~~
  init_systick
../src/main.c:36:2: warning: implicit declaration of function 'init_imr'; did you mean 'init_systick'? [-Wimplicit-function-declaration]
  init_imr();
  ^~~~~~~~
  init_systick
../src/main.c:37:2: warning: implicit declaration of function 'init_iser'; did you mean 'init_systick'? [-Wimplicit-function-declaration]
  init_iser();
  ^~~~~~~~~
  init_systick
Finished building: ../src/main.c
 
Building target: Lab4.elf
Invoking: MCU GCC Linker
arm-none-eabi-gcc -mcpu=cortex-m0 -mthumb -mfloat-abi=soft -T"/home/shay/a/fu216/workspace/stm32f0_test/Lab4/Lab4/LinkerScript.ld" -Wl,-Map=output.map -Wl,--gc-sections -o "Lab4.elf" @"objects.list" /home/shay/a/fu216/workspace/stm32f0_test/Lab4/Lab4/src/autotest.o  -lm
Finished building target: Lab4.elf
 
make --no-print-directory post-build
Generating binary and Printing size information:
arm-none-eabi-objcopy -O binary "Lab4.elf" "Lab4.bin"
arm-none-eabi-size "Lab4.elf"
   text	   data	    bss	    dec	    hex	filename
   1424	   1080	    204	   2708	    a94	Lab4.elf
 
16:12:29 **** Incremental Build of configuration Debug for project Lab4 ****
make -j8 all 
Building file: ../src/main.c
Invoking: MCU GCC Compiler
/home/shay/a/fu216/workspace/stm32f0_test/Lab4/Lab4/Debug
arm-none-eabi-gcc -mcpu=cortex-m0 -mthumb -mfloat-abi=soft -DSTM32 -DSTM32F0 -DSTM32F051R8Tx -DSTM32F0DISCOVERY -DDEBUG -DSTM32F051 -DUSE_STDPERIPH_DRIVER -I"/home/shay/a/fu216/workspace/stm32f0_test/Lab4/Lab4/Utilities" -I"/home/shay/a/fu216/workspace/stm32f0_test/Lab4/Lab4/StdPeriph_Driver/inc" -I"/home/shay/a/fu216/workspace/stm32f0_test/Lab4/Lab4/inc" -I"/home/shay/a/fu216/workspace/stm32f0_test/Lab4/Lab4/CMSIS/device" -I"/home/shay/a/fu216/workspace/stm32f0_test/Lab4/Lab4/CMSIS/core" -O0 -g3 -Wall -fmessage-length=0 -ffunction-sections -c -MMD -MP -MF"src/main.d" -MT"src/main.o" -o "src/main.o" "../src/main.c"
../src/main.c: In function 'reaction_timer':
../src/main.c:34:2: warning: implicit declaration of function 'turnOnBlueLED' [-Wimplicit-function-declaration]
  turnOnBlueLED();
  ^~~~~~~~~~~~~
../src/main.c:35:2: warning: implicit declaration of function 'init_rtsr'; did you mean 'init_systick'? [-Wimplicit-function-declaration]
  init_rtsr();
  ^~~~~~~~~
  init_systick
../src/main.c:36:2: warning: implicit declaration of function 'init_imr'; did you mean 'init_systick'? [-Wimplicit-function-declaration]
  init_imr();
  ^~~~~~~~
  init_systick
../src/main.c:37:2: warning: implicit declaration of function 'init_iser'; did you mean 'init_systick'? [-Wimplicit-function-declaration]
  init_iser();
  ^~~~~~~~~
  init_systick
Finished building: ../src/main.c
 
Building target: Lab4.elf
Invoking: MCU GCC Linker
arm-none-eabi-gcc -mcpu=cortex-m0 -mthumb -mfloat-abi=soft -T"/home/shay/a/fu216/workspace/stm32f0_test/Lab4/Lab4/LinkerScript.ld" -Wl,-Map=output.map -Wl,--gc-sections -o "Lab4.elf" @"objects.list" /home/shay/a/fu216/workspace/stm32f0_test/Lab4/Lab4/src/autotest.o  -lm
Finished building target: Lab4.elf
 
make --no-print-directory post-build
Generating binary and Printing size information:
arm-none-eabi-objcopy -O binary "Lab4.elf" "Lab4.bin"
arm-none-eabi-size "Lab4.elf"
   text	   data	    bss	    dec	    hex	filename
   1352	   1080	    204	   2636	    a4c	Lab4.elf
 
16:13:42 **** Incremental Build of configuration Debug for project Lab4 ****
make -j8 all 
make: Nothing to be done for 'all'.
16:18:52 **** Incremental Build of configuration Debug for project Lab4 ****
make -j8 all 
Building file: ../src/lab4.s
Invoking: MCU GCC Assembler
Building file: ../src/main.c
/home/shay/a/fu216/workspace/stm32f0_test/Lab4/Lab4/Debug
Invoking: MCU GCC Compiler
arm-none-eabi-as -mcpu=cortex-m0 -mthumb -mfloat-abi=soft -I"/home/shay/a/fu216/workspace/stm32f0_test/Lab4/Lab4/Utilities" -I"/home/shay/a/fu216/workspace/stm32f0_test/Lab4/Lab4/StdPeriph_Driver/inc" -I"/home/shay/a/fu216/workspace/stm32f0_test/Lab4/Lab4/inc" -I"/home/shay/a/fu216/workspace/stm32f0_test/Lab4/Lab4/CMSIS/device" -I"/home/shay/a/fu216/workspace/stm32f0_test/Lab4/Lab4/CMSIS/core" -g -o "src/lab4.o" "../src/lab4.s"
/home/shay/a/fu216/workspace/stm32f0_test/Lab4/Lab4/Debug
arm-none-eabi-gcc -mcpu=cortex-m0 -mthumb -mfloat-abi=soft -DSTM32 -DSTM32F0 -DSTM32F051R8Tx -DSTM32F0DISCOVERY -DDEBUG -DSTM32F051 -DUSE_STDPERIPH_DRIVER -I"/home/shay/a/fu216/workspace/stm32f0_test/Lab4/Lab4/Utilities" -I"/home/shay/a/fu216/workspace/stm32f0_test/Lab4/Lab4/StdPeriph_Driver/inc" -I"/home/shay/a/fu216/workspace/stm32f0_test/Lab4/Lab4/inc" -I"/home/shay/a/fu216/workspace/stm32f0_test/Lab4/Lab4/CMSIS/device" -I"/home/shay/a/fu216/workspace/stm32f0_test/Lab4/Lab4/CMSIS/core" -O0 -g3 -Wall -fmessage-length=0 -ffunction-sections -c -MMD -MP -MF"src/main.d" -MT"src/main.o" -o "src/main.o" "../src/main.c"
Finished building: ../src/lab4.s
 
../src/main.c: In function 'reaction_timer':
../src/main.c:34:2: warning: implicit declaration of function 'turnOnBlueLED' [-Wimplicit-function-declaration]
  turnOnBlueLED();
  ^~~~~~~~~~~~~
../src/main.c:35:2: warning: implicit declaration of function 'init_rtsr'; did you mean 'init_systick'? [-Wimplicit-function-declaration]
  init_rtsr();
  ^~~~~~~~~
  init_systick
../src/main.c:36:2: warning: implicit declaration of function 'init_imr'; did you mean 'init_systick'? [-Wimplicit-function-declaration]
  init_imr();
  ^~~~~~~~
  init_systick
../src/main.c:37:2: warning: implicit declaration of function 'init_iser'; did you mean 'init_systick'? [-Wimplicit-function-declaration]
  init_iser();
  ^~~~~~~~~
  init_systick
Finished building: ../src/main.c
 
Building target: Lab4.elf
Invoking: MCU GCC Linker
arm-none-eabi-gcc -mcpu=cortex-m0 -mthumb -mfloat-abi=soft -T"/home/shay/a/fu216/workspace/stm32f0_test/Lab4/Lab4/LinkerScript.ld" -Wl,-Map=output.map -Wl,--gc-sections -o "Lab4.elf" @"objects.list" /home/shay/a/fu216/workspace/stm32f0_test/Lab4/Lab4/src/autotest.o  -lm
Finished building target: Lab4.elf
 
make --no-print-directory post-build
Generating binary and Printing size information:
arm-none-eabi-objcopy -O binary "Lab4.elf" "Lab4.bin"
arm-none-eabi-size "Lab4.elf"
   text	   data	    bss	    dec	    hex	filename
   1356	   1080	    204	   2640	    a50	Lab4.elf
 
16:19:54 **** Incremental Build of configuration Debug for project Lab4 ****
make -j8 all 
Building file: ../src/lab4.s
Invoking: MCU GCC Assembler
/home/shay/a/fu216/workspace/stm32f0_test/Lab4/Lab4/Debug
arm-none-eabi-as -mcpu=cortex-m0 -mthumb -mfloat-abi=soft -I"/home/shay/a/fu216/workspace/stm32f0_test/Lab4/Lab4/Utilities" -I"/home/shay/a/fu216/workspace/stm32f0_test/Lab4/Lab4/StdPeriph_Driver/inc" -I"/home/shay/a/fu216/workspace/stm32f0_test/Lab4/Lab4/inc" -I"/home/shay/a/fu216/workspace/stm32f0_test/Lab4/Lab4/CMSIS/device" -I"/home/shay/a/fu216/workspace/stm32f0_test/Lab4/Lab4/CMSIS/core" -g -o "src/lab4.o" "../src/lab4.s"
Finished building: ../src/lab4.s
 
Building target: Lab4.elf
Invoking: MCU GCC Linker
arm-none-eabi-gcc -mcpu=cortex-m0 -mthumb -mfloat-abi=soft -T"/home/shay/a/fu216/workspace/stm32f0_test/Lab4/Lab4/LinkerScript.ld" -Wl,-Map=output.map -Wl,--gc-sections -o "Lab4.elf" @"objects.list" /home/shay/a/fu216/workspace/stm32f0_test/Lab4/Lab4/src/autotest.o  -lm
Finished building target: Lab4.elf
 
make --no-print-directory post-build
Generating binary and Printing size information:
arm-none-eabi-objcopy -O binary "Lab4.elf" "Lab4.bin"
arm-none-eabi-size "Lab4.elf"
   text	   data	    bss	    dec	    hex	filename
   1364	   1080	    204	   2648	    a58	Lab4.elf
 
16:36:18 **** Incremental Build of configuration Debug for project Lab4 ****
make -j8 all 
Building file: ../src/lab4.s
Invoking: MCU GCC Assembler
Building file: ../src/main.c
/home/shay/a/fu216/workspace/stm32f0_test/Lab4/Lab4/Debug
arm-none-eabi-as -mcpu=cortex-m0 -mthumb -mfloat-abi=soft -I"/home/shay/a/fu216/workspace/stm32f0_test/Lab4/Lab4/Utilities" -I"/home/shay/a/fu216/workspace/stm32f0_test/Lab4/Lab4/StdPeriph_Driver/inc" -I"/home/shay/a/fu216/workspace/stm32f0_test/Lab4/Lab4/inc" -I"/home/shay/a/fu216/workspace/stm32f0_test/Lab4/Lab4/CMSIS/device" -I"/home/shay/a/fu216/workspace/stm32f0_test/Lab4/Lab4/CMSIS/core" -g -o "src/lab4.o" "../src/lab4.s"
Invoking: MCU GCC Compiler
/home/shay/a/fu216/workspace/stm32f0_test/Lab4/Lab4/Debug
arm-none-eabi-gcc -mcpu=cortex-m0 -mthumb -mfloat-abi=soft -DSTM32 -DSTM32F0 -DSTM32F051R8Tx -DSTM32F0DISCOVERY -DDEBUG -DSTM32F051 -DUSE_STDPERIPH_DRIVER -I"/home/shay/a/fu216/workspace/stm32f0_test/Lab4/Lab4/Utilities" -I"/home/shay/a/fu216/workspace/stm32f0_test/Lab4/Lab4/StdPeriph_Driver/inc" -I"/home/shay/a/fu216/workspace/stm32f0_test/Lab4/Lab4/inc" -I"/home/shay/a/fu216/workspace/stm32f0_test/Lab4/Lab4/CMSIS/device" -I"/home/shay/a/fu216/workspace/stm32f0_test/Lab4/Lab4/CMSIS/core" -O0 -g3 -Wall -fmessage-length=0 -ffunction-sections -c -MMD -MP -MF"src/main.d" -MT"src/main.o" -o "src/main.o" "../src/main.c"
../src/lab4.s: Assembler messages:
../src/lab4.s:268: Error: bad arguments to instruction -- `neg r2'
make: *** [src/lab4.o] Error 1
src/subdir.mk:33: recipe for target 'src/lab4.o' failed
make: *** Waiting for unfinished jobs....
../src/main.c: In function 'reaction_timer':
../src/main.c:34:2: warning: implicit declaration of function 'turnOnBlueLED' [-Wimplicit-function-declaration]
  turnOnBlueLED();
  ^~~~~~~~~~~~~
../src/main.c:35:2: warning: implicit declaration of function 'init_rtsr'; did you mean 'init_systick'? [-Wimplicit-function-declaration]
  init_rtsr();
  ^~~~~~~~~
  init_systick
../src/main.c:36:2: warning: implicit declaration of function 'init_imr'; did you mean 'init_systick'? [-Wimplicit-function-declaration]
  init_imr();
  ^~~~~~~~
  init_systick
../src/main.c:37:2: warning: implicit declaration of function 'init_iser'; did you mean 'init_systick'? [-Wimplicit-function-declaration]
  init_iser();
  ^~~~~~~~~
  init_systick
Finished building: ../src/main.c
 
16:36:28 **** Incremental Build of configuration Debug for project Lab4 ****
make -j8 all 
Building file: ../src/lab4.s
Invoking: MCU GCC Assembler
/home/shay/a/fu216/workspace/stm32f0_test/Lab4/Lab4/Debug
arm-none-eabi-as -mcpu=cortex-m0 -mthumb -mfloat-abi=soft -I"/home/shay/a/fu216/workspace/stm32f0_test/Lab4/Lab4/Utilities" -I"/home/shay/a/fu216/workspace/stm32f0_test/Lab4/Lab4/StdPeriph_Driver/inc" -I"/home/shay/a/fu216/workspace/stm32f0_test/Lab4/Lab4/inc" -I"/home/shay/a/fu216/workspace/stm32f0_test/Lab4/Lab4/CMSIS/device" -I"/home/shay/a/fu216/workspace/stm32f0_test/Lab4/Lab4/CMSIS/core" -g -o "src/lab4.o" "../src/lab4.s"
Finished building: ../src/lab4.s
 
Building target: Lab4.elf
Invoking: MCU GCC Linker
arm-none-eabi-gcc -mcpu=cortex-m0 -mthumb -mfloat-abi=soft -T"/home/shay/a/fu216/workspace/stm32f0_test/Lab4/Lab4/LinkerScript.ld" -Wl,-Map=output.map -Wl,--gc-sections -o "Lab4.elf" @"objects.list" /home/shay/a/fu216/workspace/stm32f0_test/Lab4/Lab4/src/autotest.o  -lm
Finished building target: Lab4.elf
 
make --no-print-directory post-build
Generating binary and Printing size information:
arm-none-eabi-objcopy -O binary "Lab4.elf" "Lab4.bin"
arm-none-eabi-size "Lab4.elf"
   text	   data	    bss	    dec	    hex	filename
   1436	   1080	    204	   2720	    aa0	Lab4.elf
 
16:39:30 **** Incremental Build of configuration Debug for project Lab4 ****
make -j8 all 
Building file: ../src/lab4.s
Invoking: MCU GCC Assembler
/home/shay/a/fu216/workspace/stm32f0_test/Lab4/Lab4/Debug
arm-none-eabi-as -mcpu=cortex-m0 -mthumb -mfloat-abi=soft -I"/home/shay/a/fu216/workspace/stm32f0_test/Lab4/Lab4/Utilities" -I"/home/shay/a/fu216/workspace/stm32f0_test/Lab4/Lab4/StdPeriph_Driver/inc" -I"/home/shay/a/fu216/workspace/stm32f0_test/Lab4/Lab4/inc" -I"/home/shay/a/fu216/workspace/stm32f0_test/Lab4/Lab4/CMSIS/device" -I"/home/shay/a/fu216/workspace/stm32f0_test/Lab4/Lab4/CMSIS/core" -g -o "src/lab4.o" "../src/lab4.s"
Finished building: ../src/lab4.s
 
Building target: Lab4.elf
Invoking: MCU GCC Linker
arm-none-eabi-gcc -mcpu=cortex-m0 -mthumb -mfloat-abi=soft -T"/home/shay/a/fu216/workspace/stm32f0_test/Lab4/Lab4/LinkerScript.ld" -Wl,-Map=output.map -Wl,--gc-sections -o "Lab4.elf" @"objects.list" /home/shay/a/fu216/workspace/stm32f0_test/Lab4/Lab4/src/autotest.o  -lm
Finished building target: Lab4.elf
 
make --no-print-directory post-build
Generating binary and Printing size information:
arm-none-eabi-objcopy -O binary "Lab4.elf" "Lab4.bin"
arm-none-eabi-size "Lab4.elf"
   text	   data	    bss	    dec	    hex	filename
   1448	   1080	    204	   2732	    aac	Lab4.elf
 
16:39:58 **** Incremental Build of configuration Debug for project Lab4 ****
make -j8 all 
Building file: ../src/lab4.s
Invoking: MCU GCC Assembler
/home/shay/a/fu216/workspace/stm32f0_test/Lab4/Lab4/Debug
arm-none-eabi-as -mcpu=cortex-m0 -mthumb -mfloat-abi=soft -I"/home/shay/a/fu216/workspace/stm32f0_test/Lab4/Lab4/Utilities" -I"/home/shay/a/fu216/workspace/stm32f0_test/Lab4/Lab4/StdPeriph_Driver/inc" -I"/home/shay/a/fu216/workspace/stm32f0_test/Lab4/Lab4/inc" -I"/home/shay/a/fu216/workspace/stm32f0_test/Lab4/Lab4/CMSIS/device" -I"/home/shay/a/fu216/workspace/stm32f0_test/Lab4/Lab4/CMSIS/core" -g -o "src/lab4.o" "../src/lab4.s"
Finished building: ../src/lab4.s
 
Building target: Lab4.elf
Invoking: MCU GCC Linker
arm-none-eabi-gcc -mcpu=cortex-m0 -mthumb -mfloat-abi=soft -T"/home/shay/a/fu216/workspace/stm32f0_test/Lab4/Lab4/LinkerScript.ld" -Wl,-Map=output.map -Wl,--gc-sections -o "Lab4.elf" @"objects.list" /home/shay/a/fu216/workspace/stm32f0_test/Lab4/Lab4/src/autotest.o  -lm
Finished building target: Lab4.elf
 
make --no-print-directory post-build
Generating binary and Printing size information:
arm-none-eabi-objcopy -O binary "Lab4.elf" "Lab4.bin"
arm-none-eabi-size "Lab4.elf"
   text	   data	    bss	    dec	    hex	filename
   1444	   1080	    204	   2728	    aa8	Lab4.elf
 
16:42:41 **** Incremental Build of configuration Debug for project Lab4 ****
make -j8 all 
make: Nothing to be done for 'all'.
16:43:55 **** Incremental Build of configuration Debug for project Lab4 ****
make -j8 all 
Building file: ../src/lab4.s
Invoking: MCU GCC Assembler
/home/shay/a/fu216/workspace/stm32f0_test/Lab4/Lab4/Debug
arm-none-eabi-as -mcpu=cortex-m0 -mthumb -mfloat-abi=soft -I"/home/shay/a/fu216/workspace/stm32f0_test/Lab4/Lab4/Utilities" -I"/home/shay/a/fu216/workspace/stm32f0_test/Lab4/Lab4/StdPeriph_Driver/inc" -I"/home/shay/a/fu216/workspace/stm32f0_test/Lab4/Lab4/inc" -I"/home/shay/a/fu216/workspace/stm32f0_test/Lab4/Lab4/CMSIS/device" -I"/home/shay/a/fu216/workspace/stm32f0_test/Lab4/Lab4/CMSIS/core" -g -o "src/lab4.o" "../src/lab4.s"
../src/lab4.s: Assembler messages:
../src/lab4.s:273: Error: bad arguments to instruction -- `mvns r2'
make: *** [src/lab4.o] Error 1
src/subdir.mk:33: recipe for target 'src/lab4.o' failed
16:44:19 **** Incremental Build of configuration Debug for project Lab4 ****
make -j8 all 
Building file: ../src/lab4.s
Invoking: MCU GCC Assembler
/home/shay/a/fu216/workspace/stm32f0_test/Lab4/Lab4/Debug
arm-none-eabi-as -mcpu=cortex-m0 -mthumb -mfloat-abi=soft -I"/home/shay/a/fu216/workspace/stm32f0_test/Lab4/Lab4/Utilities" -I"/home/shay/a/fu216/workspace/stm32f0_test/Lab4/Lab4/StdPeriph_Driver/inc" -I"/home/shay/a/fu216/workspace/stm32f0_test/Lab4/Lab4/inc" -I"/home/shay/a/fu216/workspace/stm32f0_test/Lab4/Lab4/CMSIS/device" -I"/home/shay/a/fu216/workspace/stm32f0_test/Lab4/Lab4/CMSIS/core" -g -o "src/lab4.o" "../src/lab4.s"
Finished building: ../src/lab4.s
 
Building target: Lab4.elf
Invoking: MCU GCC Linker
arm-none-eabi-gcc -mcpu=cortex-m0 -mthumb -mfloat-abi=soft -T"/home/shay/a/fu216/workspace/stm32f0_test/Lab4/Lab4/LinkerScript.ld" -Wl,-Map=output.map -Wl,--gc-sections -o "Lab4.elf" @"objects.list" /home/shay/a/fu216/workspace/stm32f0_test/Lab4/Lab4/src/autotest.o  -lm
Finished building target: Lab4.elf
 
make --no-print-directory post-build
Generating binary and Printing size information:
arm-none-eabi-objcopy -O binary "Lab4.elf" "Lab4.bin"
arm-none-eabi-size "Lab4.elf"
   text	   data	    bss	    dec	    hex	filename
   1444	   1080	    204	   2728	    aa8	Lab4.elf
 
16:47:57 **** Incremental Build of configuration Debug for project Lab4 ****
make -j8 all 
Building file: ../src/main.c
Invoking: MCU GCC Compiler
/home/shay/a/fu216/workspace/stm32f0_test/Lab4/Lab4/Debug
arm-none-eabi-gcc -mcpu=cortex-m0 -mthumb -mfloat-abi=soft -DSTM32 -DSTM32F0 -DSTM32F051R8Tx -DSTM32F0DISCOVERY -DDEBUG -DSTM32F051 -DUSE_STDPERIPH_DRIVER -I"/home/shay/a/fu216/workspace/stm32f0_test/Lab4/Lab4/Utilities" -I"/home/shay/a/fu216/workspace/stm32f0_test/Lab4/Lab4/StdPeriph_Driver/inc" -I"/home/shay/a/fu216/workspace/stm32f0_test/Lab4/Lab4/inc" -I"/home/shay/a/fu216/workspace/stm32f0_test/Lab4/Lab4/CMSIS/device" -I"/home/shay/a/fu216/workspace/stm32f0_test/Lab4/Lab4/CMSIS/core" -O0 -g3 -Wall -fmessage-length=0 -ffunction-sections -c -MMD -MP -MF"src/main.d" -MT"src/main.o" -o "src/main.o" "../src/main.c"
../src/main.c: In function 'reaction_timer':
../src/main.c:34:2: warning: implicit declaration of function 'turnOnBlueLED' [-Wimplicit-function-declaration]
  turnOnBlueLED();
  ^~~~~~~~~~~~~
../src/main.c:35:2: warning: implicit declaration of function 'init_rtsr'; did you mean 'init_systick'? [-Wimplicit-function-declaration]
  init_rtsr();
  ^~~~~~~~~
  init_systick
../src/main.c:36:2: warning: implicit declaration of function 'init_imr'; did you mean 'init_systick'? [-Wimplicit-function-declaration]
  init_imr();
  ^~~~~~~~
  init_systick
../src/main.c:37:2: warning: implicit declaration of function 'init_iser'; did you mean 'init_systick'? [-Wimplicit-function-declaration]
  init_iser();
  ^~~~~~~~~
  init_systick
../src/main.c:38:5: warning: implicit declaration of function 'enable_pb0'; did you mean '__enable_irq'? [-Wimplicit-function-declaration]
     enable_pb0();  // uncomment for last step
     ^~~~~~~~~~
     __enable_irq
Finished building: ../src/main.c
 
Building target: Lab4.elf
Invoking: MCU GCC Linker
arm-none-eabi-gcc -mcpu=cortex-m0 -mthumb -mfloat-abi=soft -T"/home/shay/a/fu216/workspace/stm32f0_test/Lab4/Lab4/LinkerScript.ld" -Wl,-Map=output.map -Wl,--gc-sections -o "Lab4.elf" @"objects.list" /home/shay/a/fu216/workspace/stm32f0_test/Lab4/Lab4/src/autotest.o  -lm
Finished building target: Lab4.elf
 
make --no-print-directory post-build
Generating binary and Printing size information:
arm-none-eabi-objcopy -O binary "Lab4.elf" "Lab4.bin"
arm-none-eabi-size "Lab4.elf"
   text	   data	    bss	    dec	    hex	filename
   1448	   1080	    204	   2732	    aac	Lab4.elf
 
